Experiment: GRU_Maj_GenBase
Total number of parameters: 1419776

gru:GRU_Maj_GenBase step 0 lr 3.000e-04 [train] loss 4.4246 acc 0.0078 (1.341 secs)
Evaluating on val
gru: GRU_Maj_GenBase[val] loss 4.2198 acc 0.0169 (14.609 secs)

Early Stopping!
gru:GRU_Maj_GenBase step 100 lr 3.000e-04 [train] loss 3.5142 acc 0.1990 (18.434 secs)
gru:GRU_Maj_GenBase step 200 lr 3.000e-04 [train] loss 2.3394 acc 0.4426 (1.480 secs)
gru:GRU_Maj_GenBase step 300 lr 3.000e-04 [train] loss 1.8218 acc 0.5270 (1.565 secs)
gru:GRU_Maj_GenBase step 400 lr 3.000e-04 [train] loss 1.5275 acc 0.5919 (1.685 secs)
gru:GRU_Maj_GenBase step 500 lr 3.000e-04 [train] loss 1.3477 acc 0.6302 (1.741 secs)
gru:GRU_Maj_GenBase step 600 lr 3.000e-04 [train] loss 1.1987 acc 0.6656 (1.802 secs)
gru:GRU_Maj_GenBase step 700 lr 3.000e-04 [train] loss 1.0775 acc 0.6929 (1.735 secs)
gru:GRU_Maj_GenBase step 800 lr 3.000e-04 [train] loss 0.9684 acc 0.7239 (1.662 secs)
gru:GRU_Maj_GenBase step 900 lr 3.000e-04 [train] loss 0.8720 acc 0.7425 (1.638 secs)
gru:GRU_Maj_GenBase step 1000 lr 3.000e-04 [train] loss 0.8091 acc 0.7636 (1.617 secs)
Evaluating on val
gru: GRU_Maj_GenBase[val] loss 2.1509 acc 0.3920 (14.812 secs)

Early Stopping!
gru:GRU_Maj_GenBase step 1100 lr 3.000e-04 [train] loss 0.7950 acc 0.7623 (17.157 secs)
gru:GRU_Maj_GenBase step 1200 lr 3.000e-04 [train] loss 0.7563 acc 0.7759 (1.717 secs)
gru:GRU_Maj_GenBase step 1300 lr 3.000e-04 [train] loss 0.6791 acc 0.7951 (1.971 secs)
gru:GRU_Maj_GenBase step 1400 lr 3.000e-04 [train] loss 0.6661 acc 0.7972 (1.978 secs)
gru:GRU_Maj_GenBase step 1500 lr 3.000e-04 [train] loss 0.6570 acc 0.7976 (1.742 secs)
gru:GRU_Maj_GenBase step 1600 lr 3.000e-04 [train] loss 0.6048 acc 0.8135 (1.732 secs)
gru:GRU_Maj_GenBase step 1700 lr 3.000e-04 [train] loss 0.5618 acc 0.8285 (1.720 secs)
gru:GRU_Maj_GenBase step 1800 lr 3.000e-04 [train] loss 0.5261 acc 0.8370 (1.663 secs)
gru:GRU_Maj_GenBase step 1900 lr 3.000e-04 [train] loss 0.5105 acc 0.8477 (1.545 secs)
gru:GRU_Maj_GenBase step 2000 lr 3.000e-04 [train] loss 0.5066 acc 0.8403 (1.606 secs)
Evaluating on val
gru: GRU_Maj_GenBase[val] loss 1.8245 acc 0.4557 (15.110 secs)

Early Stopping!
gru:GRU_Maj_GenBase step 2100 lr 3.000e-04 [train] loss 0.4638 acc 0.8536 (16.853 secs)
gru:GRU_Maj_GenBase step 2200 lr 3.000e-04 [train] loss 0.4699 acc 0.8520 (1.663 secs)
gru:GRU_Maj_GenBase step 2300 lr 3.000e-04 [train] loss 0.4977 acc 0.8424 (1.867 secs)
gru:GRU_Maj_GenBase step 2400 lr 3.000e-04 [train] loss 0.4702 acc 0.8518 (1.676 secs)
gru:GRU_Maj_GenBase step 2500 lr 3.000e-04 [train] loss 0.4599 acc 0.8542 (1.667 secs)
gru:GRU_Maj_GenBase step 2600 lr 3.000e-04 [train] loss 0.4263 acc 0.8614 (1.625 secs)
gru:GRU_Maj_GenBase step 2700 lr 3.000e-04 [train] loss 0.4110 acc 0.8723 (1.576 secs)
gru:GRU_Maj_GenBase step 2800 lr 3.000e-04 [train] loss 0.4408 acc 0.8538 (1.742 secs)
gru:GRU_Maj_GenBase step 2900 lr 3.000e-04 [train] loss 0.4130 acc 0.8720 (1.648 secs)
gru:GRU_Maj_GenBase step 3000 lr 3.000e-04 [train] loss 0.3434 acc 0.8934 (1.592 secs)
Evaluating on val
gru: GRU_Maj_GenBase[val] loss 1.7222 acc 0.4991 (15.531 secs)

Early Stopping!
gru:GRU_Maj_GenBase step 3100 lr 3.000e-04 [train] loss 0.4329 acc 0.8552 (17.528 secs)
gru:GRU_Maj_GenBase step 3200 lr 3.000e-04 [train] loss 0.4222 acc 0.8649 (1.786 secs)
gru:GRU_Maj_GenBase step 3300 lr 3.000e-04 [train] loss 0.4153 acc 0.8640 (1.693 secs)
gru:GRU_Maj_GenBase step 3400 lr 3.000e-04 [train] loss 0.4055 acc 0.8675 (1.669 secs)
gru:GRU_Maj_GenBase step 3500 lr 3.000e-04 [train] loss 0.3868 acc 0.8734 (1.843 secs)
gru:GRU_Maj_GenBase step 3600 lr 3.000e-04 [train] loss 0.3825 acc 0.8729 (1.743 secs)
gru:GRU_Maj_GenBase step 3700 lr 3.000e-04 [train] loss 0.3444 acc 0.8873 (1.579 secs)
gru:GRU_Maj_GenBase step 3800 lr 3.000e-04 [train] loss 0.3957 acc 0.8671 (1.779 secs)
gru:GRU_Maj_GenBase step 3900 lr 3.000e-04 [train] loss 0.3287 acc 0.8917 (1.567 secs)
gru:GRU_Maj_GenBase step 4000 lr 3.000e-04 [train] loss 0.3678 acc 0.8773 (1.636 secs)
Evaluating on val
gru: GRU_Maj_GenBase[val] loss 1.6709 acc 0.5097 (15.291 secs)

Early Stopping!
gru:GRU_Maj_GenBase step 4100 lr 3.000e-04 [train] loss 0.3654 acc 0.8780 (17.282 secs)
gru:GRU_Maj_GenBase step 4200 lr 3.000e-04 [train] loss 0.3175 acc 0.8931 (1.569 secs)
gru:GRU_Maj_GenBase step 4300 lr 3.000e-04 [train] loss 0.3295 acc 0.8890 (1.608 secs)
gru:GRU_Maj_GenBase step 4400 lr 3.000e-04 [train] loss 0.3646 acc 0.8755 (1.779 secs)
gru:GRU_Maj_GenBase step 4500 lr 3.000e-04 [train] loss 0.3721 acc 0.8715 (1.776 secs)
gru:GRU_Maj_GenBase step 4600 lr 3.000e-04 [train] loss 0.3282 acc 0.8896 (1.621 secs)
gru:GRU_Maj_GenBase step 4700 lr 3.000e-04 [train] loss 0.3366 acc 0.8825 (1.765 secs)
gru:GRU_Maj_GenBase step 4800 lr 3.000e-04 [train] loss 0.3363 acc 0.8837 (1.736 secs)
gru:GRU_Maj_GenBase step 4900 lr 3.000e-04 [train] loss 0.3412 acc 0.8857 (1.695 secs)
gru:GRU_Maj_GenBase step 5000 lr 3.000e-04 [train] loss 0.3138 acc 0.8921 (1.620 secs)
Evaluating on val
gru: GRU_Maj_GenBase[val] loss 1.4710 acc 0.5585 (15.295 secs)

Early Stopping!
gru:GRU_Maj_GenBase step 5100 lr 3.000e-04 [train] loss 0.3307 acc 0.8845 (17.165 secs)
gru:GRU_Maj_GenBase step 5200 lr 3.000e-04 [train] loss 0.3176 acc 0.8951 (1.711 secs)
gru:GRU_Maj_GenBase step 5300 lr 3.000e-04 [train] loss 0.2760 acc 0.9090 (1.606 secs)
gru:GRU_Maj_GenBase step 5400 lr 3.000e-04 [train] loss 0.2913 acc 0.9025 (1.657 secs)
gru:GRU_Maj_GenBase step 5500 lr 3.000e-04 [train] loss 0.3055 acc 0.8976 (1.890 secs)
gru:GRU_Maj_GenBase step 5600 lr 3.000e-04 [train] loss 0.3066 acc 0.8955 (2.042 secs)
gru:GRU_Maj_GenBase step 5700 lr 3.000e-04 [train] loss 0.3304 acc 0.8841 (1.785 secs)
gru:GRU_Maj_GenBase step 5800 lr 3.000e-04 [train] loss 0.3037 acc 0.8933 (1.645 secs)
gru:GRU_Maj_GenBase step 5900 lr 3.000e-04 [train] loss 0.2883 acc 0.8995 (1.662 secs)
gru:GRU_Maj_GenBase step 6000 lr 3.000e-04 [train] loss 0.2972 acc 0.8943 (1.737 secs)
Evaluating on val
gru: GRU_Maj_GenBase[val] loss 1.6513 acc 0.5275 (15.328 secs)

gru:GRU_Maj_GenBase step 6100 lr 3.000e-04 [train] loss 0.2679 acc 0.9100 (17.006 secs)
gru:GRU_Maj_GenBase step 6200 lr 3.000e-04 [train] loss 0.2808 acc 0.9029 (1.576 secs)
gru:GRU_Maj_GenBase step 6300 lr 3.000e-04 [train] loss 0.3194 acc 0.8879 (1.686 secs)
gru:GRU_Maj_GenBase step 6400 lr 3.000e-04 [train] loss 0.3134 acc 0.8901 (1.778 secs)
gru:GRU_Maj_GenBase step 6500 lr 3.000e-04 [train] loss 0.3178 acc 0.8870 (1.854 secs)
gru:GRU_Maj_GenBase step 6600 lr 3.000e-04 [train] loss 0.2752 acc 0.9073 (1.662 secs)
gru:GRU_Maj_GenBase step 6700 lr 3.000e-04 [train] loss 0.2682 acc 0.9090 (1.631 secs)
gru:GRU_Maj_GenBase step 6800 lr 3.000e-04 [train] loss 0.2822 acc 0.9057 (1.694 secs)
gru:GRU_Maj_GenBase step 6900 lr 3.000e-04 [train] loss 0.2384 acc 0.9205 (1.541 secs)
gru:GRU_Maj_GenBase step 7000 lr 3.000e-04 [train] loss 0.2848 acc 0.9027 (1.726 secs)
Evaluating on val
gru: GRU_Maj_GenBase[val] loss 1.5346 acc 0.5543 (15.329 secs)

gru:GRU_Maj_GenBase step 7100 lr 3.000e-04 [train] loss 0.2495 acc 0.9135 (17.051 secs)
gru:GRU_Maj_GenBase step 7200 lr 3.000e-04 [train] loss 0.2366 acc 0.9223 (1.513 secs)
gru:GRU_Maj_GenBase step 7300 lr 3.000e-04 [train] loss 0.2930 acc 0.8984 (1.835 secs)
gru:GRU_Maj_GenBase step 7400 lr 3.000e-04 [train] loss 0.2957 acc 0.8981 (1.745 secs)
gru:GRU_Maj_GenBase step 7500 lr 3.000e-04 [train] loss 0.2725 acc 0.9034 (1.637 secs)
gru:GRU_Maj_GenBase step 7600 lr 3.000e-04 [train] loss 0.2573 acc 0.9132 (1.653 secs)
gru:GRU_Maj_GenBase step 7700 lr 3.000e-04 [train] loss 0.2788 acc 0.9027 (1.853 secs)
gru:GRU_Maj_GenBase step 7800 lr 3.000e-04 [train] loss 0.2864 acc 0.9001 (1.747 secs)
gru:GRU_Maj_GenBase step 7900 lr 3.000e-04 [train] loss 0.3086 acc 0.8892 (2.019 secs)
gru:GRU_Maj_GenBase step 8000 lr 3.000e-04 [train] loss 0.2904 acc 0.8970 (1.778 secs)
Evaluating on val
gru: GRU_Maj_GenBase[val] loss 1.7280 acc 0.5191 (15.319 secs)

gru:GRU_Maj_GenBase step 8100 lr 3.000e-04 [train] loss 0.2485 acc 0.9149 (17.049 secs)
gru:GRU_Maj_GenBase step 8200 lr 3.000e-04 [train] loss 0.3153 acc 0.8865 (1.913 secs)
gru:GRU_Maj_GenBase step 8300 lr 3.000e-04 [train] loss 0.2670 acc 0.9064 (1.738 secs)
gru:GRU_Maj_GenBase step 8400 lr 3.000e-04 [train] loss 0.2379 acc 0.9178 (1.600 secs)
gru:GRU_Maj_GenBase step 8500 lr 3.000e-04 [train] loss 0.2534 acc 0.9130 (1.698 secs)
gru:GRU_Maj_GenBase step 8600 lr 3.000e-04 [train] loss 0.2577 acc 0.9100 (1.692 secs)
gru:GRU_Maj_GenBase step 8700 lr 3.000e-04 [train] loss 0.2240 acc 0.9247 (1.576 secs)
gru:GRU_Maj_GenBase step 8800 lr 3.000e-04 [train] loss 0.2642 acc 0.9087 (1.764 secs)
gru:GRU_Maj_GenBase step 8900 lr 3.000e-04 [train] loss 0.2572 acc 0.9089 (1.845 secs)
gru:GRU_Maj_GenBase step 9000 lr 3.000e-04 [train] loss 0.2418 acc 0.9184 (1.655 secs)
Evaluating on val
gru: GRU_Maj_GenBase[val] loss 1.4597 acc 0.5741 (15.329 secs)

Early Stopping!
gru:GRU_Maj_GenBase step 9100 lr 3.000e-04 [train] loss 0.2615 acc 0.9099 (17.230 secs)
gru:GRU_Maj_GenBase step 9200 lr 3.000e-04 [train] loss 0.2446 acc 0.9155 (1.695 secs)
gru:GRU_Maj_GenBase step 9300 lr 3.000e-04 [train] loss 0.2338 acc 0.9159 (1.655 secs)
gru:GRU_Maj_GenBase step 9400 lr 3.000e-04 [train] loss 0.2581 acc 0.9119 (1.828 secs)
gru:GRU_Maj_GenBase step 9500 lr 3.000e-04 [train] loss 0.2496 acc 0.9105 (1.722 secs)
gru:GRU_Maj_GenBase step 9600 lr 3.000e-04 [train] loss 0.2459 acc 0.9141 (1.771 secs)
gru:GRU_Maj_GenBase step 9700 lr 3.000e-04 [train] loss 0.2220 acc 0.9232 (1.658 secs)
gru:GRU_Maj_GenBase step 9800 lr 3.000e-04 [train] loss 0.2316 acc 0.9209 (1.683 secs)
gru:GRU_Maj_GenBase step 9900 lr 3.000e-04 [train] loss 0.2446 acc 0.9136 (1.667 secs)
gru:GRU_Maj_GenBase step 10000 lr 3.000e-04 [train] loss 0.2300 acc 0.9186 (1.689 secs)
Evaluating on val
gru: GRU_Maj_GenBase[val] loss 1.6969 acc 0.5373 (15.335 secs)

gru:GRU_Maj_GenBase step 10100 lr 3.000e-04 [train] loss 0.2276 acc 0.9198 (17.109 secs)
gru:GRU_Maj_GenBase step 10200 lr 3.000e-04 [train] loss 0.2398 acc 0.9176 (1.704 secs)
gru:GRU_Maj_GenBase step 10300 lr 3.000e-04 [train] loss 0.2384 acc 0.9168 (1.675 secs)
gru:GRU_Maj_GenBase step 10400 lr 3.000e-04 [train] loss 0.2317 acc 0.9209 (1.667 secs)
gru:GRU_Maj_GenBase step 10500 lr 3.000e-04 [train] loss 0.2421 acc 0.9170 (1.798 secs)
gru:GRU_Maj_GenBase step 10600 lr 3.000e-04 [train] loss 0.2561 acc 0.9098 (1.907 secs)
gru:GRU_Maj_GenBase step 10700 lr 3.000e-04 [train] loss 0.2242 acc 0.9196 (1.662 secs)
gru:GRU_Maj_GenBase step 10800 lr 3.000e-04 [train] loss 0.2301 acc 0.9197 (1.687 secs)
gru:GRU_Maj_GenBase step 10900 lr 3.000e-04 [train] loss 0.2238 acc 0.9239 (1.658 secs)
gru:GRU_Maj_GenBase step 11000 lr 3.000e-04 [train] loss 0.2365 acc 0.9156 (1.750 secs)
Evaluating on val
gru: GRU_Maj_GenBase[val] loss 1.3310 acc 0.6014 (15.328 secs)

Early Stopping!
gru:GRU_Maj_GenBase step 11100 lr 3.000e-04 [train] loss 0.2243 acc 0.9242 (17.335 secs)
gru:GRU_Maj_GenBase step 11200 lr 3.000e-04 [train] loss 0.2280 acc 0.9211 (1.685 secs)
gru:GRU_Maj_GenBase step 11300 lr 3.000e-04 [train] loss 0.2231 acc 0.9207 (1.612 secs)
gru:GRU_Maj_GenBase step 11400 lr 3.000e-04 [train] loss 0.1982 acc 0.9330 (1.592 secs)
gru:GRU_Maj_GenBase step 11500 lr 3.000e-04 [train] loss 0.2355 acc 0.9158 (1.762 secs)
gru:GRU_Maj_GenBase step 11600 lr 3.000e-04 [train] loss 0.2329 acc 0.9188 (1.780 secs)
gru:GRU_Maj_GenBase step 11700 lr 3.000e-04 [train] loss 0.1967 acc 0.9352 (1.633 secs)
gru:GRU_Maj_GenBase step 11800 lr 3.000e-04 [train] loss 0.2085 acc 0.9268 (1.753 secs)
gru:GRU_Maj_GenBase step 11900 lr 3.000e-04 [train] loss 0.1960 acc 0.9322 (1.653 secs)
gru:GRU_Maj_GenBase step 12000 lr 3.000e-04 [train] loss 0.2307 acc 0.9185 (1.787 secs)
Evaluating on val
gru: GRU_Maj_GenBase[val] loss 2.0600 acc 0.4981 (15.339 secs)

gru:GRU_Maj_GenBase step 12100 lr 3.000e-04 [train] loss 0.1983 acc 0.9298 (17.080 secs)
gru:GRU_Maj_GenBase step 12200 lr 3.000e-04 [train] loss 0.2387 acc 0.9154 (1.818 secs)
gru:GRU_Maj_GenBase step 12300 lr 3.000e-04 [train] loss 0.1958 acc 0.9327 (1.708 secs)
gru:GRU_Maj_GenBase step 12400 lr 3.000e-04 [train] loss 0.2017 acc 0.9291 (1.671 secs)
gru:GRU_Maj_GenBase step 12500 lr 3.000e-04 [train] loss 0.2177 acc 0.9239 (1.770 secs)
gru:GRU_Maj_GenBase step 12600 lr 3.000e-04 [train] loss 0.2257 acc 0.9187 (1.741 secs)
gru:GRU_Maj_GenBase step 12700 lr 3.000e-04 [train] loss 0.2351 acc 0.9167 (1.784 secs)
gru:GRU_Maj_GenBase step 12800 lr 3.000e-04 [train] loss 0.2301 acc 0.9170 (1.764 secs)
gru:GRU_Maj_GenBase step 12900 lr 3.000e-04 [train] loss 0.2217 acc 0.9219 (1.843 secs)
gru:GRU_Maj_GenBase step 13000 lr 3.000e-04 [train] loss 0.1988 acc 0.9316 (1.698 secs)
Evaluating on val
gru: GRU_Maj_GenBase[val] loss 1.7952 acc 0.5480 (15.326 secs)

gru:GRU_Maj_GenBase step 13100 lr 3.000e-04 [train] loss 0.1953 acc 0.9327 (17.113 secs)
gru:GRU_Maj_GenBase step 13200 lr 3.000e-04 [train] loss 0.1997 acc 0.9323 (1.694 secs)
gru:GRU_Maj_GenBase step 13300 lr 3.000e-04 [train] loss 0.2054 acc 0.9273 (1.750 secs)
gru:GRU_Maj_GenBase step 13400 lr 3.000e-04 [train] loss 0.1847 acc 0.9370 (1.669 secs)
gru:GRU_Maj_GenBase step 13500 lr 3.000e-04 [train] loss 0.2005 acc 0.9298 (1.799 secs)
gru:GRU_Maj_GenBase step 13600 lr 3.000e-04 [train] loss 0.2004 acc 0.9307 (1.743 secs)
gru:GRU_Maj_GenBase step 13700 lr 3.000e-04 [train] loss 0.1947 acc 0.9314 (1.668 secs)
gru:GRU_Maj_GenBase step 13800 lr 3.000e-04 [train] loss 0.2142 acc 0.9241 (1.799 secs)
gru:GRU_Maj_GenBase step 13900 lr 3.000e-04 [train] loss 0.2122 acc 0.9246 (1.721 secs)
gru:GRU_Maj_GenBase step 14000 lr 3.000e-04 [train] loss 0.2204 acc 0.9211 (1.805 secs)
Evaluating on val
gru: GRU_Maj_GenBase[val] loss 2.8008 acc 0.4491 (15.341 secs)

gru:GRU_Maj_GenBase step 14100 lr 3.000e-04 [train] loss 0.1947 acc 0.9322 (17.183 secs)
gru:GRU_Maj_GenBase step 14200 lr 3.000e-04 [train] loss 0.1971 acc 0.9305 (1.733 secs)
gru:GRU_Maj_GenBase step 14300 lr 3.000e-04 [train] loss 0.1974 acc 0.9309 (1.716 secs)
gru:GRU_Maj_GenBase step 14400 lr 3.000e-04 [train] loss 0.2004 acc 0.9283 (1.692 secs)
gru:GRU_Maj_GenBase step 14500 lr 3.000e-04 [train] loss 0.2132 acc 0.9252 (1.808 secs)
gru:GRU_Maj_GenBase step 14600 lr 3.000e-04 [train] loss 0.1882 acc 0.9342 (1.712 secs)
gru:GRU_Maj_GenBase step 14700 lr 3.000e-04 [train] loss 0.1754 acc 0.9393 (1.736 secs)
gru:GRU_Maj_GenBase step 14800 lr 3.000e-04 [train] loss 0.1788 acc 0.9377 (1.663 secs)
gru:GRU_Maj_GenBase step 14900 lr 3.000e-04 [train] loss 0.1861 acc 0.9363 (1.694 secs)
gru:GRU_Maj_GenBase step 15000 lr 3.000e-04 [train] loss 0.1899 acc 0.9349 (1.709 secs)
Evaluating on val
gru: GRU_Maj_GenBase[val] loss 2.8893 acc 0.4468 (15.349 secs)

gru:GRU_Maj_GenBase step 15100 lr 3.000e-04 [train] loss 0.1688 acc 0.9415 (17.072 secs)
gru:GRU_Maj_GenBase step 15200 lr 3.000e-04 [train] loss 0.1754 acc 0.9409 (1.765 secs)
gru:GRU_Maj_GenBase step 15300 lr 3.000e-04 [train] loss 0.1762 acc 0.9385 (1.639 secs)
gru:GRU_Maj_GenBase step 15400 lr 3.000e-04 [train] loss 0.1913 acc 0.9332 (1.671 secs)
gru:GRU_Maj_GenBase step 15500 lr 3.000e-04 [train] loss 0.1822 acc 0.9349 (1.700 secs)
gru:GRU_Maj_GenBase step 15600 lr 3.000e-04 [train] loss 0.1737 acc 0.9411 (1.675 secs)
gru:GRU_Maj_GenBase step 15700 lr 3.000e-04 [train] loss 0.1743 acc 0.9404 (1.666 secs)
gru:GRU_Maj_GenBase step 15800 lr 3.000e-04 [train] loss 0.1546 acc 0.9480 (1.610 secs)
gru:GRU_Maj_GenBase step 15900 lr 3.000e-04 [train] loss 0.1885 acc 0.9335 (1.860 secs)
gru:GRU_Maj_GenBase step 16000 lr 3.000e-04 [train] loss 0.1807 acc 0.9355 (1.641 secs)
Evaluating on val
gru: GRU_Maj_GenBase[val] loss 3.2689 acc 0.4297 (15.356 secs)

gru:GRU_Maj_GenBase step 16100 lr 3.000e-04 [train] loss 0.1984 acc 0.9297 (17.287 secs)
gru:GRU_Maj_GenBase step 16200 lr 3.000e-04 [train] loss 0.1811 acc 0.9363 (1.733 secs)
gru:GRU_Maj_GenBase step 16300 lr 3.000e-04 [train] loss 0.1797 acc 0.9373 (1.684 secs)
gru:GRU_Maj_GenBase step 16400 lr 3.000e-04 [train] loss 0.2073 acc 0.9266 (1.912 secs)
gru:GRU_Maj_GenBase step 16500 lr 3.000e-04 [train] loss 0.1696 acc 0.9412 (1.636 secs)
gru:GRU_Maj_GenBase step 16600 lr 3.000e-04 [train] loss 0.1788 acc 0.9380 (1.759 secs)
gru:GRU_Maj_GenBase step 16700 lr 3.000e-04 [train] loss 0.1748 acc 0.9384 (1.667 secs)
gru:GRU_Maj_GenBase step 16800 lr 3.000e-04 [train] loss 0.1762 acc 0.9387 (1.662 secs)
gru:GRU_Maj_GenBase step 16900 lr 3.000e-04 [train] loss 0.1500 acc 0.9505 (1.582 secs)
gru:GRU_Maj_GenBase step 17000 lr 3.000e-04 [train] loss 0.1697 acc 0.9419 (1.694 secs)
Evaluating on val
gru: GRU_Maj_GenBase[val] loss 3.4673 acc 0.4307 (15.344 secs)

gru:GRU_Maj_GenBase step 17100 lr 3.000e-04 [train] loss 0.1890 acc 0.9327 (17.295 secs)
gru:GRU_Maj_GenBase step 17200 lr 3.000e-04 [train] loss 0.1610 acc 0.9481 (1.710 secs)
gru:GRU_Maj_GenBase step 17300 lr 3.000e-04 [train] loss 0.1580 acc 0.9450 (1.646 secs)
gru:GRU_Maj_GenBase step 17400 lr 3.000e-04 [train] loss 0.1572 acc 0.9454 (1.585 secs)
gru:GRU_Maj_GenBase step 17500 lr 3.000e-04 [train] loss 0.1535 acc 0.9471 (1.616 secs)
gru:GRU_Maj_GenBase step 17600 lr 3.000e-04 [train] loss 0.1981 acc 0.9290 (1.898 secs)
gru:GRU_Maj_GenBase step 17700 lr 3.000e-04 [train] loss 0.1502 acc 0.9506 (1.742 secs)
gru:GRU_Maj_GenBase step 17800 lr 3.000e-04 [train] loss 0.1579 acc 0.9437 (1.665 secs)
gru:GRU_Maj_GenBase step 17900 lr 3.000e-04 [train] loss 0.1831 acc 0.9359 (1.742 secs)
gru:GRU_Maj_GenBase step 18000 lr 3.000e-04 [train] loss 0.1747 acc 0.9377 (1.731 secs)
Evaluating on val
gru: GRU_Maj_GenBase[val] loss 4.3383 acc 0.3886 (15.337 secs)

gru:GRU_Maj_GenBase step 18100 lr 3.000e-04 [train] loss 0.1567 acc 0.9444 (17.116 secs)
gru:GRU_Maj_GenBase step 18200 lr 3.000e-04 [train] loss 0.1676 acc 0.9420 (1.793 secs)
gru:GRU_Maj_GenBase step 18300 lr 3.000e-04 [train] loss 0.1576 acc 0.9475 (1.650 secs)
gru:GRU_Maj_GenBase step 18400 lr 3.000e-04 [train] loss 0.1672 acc 0.9429 (1.779 secs)
gru:GRU_Maj_GenBase step 18500 lr 3.000e-04 [train] loss 0.1568 acc 0.9495 (1.713 secs)
gru:GRU_Maj_GenBase step 18600 lr 3.000e-04 [train] loss 0.1664 acc 0.9412 (1.702 secs)
gru:GRU_Maj_GenBase step 18700 lr 3.000e-04 [train] loss 0.1406 acc 0.9518 (1.589 secs)
gru:GRU_Maj_GenBase step 18800 lr 3.000e-04 [train] loss 0.1450 acc 0.9528 (1.678 secs)
gru:GRU_Maj_GenBase step 18900 lr 3.000e-04 [train] loss 0.1544 acc 0.9475 (1.786 secs)
gru:GRU_Maj_GenBase step 19000 lr 3.000e-04 [train] loss 0.1612 acc 0.9440 (1.698 secs)
Evaluating on val
gru: GRU_Maj_GenBase[val] loss 4.3011 acc 0.3950 (15.353 secs)

gru:GRU_Maj_GenBase step 19100 lr 3.000e-04 [train] loss 0.1485 acc 0.9502 (17.142 secs)
gru:GRU_Maj_GenBase step 19200 lr 3.000e-04 [train] loss 0.1519 acc 0.9471 (1.676 secs)
gru:GRU_Maj_GenBase step 19300 lr 3.000e-04 [train] loss 0.1644 acc 0.9430 (1.822 secs)
gru:GRU_Maj_GenBase step 19400 lr 3.000e-04 [train] loss 0.1834 acc 0.9371 (1.904 secs)
gru:GRU_Maj_GenBase step 19500 lr 3.000e-04 [train] loss 0.1552 acc 0.9450 (1.676 secs)
gru:GRU_Maj_GenBase step 19600 lr 3.000e-04 [train] loss 0.1740 acc 0.9402 (1.803 secs)
gru:GRU_Maj_GenBase step 19700 lr 3.000e-04 [train] loss 0.1500 acc 0.9462 (1.659 secs)
gru:GRU_Maj_GenBase step 19800 lr 3.000e-04 [train] loss 0.1691 acc 0.9416 (1.882 secs)
gru:GRU_Maj_GenBase step 19900 lr 3.000e-04 [train] loss 0.1647 acc 0.9416 (1.761 secs)
gru:GRU_Maj_GenBase step 20000 lr 3.000e-04 [train] loss 0.1386 acc 0.9516 (1.670 secs)
Evaluating on val
gru: GRU_Maj_GenBase[val] loss 4.9282 acc 0.3669 (15.328 secs)

gru:GRU_Maj_GenBase step 20100 lr 3.000e-04 [train] loss 0.1607 acc 0.9434 (17.200 secs)
gru:GRU_Maj_GenBase step 20200 lr 3.000e-04 [train] loss 0.1498 acc 0.9484 (1.665 secs)
gru:GRU_Maj_GenBase step 20300 lr 3.000e-04 [train] loss 0.1601 acc 0.9455 (1.669 secs)
gru:GRU_Maj_GenBase step 20400 lr 3.000e-04 [train] loss 0.1641 acc 0.9419 (1.653 secs)
gru:GRU_Maj_GenBase step 20500 lr 3.000e-04 [train] loss 0.1456 acc 0.9489 (1.653 secs)
gru:GRU_Maj_GenBase step 20600 lr 3.000e-04 [train] loss 0.1459 acc 0.9503 (1.707 secs)
gru:GRU_Maj_GenBase step 20700 lr 3.000e-04 [train] loss 0.1517 acc 0.9478 (1.702 secs)
gru:GRU_Maj_GenBase step 20800 lr 3.000e-04 [train] loss 0.1657 acc 0.9418 (1.768 secs)
gru:GRU_Maj_GenBase step 20900 lr 3.000e-04 [train] loss 0.1358 acc 0.9559 (1.619 secs)
gru:GRU_Maj_GenBase step 21000 lr 3.000e-04 [train] loss 0.1297 acc 0.9587 (1.579 secs)
Evaluating on val
gru: GRU_Maj_GenBase[val] loss 4.2485 acc 0.4102 (15.326 secs)

gru:GRU_Maj_GenBase step 21100 lr 3.000e-04 [train] loss 0.1565 acc 0.9453 (17.257 secs)
gru:GRU_Maj_GenBase step 21200 lr 3.000e-04 [train] loss 0.1579 acc 0.9448 (1.710 secs)
gru:GRU_Maj_GenBase step 21300 lr 3.000e-04 [train] loss 0.1586 acc 0.9453 (1.775 secs)
gru:GRU_Maj_GenBase step 21400 lr 3.000e-04 [train] loss 0.1485 acc 0.9487 (1.709 secs)
gru:GRU_Maj_GenBase step 21500 lr 3.000e-04 [train] loss 0.1537 acc 0.9440 (1.743 secs)
gru:GRU_Maj_GenBase step 21600 lr 3.000e-04 [train] loss 0.1448 acc 0.9495 (1.652 secs)
gru:GRU_Maj_GenBase step 21700 lr 3.000e-04 [train] loss 0.1290 acc 0.9584 (1.600 secs)
gru:GRU_Maj_GenBase step 21800 lr 3.000e-04 [train] loss 0.1199 acc 0.9604 (1.662 secs)
gru:GRU_Maj_GenBase step 21900 lr 3.000e-04 [train] loss 0.1198 acc 0.9609 (1.592 secs)
gru:GRU_Maj_GenBase step 22000 lr 3.000e-04 [train] loss 0.1252 acc 0.9595 (1.654 secs)
Evaluating on val
gru: GRU_Maj_GenBase[val] loss 4.1673 acc 0.4230 (15.335 secs)

gru:GRU_Maj_GenBase step 22100 lr 3.000e-04 [train] loss 0.1518 acc 0.9492 (17.209 secs)
gru:GRU_Maj_GenBase step 22200 lr 3.000e-04 [train] loss 0.1581 acc 0.9464 (1.687 secs)
gru:GRU_Maj_GenBase step 22300 lr 3.000e-04 [train] loss 0.1618 acc 0.9455 (1.943 secs)
gru:GRU_Maj_GenBase step 22400 lr 3.000e-04 [train] loss 0.1430 acc 0.9516 (1.627 secs)
gru:GRU_Maj_GenBase step 22500 lr 3.000e-04 [train] loss 0.1372 acc 0.9544 (1.681 secs)
gru:GRU_Maj_GenBase step 22600 lr 3.000e-04 [train] loss 0.1152 acc 0.9631 (1.593 secs)
gru:GRU_Maj_GenBase step 22700 lr 3.000e-04 [train] loss 0.1687 acc 0.9396 (1.811 secs)
gru:GRU_Maj_GenBase step 22800 lr 3.000e-04 [train] loss 0.1476 acc 0.9487 (1.664 secs)
gru:GRU_Maj_GenBase step 22900 lr 3.000e-04 [train] loss 0.1245 acc 0.9573 (1.613 secs)
gru:GRU_Maj_GenBase step 23000 lr 3.000e-04 [train] loss 0.1243 acc 0.9579 (1.705 secs)
Evaluating on val
gru: GRU_Maj_GenBase[val] loss 4.9383 acc 0.3843 (15.330 secs)

gru:GRU_Maj_GenBase step 23100 lr 3.000e-04 [train] loss 0.1435 acc 0.9499 (17.189 secs)
gru:GRU_Maj_GenBase step 23200 lr 3.000e-04 [train] loss 0.1493 acc 0.9477 (1.794 secs)
gru:GRU_Maj_GenBase step 23300 lr 3.000e-04 [train] loss 0.1537 acc 0.9464 (1.669 secs)
gru:GRU_Maj_GenBase step 23400 lr 3.000e-04 [train] loss 0.1128 acc 0.9638 (1.528 secs)
gru:GRU_Maj_GenBase step 23500 lr 3.000e-04 [train] loss 0.1290 acc 0.9568 (1.737 secs)
gru:GRU_Maj_GenBase step 23600 lr 3.000e-04 [train] loss 0.1340 acc 0.9529 (1.744 secs)
gru:GRU_Maj_GenBase step 23700 lr 3.000e-04 [train] loss 0.1562 acc 0.9450 (1.782 secs)
gru:GRU_Maj_GenBase step 23800 lr 3.000e-04 [train] loss 0.1651 acc 0.9435 (1.891 secs)
gru:GRU_Maj_GenBase step 23900 lr 3.000e-04 [train] loss 0.1375 acc 0.9560 (1.719 secs)
gru:GRU_Maj_GenBase step 24000 lr 3.000e-04 [train] loss 0.1410 acc 0.9516 (1.727 secs)
Evaluating on val
gru: GRU_Maj_GenBase[val] loss 5.3733 acc 0.3695 (15.319 secs)

gru:GRU_Maj_GenBase step 24100 lr 3.000e-04 [train] loss 0.1368 acc 0.9527 (17.225 secs)
gru:GRU_Maj_GenBase step 24200 lr 3.000e-04 [train] loss 0.1244 acc 0.9573 (1.656 secs)
gru:GRU_Maj_GenBase step 24300 lr 3.000e-04 [train] loss 0.1473 acc 0.9496 (1.816 secs)
gru:GRU_Maj_GenBase step 24400 lr 3.000e-04 [train] loss 0.1342 acc 0.9551 (1.694 secs)
