Experiment: GRU_Maj_GenBase
Total number of parameters: 1419776

gru:GRU_Maj_GenBase step 0 lr 3.000e-04 [train] loss 4.3763 acc 0.0000 (0.405 secs)
Evaluating on val
gru: GRU_Maj_GenBase[val] loss 4.2842 acc 0.0164 (15.092 secs)

Early Stopping!
gru:GRU_Maj_GenBase step 100 lr 3.000e-04 [train] loss 3.6215 acc 0.1639 (17.073 secs)
gru:GRU_Maj_GenBase step 200 lr 3.000e-04 [train] loss 2.5038 acc 0.4145 (1.636 secs)
gru:GRU_Maj_GenBase step 300 lr 3.000e-04 [train] loss 1.7828 acc 0.5433 (1.526 secs)
gru:GRU_Maj_GenBase step 400 lr 3.000e-04 [train] loss 1.4913 acc 0.6070 (1.686 secs)
gru:GRU_Maj_GenBase step 500 lr 3.000e-04 [train] loss 1.3533 acc 0.6295 (1.744 secs)
gru:GRU_Maj_GenBase step 600 lr 3.000e-04 [train] loss 1.1793 acc 0.6729 (1.698 secs)
gru:GRU_Maj_GenBase step 700 lr 3.000e-04 [train] loss 1.0233 acc 0.7125 (1.583 secs)
gru:GRU_Maj_GenBase step 800 lr 3.000e-04 [train] loss 0.9704 acc 0.7197 (1.681 secs)
gru:GRU_Maj_GenBase step 900 lr 3.000e-04 [train] loss 0.9284 acc 0.7284 (1.653 secs)
gru:GRU_Maj_GenBase step 1000 lr 3.000e-04 [train] loss 0.8740 acc 0.7356 (1.758 secs)
Evaluating on val
gru: GRU_Maj_GenBase[val] loss 2.6361 acc 0.3004 (15.435 secs)

Early Stopping!
gru:GRU_Maj_GenBase step 1100 lr 3.000e-04 [train] loss 0.7981 acc 0.7608 (17.282 secs)
gru:GRU_Maj_GenBase step 1200 lr 3.000e-04 [train] loss 0.7544 acc 0.7717 (1.723 secs)
gru:GRU_Maj_GenBase step 1300 lr 3.000e-04 [train] loss 0.7038 acc 0.7909 (1.696 secs)
gru:GRU_Maj_GenBase step 1400 lr 3.000e-04 [train] loss 0.6861 acc 0.7931 (1.722 secs)
gru:GRU_Maj_GenBase step 1500 lr 3.000e-04 [train] loss 0.5853 acc 0.8291 (1.532 secs)
gru:GRU_Maj_GenBase step 1600 lr 3.000e-04 [train] loss 0.6015 acc 0.8169 (1.705 secs)
gru:GRU_Maj_GenBase step 1700 lr 3.000e-04 [train] loss 0.5736 acc 0.8279 (1.700 secs)
gru:GRU_Maj_GenBase step 1800 lr 3.000e-04 [train] loss 0.5274 acc 0.8414 (1.599 secs)
gru:GRU_Maj_GenBase step 1900 lr 3.000e-04 [train] loss 0.5633 acc 0.8220 (1.767 secs)
gru:GRU_Maj_GenBase step 2000 lr 3.000e-04 [train] loss 0.5147 acc 0.8410 (1.640 secs)
Evaluating on val
gru: GRU_Maj_GenBase[val] loss 2.2250 acc 0.4025 (15.316 secs)

Early Stopping!
gru:GRU_Maj_GenBase step 2100 lr 3.000e-04 [train] loss 0.4941 acc 0.8433 (17.120 secs)
gru:GRU_Maj_GenBase step 2200 lr 3.000e-04 [train] loss 0.4443 acc 0.8621 (1.638 secs)
gru:GRU_Maj_GenBase step 2300 lr 3.000e-04 [train] loss 0.4740 acc 0.8516 (1.627 secs)
gru:GRU_Maj_GenBase step 2400 lr 3.000e-04 [train] loss 0.4708 acc 0.8480 (1.655 secs)
gru:GRU_Maj_GenBase step 2500 lr 3.000e-04 [train] loss 0.4387 acc 0.8559 (1.595 secs)
gru:GRU_Maj_GenBase step 2600 lr 3.000e-04 [train] loss 0.4591 acc 0.8534 (1.706 secs)
gru:GRU_Maj_GenBase step 2700 lr 3.000e-04 [train] loss 0.4070 acc 0.8724 (1.538 secs)
gru:GRU_Maj_GenBase step 2800 lr 3.000e-04 [train] loss 0.4477 acc 0.8546 (1.680 secs)
gru:GRU_Maj_GenBase step 2900 lr 3.000e-04 [train] loss 0.4320 acc 0.8591 (1.770 secs)
gru:GRU_Maj_GenBase step 3000 lr 3.000e-04 [train] loss 0.4286 acc 0.8591 (1.703 secs)
Evaluating on val
gru: GRU_Maj_GenBase[val] loss 1.8125 acc 0.4789 (15.241 secs)

Early Stopping!
gru:GRU_Maj_GenBase step 3100 lr 3.000e-04 [train] loss 0.3615 acc 0.8834 (16.927 secs)
gru:GRU_Maj_GenBase step 3200 lr 3.000e-04 [train] loss 0.4176 acc 0.8644 (1.717 secs)
gru:GRU_Maj_GenBase step 3300 lr 3.000e-04 [train] loss 0.3663 acc 0.8834 (1.572 secs)
gru:GRU_Maj_GenBase step 3400 lr 3.000e-04 [train] loss 0.3830 acc 0.8731 (1.703 secs)
gru:GRU_Maj_GenBase step 3500 lr 3.000e-04 [train] loss 0.3702 acc 0.8737 (1.647 secs)
gru:GRU_Maj_GenBase step 3600 lr 3.000e-04 [train] loss 0.3674 acc 0.8772 (1.634 secs)
gru:GRU_Maj_GenBase step 3700 lr 3.000e-04 [train] loss 0.4048 acc 0.8603 (1.770 secs)
gru:GRU_Maj_GenBase step 3800 lr 3.000e-04 [train] loss 0.4048 acc 0.8585 (1.691 secs)
gru:GRU_Maj_GenBase step 3900 lr 3.000e-04 [train] loss 0.3580 acc 0.8819 (1.630 secs)
gru:GRU_Maj_GenBase step 4000 lr 3.000e-04 [train] loss 0.3674 acc 0.8771 (1.700 secs)
Evaluating on val
gru: GRU_Maj_GenBase[val] loss 1.8044 acc 0.4825 (15.341 secs)

Early Stopping!
gru:GRU_Maj_GenBase step 4100 lr 3.000e-04 [train] loss 0.3779 acc 0.8758 (17.223 secs)
gru:GRU_Maj_GenBase step 4200 lr 3.000e-04 [train] loss 0.3445 acc 0.8824 (1.586 secs)
gru:GRU_Maj_GenBase step 4300 lr 3.000e-04 [train] loss 0.3348 acc 0.8892 (1.662 secs)
gru:GRU_Maj_GenBase step 4400 lr 3.000e-04 [train] loss 0.3709 acc 0.8728 (1.682 secs)
gru:GRU_Maj_GenBase step 4500 lr 3.000e-04 [train] loss 0.3518 acc 0.8801 (1.670 secs)
gru:GRU_Maj_GenBase step 4600 lr 3.000e-04 [train] loss 0.3557 acc 0.8771 (1.791 secs)
gru:GRU_Maj_GenBase step 4700 lr 3.000e-04 [train] loss 0.3121 acc 0.8962 (1.701 secs)
gru:GRU_Maj_GenBase step 4800 lr 3.000e-04 [train] loss 0.3802 acc 0.8661 (1.815 secs)
gru:GRU_Maj_GenBase step 4900 lr 3.000e-04 [train] loss 0.3305 acc 0.8915 (1.632 secs)
gru:GRU_Maj_GenBase step 5000 lr 3.000e-04 [train] loss 0.3224 acc 0.8905 (1.653 secs)
Evaluating on val
gru: GRU_Maj_GenBase[val] loss 1.5256 acc 0.5377 (15.323 secs)

Early Stopping!
gru:GRU_Maj_GenBase step 5100 lr 3.000e-04 [train] loss 0.3433 acc 0.8805 (17.168 secs)
gru:GRU_Maj_GenBase step 5200 lr 3.000e-04 [train] loss 0.2912 acc 0.9050 (1.653 secs)
gru:GRU_Maj_GenBase step 5300 lr 3.000e-04 [train] loss 0.3059 acc 0.8985 (1.635 secs)
gru:GRU_Maj_GenBase step 5400 lr 3.000e-04 [train] loss 0.2831 acc 0.9055 (1.581 secs)
gru:GRU_Maj_GenBase step 5500 lr 3.000e-04 [train] loss 0.3052 acc 0.8976 (1.647 secs)
gru:GRU_Maj_GenBase step 5600 lr 3.000e-04 [train] loss 0.3086 acc 0.8944 (1.695 secs)
gru:GRU_Maj_GenBase step 5700 lr 3.000e-04 [train] loss 0.3266 acc 0.8874 (1.745 secs)
gru:GRU_Maj_GenBase step 5800 lr 3.000e-04 [train] loss 0.2785 acc 0.9066 (1.585 secs)
gru:GRU_Maj_GenBase step 5900 lr 3.000e-04 [train] loss 0.2762 acc 0.9089 (1.682 secs)
gru:GRU_Maj_GenBase step 6000 lr 3.000e-04 [train] loss 0.3182 acc 0.8894 (1.770 secs)
Evaluating on val
gru: GRU_Maj_GenBase[val] loss 1.5331 acc 0.5430 (15.283 secs)

Early Stopping!
gru:GRU_Maj_GenBase step 6100 lr 3.000e-04 [train] loss 0.3292 acc 0.8843 (17.209 secs)
gru:GRU_Maj_GenBase step 6200 lr 3.000e-04 [train] loss 0.3306 acc 0.8822 (1.739 secs)
gru:GRU_Maj_GenBase step 6300 lr 3.000e-04 [train] loss 0.3003 acc 0.8938 (1.701 secs)
gru:GRU_Maj_GenBase step 6400 lr 3.000e-04 [train] loss 0.3100 acc 0.8930 (1.795 secs)
gru:GRU_Maj_GenBase step 6500 lr 3.000e-04 [train] loss 0.3200 acc 0.8877 (1.748 secs)
gru:GRU_Maj_GenBase step 6600 lr 3.000e-04 [train] loss 0.2959 acc 0.9018 (1.666 secs)
gru:GRU_Maj_GenBase step 6700 lr 3.000e-04 [train] loss 0.3008 acc 0.8955 (1.727 secs)
gru:GRU_Maj_GenBase step 6800 lr 3.000e-04 [train] loss 0.2742 acc 0.9046 (1.631 secs)
gru:GRU_Maj_GenBase step 6900 lr 3.000e-04 [train] loss 0.3019 acc 0.8968 (1.701 secs)
gru:GRU_Maj_GenBase step 7000 lr 3.000e-04 [train] loss 0.3080 acc 0.8930 (1.775 secs)
Evaluating on val
gru: GRU_Maj_GenBase[val] loss 1.9109 acc 0.4874 (15.334 secs)

gru:GRU_Maj_GenBase step 7100 lr 3.000e-04 [train] loss 0.2861 acc 0.9009 (17.205 secs)
gru:GRU_Maj_GenBase step 7200 lr 3.000e-04 [train] loss 0.2497 acc 0.9151 (1.557 secs)
gru:GRU_Maj_GenBase step 7300 lr 3.000e-04 [train] loss 0.2696 acc 0.9080 (1.617 secs)
gru:GRU_Maj_GenBase step 7400 lr 3.000e-04 [train] loss 0.2853 acc 0.9016 (1.699 secs)
gru:GRU_Maj_GenBase step 7500 lr 3.000e-04 [train] loss 0.3073 acc 0.8902 (1.809 secs)
gru:GRU_Maj_GenBase step 7600 lr 3.000e-04 [train] loss 0.2972 acc 0.8954 (1.763 secs)
gru:GRU_Maj_GenBase step 7700 lr 3.000e-04 [train] loss 0.2632 acc 0.9098 (1.669 secs)
gru:GRU_Maj_GenBase step 7800 lr 3.000e-04 [train] loss 0.2929 acc 0.8955 (1.788 secs)
gru:GRU_Maj_GenBase step 7900 lr 3.000e-04 [train] loss 0.2373 acc 0.9195 (1.554 secs)
gru:GRU_Maj_GenBase step 8000 lr 3.000e-04 [train] loss 0.2764 acc 0.9032 (1.701 secs)
Evaluating on val
gru: GRU_Maj_GenBase[val] loss 1.7248 acc 0.5182 (15.329 secs)

gru:GRU_Maj_GenBase step 8100 lr 3.000e-04 [train] loss 0.2803 acc 0.9009 (17.207 secs)
gru:GRU_Maj_GenBase step 8200 lr 3.000e-04 [train] loss 0.2402 acc 0.9191 (1.657 secs)
gru:GRU_Maj_GenBase step 8300 lr 3.000e-04 [train] loss 0.2409 acc 0.9159 (1.658 secs)
gru:GRU_Maj_GenBase step 8400 lr 3.000e-04 [train] loss 0.2548 acc 0.9104 (1.680 secs)
gru:GRU_Maj_GenBase step 8500 lr 3.000e-04 [train] loss 0.2420 acc 0.9141 (1.579 secs)
gru:GRU_Maj_GenBase step 8600 lr 3.000e-04 [train] loss 0.2632 acc 0.9060 (1.674 secs)
gru:GRU_Maj_GenBase step 8700 lr 3.000e-04 [train] loss 0.2688 acc 0.9055 (1.690 secs)
gru:GRU_Maj_GenBase step 8800 lr 3.000e-04 [train] loss 0.2550 acc 0.9131 (1.655 secs)
gru:GRU_Maj_GenBase step 8900 lr 3.000e-04 [train] loss 0.2592 acc 0.9073 (1.801 secs)
gru:GRU_Maj_GenBase step 9000 lr 3.000e-04 [train] loss 0.2360 acc 0.9198 (1.684 secs)
Evaluating on val
gru: GRU_Maj_GenBase[val] loss 1.4247 acc 0.5809 (15.293 secs)

Early Stopping!
gru:GRU_Maj_GenBase step 9100 lr 3.000e-04 [train] loss 0.2583 acc 0.9080 (17.161 secs)
gru:GRU_Maj_GenBase step 9200 lr 3.000e-04 [train] loss 0.2486 acc 0.9159 (1.674 secs)
gru:GRU_Maj_GenBase step 9300 lr 3.000e-04 [train] loss 0.2228 acc 0.9248 (1.533 secs)
gru:GRU_Maj_GenBase step 9400 lr 3.000e-04 [train] loss 0.2381 acc 0.9196 (1.754 secs)
gru:GRU_Maj_GenBase step 9500 lr 3.000e-04 [train] loss 0.2749 acc 0.9048 (1.804 secs)
gru:GRU_Maj_GenBase step 9600 lr 3.000e-04 [train] loss 0.2312 acc 0.9181 (1.623 secs)
gru:GRU_Maj_GenBase step 9700 lr 3.000e-04 [train] loss 0.2179 acc 0.9263 (1.560 secs)
gru:GRU_Maj_GenBase step 9800 lr 3.000e-04 [train] loss 0.2413 acc 0.9155 (1.630 secs)
gru:GRU_Maj_GenBase step 9900 lr 3.000e-04 [train] loss 0.2310 acc 0.9191 (1.587 secs)
gru:GRU_Maj_GenBase step 10000 lr 3.000e-04 [train] loss 0.2324 acc 0.9200 (1.641 secs)
Evaluating on val
gru: GRU_Maj_GenBase[val] loss 1.5759 acc 0.5557 (15.323 secs)

gru:GRU_Maj_GenBase step 10100 lr 3.000e-04 [train] loss 0.2324 acc 0.9190 (17.128 secs)
gru:GRU_Maj_GenBase step 10200 lr 3.000e-04 [train] loss 0.2385 acc 0.9156 (1.677 secs)
gru:GRU_Maj_GenBase step 10300 lr 3.000e-04 [train] loss 0.2294 acc 0.9202 (1.606 secs)
gru:GRU_Maj_GenBase step 10400 lr 3.000e-04 [train] loss 0.2323 acc 0.9164 (1.647 secs)
gru:GRU_Maj_GenBase step 10500 lr 3.000e-04 [train] loss 0.2598 acc 0.9063 (1.746 secs)
gru:GRU_Maj_GenBase step 10600 lr 3.000e-04 [train] loss 0.2259 acc 0.9221 (1.643 secs)
gru:GRU_Maj_GenBase step 10700 lr 3.000e-04 [train] loss 0.2225 acc 0.9211 (1.698 secs)
gru:GRU_Maj_GenBase step 10800 lr 3.000e-04 [train] loss 0.2084 acc 0.9290 (1.542 secs)
gru:GRU_Maj_GenBase step 10900 lr 3.000e-04 [train] loss 0.2359 acc 0.9178 (1.732 secs)
gru:GRU_Maj_GenBase step 11000 lr 3.000e-04 [train] loss 0.2332 acc 0.9170 (1.704 secs)
Evaluating on val
gru: GRU_Maj_GenBase[val] loss 1.6403 acc 0.5471 (15.301 secs)

gru:GRU_Maj_GenBase step 11100 lr 3.000e-04 [train] loss 0.2350 acc 0.9150 (17.154 secs)
gru:GRU_Maj_GenBase step 11200 lr 3.000e-04 [train] loss 0.2497 acc 0.9122 (1.836 secs)
gru:GRU_Maj_GenBase step 11300 lr 3.000e-04 [train] loss 0.2474 acc 0.9131 (1.788 secs)
gru:GRU_Maj_GenBase step 11400 lr 3.000e-04 [train] loss 0.2284 acc 0.9196 (1.732 secs)
gru:GRU_Maj_GenBase step 11500 lr 3.000e-04 [train] loss 0.2457 acc 0.9125 (1.844 secs)
gru:GRU_Maj_GenBase step 11600 lr 3.000e-04 [train] loss 0.2266 acc 0.9187 (1.681 secs)
gru:GRU_Maj_GenBase step 11700 lr 3.000e-04 [train] loss 0.2137 acc 0.9224 (1.581 secs)
gru:GRU_Maj_GenBase step 11800 lr 3.000e-04 [train] loss 0.2361 acc 0.9162 (1.806 secs)
gru:GRU_Maj_GenBase step 11900 lr 3.000e-04 [train] loss 0.2331 acc 0.9182 (1.901 secs)
gru:GRU_Maj_GenBase step 12000 lr 3.000e-04 [train] loss 0.2212 acc 0.9233 (1.654 secs)
Evaluating on val
gru: GRU_Maj_GenBase[val] loss 2.1008 acc 0.4991 (15.314 secs)

gru:GRU_Maj_GenBase step 12100 lr 3.000e-04 [train] loss 0.2076 acc 0.9291 (17.081 secs)
gru:GRU_Maj_GenBase step 12200 lr 3.000e-04 [train] loss 0.2019 acc 0.9309 (1.593 secs)
gru:GRU_Maj_GenBase step 12300 lr 3.000e-04 [train] loss 0.1948 acc 0.9339 (1.620 secs)
gru:GRU_Maj_GenBase step 12400 lr 3.000e-04 [train] loss 0.1825 acc 0.9377 (1.562 secs)
gru:GRU_Maj_GenBase step 12500 lr 3.000e-04 [train] loss 0.1945 acc 0.9305 (1.704 secs)
gru:GRU_Maj_GenBase step 12600 lr 3.000e-04 [train] loss 0.2260 acc 0.9183 (1.730 secs)
gru:GRU_Maj_GenBase step 12700 lr 3.000e-04 [train] loss 0.1986 acc 0.9345 (1.655 secs)
gru:GRU_Maj_GenBase step 12800 lr 3.000e-04 [train] loss 0.2004 acc 0.9320 (1.613 secs)
gru:GRU_Maj_GenBase step 12900 lr 3.000e-04 [train] loss 0.2215 acc 0.9229 (1.777 secs)
gru:GRU_Maj_GenBase step 13000 lr 3.000e-04 [train] loss 0.2191 acc 0.9259 (1.685 secs)
Evaluating on val
gru: GRU_Maj_GenBase[val] loss 2.5378 acc 0.4600 (15.323 secs)

gru:GRU_Maj_GenBase step 13100 lr 3.000e-04 [train] loss 0.2076 acc 0.9255 (17.067 secs)
gru:GRU_Maj_GenBase step 13200 lr 3.000e-04 [train] loss 0.1954 acc 0.9310 (1.644 secs)
gru:GRU_Maj_GenBase step 13300 lr 3.000e-04 [train] loss 0.2027 acc 0.9280 (1.691 secs)
gru:GRU_Maj_GenBase step 13400 lr 3.000e-04 [train] loss 0.2253 acc 0.9181 (1.764 secs)
gru:GRU_Maj_GenBase step 13500 lr 3.000e-04 [train] loss 0.2163 acc 0.9232 (1.732 secs)
gru:GRU_Maj_GenBase step 13600 lr 3.000e-04 [train] loss 0.2257 acc 0.9216 (1.806 secs)
gru:GRU_Maj_GenBase step 13700 lr 3.000e-04 [train] loss 0.1945 acc 0.9321 (1.717 secs)
gru:GRU_Maj_GenBase step 13800 lr 3.000e-04 [train] loss 0.2176 acc 0.9226 (1.740 secs)
gru:GRU_Maj_GenBase step 13900 lr 3.000e-04 [train] loss 0.1913 acc 0.9325 (1.675 secs)
gru:GRU_Maj_GenBase step 14000 lr 3.000e-04 [train] loss 0.2269 acc 0.9197 (1.794 secs)
Evaluating on val
gru: GRU_Maj_GenBase[val] loss 2.8806 acc 0.4409 (15.320 secs)

gru:GRU_Maj_GenBase step 14100 lr 3.000e-04 [train] loss 0.1844 acc 0.9389 (17.102 secs)
gru:GRU_Maj_GenBase step 14200 lr 3.000e-04 [train] loss 0.1976 acc 0.9305 (1.788 secs)
gru:GRU_Maj_GenBase step 14300 lr 3.000e-04 [train] loss 0.2022 acc 0.9273 (1.733 secs)
gru:GRU_Maj_GenBase step 14400 lr 3.000e-04 [train] loss 0.1547 acc 0.9480 (1.519 secs)
gru:GRU_Maj_GenBase step 14500 lr 3.000e-04 [train] loss 0.1891 acc 0.9356 (1.692 secs)
gru:GRU_Maj_GenBase step 14600 lr 3.000e-04 [train] loss 0.2000 acc 0.9309 (1.661 secs)
gru:GRU_Maj_GenBase step 14700 lr 3.000e-04 [train] loss 0.1824 acc 0.9367 (1.638 secs)
gru:GRU_Maj_GenBase step 14800 lr 3.000e-04 [train] loss 0.2076 acc 0.9280 (1.842 secs)
gru:GRU_Maj_GenBase step 14900 lr 3.000e-04 [train] loss 0.2231 acc 0.9206 (1.831 secs)
gru:GRU_Maj_GenBase step 15000 lr 3.000e-04 [train] loss 0.1982 acc 0.9308 (1.695 secs)
Evaluating on val
gru: GRU_Maj_GenBase[val] loss 2.7124 acc 0.4632 (15.308 secs)

gru:GRU_Maj_GenBase step 15100 lr 3.000e-04 [train] loss 0.1891 acc 0.9341 (17.100 secs)
gru:GRU_Maj_GenBase step 15200 lr 3.000e-04 [train] loss 0.1997 acc 0.9298 (1.765 secs)
gru:GRU_Maj_GenBase step 15300 lr 3.000e-04 [train] loss 0.1785 acc 0.9376 (1.609 secs)
gru:GRU_Maj_GenBase step 15400 lr 3.000e-04 [train] loss 0.1774 acc 0.9395 (1.727 secs)
gru:GRU_Maj_GenBase step 15500 lr 3.000e-04 [train] loss 0.2182 acc 0.9235 (1.922 secs)
gru:GRU_Maj_GenBase step 15600 lr 3.000e-04 [train] loss 0.1872 acc 0.9336 (1.641 secs)
gru:GRU_Maj_GenBase step 15700 lr 3.000e-04 [train] loss 0.1896 acc 0.9331 (1.738 secs)
gru:GRU_Maj_GenBase step 15800 lr 3.000e-04 [train] loss 0.1860 acc 0.9338 (1.677 secs)
gru:GRU_Maj_GenBase step 15900 lr 3.000e-04 [train] loss 0.1841 acc 0.9364 (1.701 secs)
gru:GRU_Maj_GenBase step 16000 lr 3.000e-04 [train] loss 0.1984 acc 0.9345 (1.832 secs)
Evaluating on val
gru: GRU_Maj_GenBase[val] loss 3.0721 acc 0.4507 (15.323 secs)

gru:GRU_Maj_GenBase step 16100 lr 3.000e-04 [train] loss 0.1589 acc 0.9455 (17.071 secs)
gru:GRU_Maj_GenBase step 16200 lr 3.000e-04 [train] loss 0.1832 acc 0.9362 (1.678 secs)
gru:GRU_Maj_GenBase step 16300 lr 3.000e-04 [train] loss 0.1700 acc 0.9406 (1.656 secs)
