Experiment: depth_minGRU_1
Total number of parameters: 230912

minGRU:depth_minGRU_1 step 0 lr 3.000e-04 [train] loss 4.2723 acc 0.0234 (0.333 secs)
Evaluating on val
minGRU: depth_minGRU_1[val] loss 4.2378 acc 0.0157 (3.021 secs)

Early Stopping!
minGRU:depth_minGRU_1 step 100 lr 3.000e-04 [train] loss 3.9010 acc 0.0890 (4.125 secs)
minGRU:depth_minGRU_1 step 200 lr 3.000e-04 [train] loss 3.5407 acc 0.2042 (0.615 secs)
minGRU:depth_minGRU_1 step 300 lr 3.000e-04 [train] loss 3.3902 acc 0.2225 (0.626 secs)
minGRU:depth_minGRU_1 step 400 lr 3.000e-04 [train] loss 3.2626 acc 0.2465 (0.587 secs)
minGRU:depth_minGRU_1 step 500 lr 3.000e-04 [train] loss 3.1247 acc 0.2583 (0.606 secs)
minGRU:depth_minGRU_1 step 600 lr 3.000e-04 [train] loss 2.8105 acc 0.3164 (0.606 secs)
minGRU:depth_minGRU_1 step 700 lr 3.000e-04 [train] loss 2.2947 acc 0.4145 (0.593 secs)
minGRU:depth_minGRU_1 step 800 lr 3.000e-04 [train] loss 1.8767 acc 0.5025 (0.599 secs)
minGRU:depth_minGRU_1 step 900 lr 3.000e-04 [train] loss 1.5975 acc 0.5720 (0.628 secs)
minGRU:depth_minGRU_1 step 1000 lr 3.000e-04 [train] loss 1.3217 acc 0.6343 (0.601 secs)
minGRU:depth_minGRU_1 step 1100 lr 3.000e-04 [train] loss 1.1510 acc 0.6790 (0.616 secs)
minGRU:depth_minGRU_1 step 1200 lr 3.000e-04 [train] loss 1.0118 acc 0.7081 (0.585 secs)
minGRU:depth_minGRU_1 step 1300 lr 3.000e-04 [train] loss 0.9957 acc 0.7060 (0.605 secs)
minGRU:depth_minGRU_1 step 1400 lr 3.000e-04 [train] loss 0.9352 acc 0.7180 (0.625 secs)
minGRU:depth_minGRU_1 step 1500 lr 3.000e-04 [train] loss 0.8209 acc 0.7505 (0.600 secs)
minGRU:depth_minGRU_1 step 1600 lr 3.000e-04 [train] loss 0.7375 acc 0.7795 (0.577 secs)
minGRU:depth_minGRU_1 step 1700 lr 3.000e-04 [train] loss 0.8028 acc 0.7536 (0.634 secs)
minGRU:depth_minGRU_1 step 1800 lr 3.000e-04 [train] loss 0.6898 acc 0.7925 (0.643 secs)
minGRU:depth_minGRU_1 step 1900 lr 3.000e-04 [train] loss 0.6590 acc 0.7997 (0.689 secs)
minGRU:depth_minGRU_1 step 2000 lr 3.000e-04 [train] loss 0.6596 acc 0.7990 (0.689 secs)
Evaluating on val
minGRU: depth_minGRU_1[val] loss 2.4408 acc 0.3487 (3.114 secs)

Early Stopping!
minGRU:depth_minGRU_1 step 2100 lr 3.000e-04 [train] loss 0.6025 acc 0.8188 (3.979 secs)
minGRU:depth_minGRU_1 step 2200 lr 3.000e-04 [train] loss 0.6205 acc 0.8091 (0.600 secs)
minGRU:depth_minGRU_1 step 2300 lr 3.000e-04 [train] loss 0.6115 acc 0.8023 (0.606 secs)
minGRU:depth_minGRU_1 step 2400 lr 3.000e-04 [train] loss 0.5554 acc 0.8234 (0.592 secs)
minGRU:depth_minGRU_1 step 2500 lr 3.000e-04 [train] loss 0.5675 acc 0.8202 (0.621 secs)
minGRU:depth_minGRU_1 step 2600 lr 3.000e-04 [train] loss 0.5409 acc 0.8321 (0.609 secs)
minGRU:depth_minGRU_1 step 2700 lr 3.000e-04 [train] loss 0.5411 acc 0.8265 (0.606 secs)
minGRU:depth_minGRU_1 step 2800 lr 3.000e-04 [train] loss 0.5237 acc 0.8330 (0.619 secs)
minGRU:depth_minGRU_1 step 2900 lr 3.000e-04 [train] loss 0.4892 acc 0.8460 (0.597 secs)
minGRU:depth_minGRU_1 step 3000 lr 3.000e-04 [train] loss 0.4558 acc 0.8616 (0.599 secs)
minGRU:depth_minGRU_1 step 3100 lr 3.000e-04 [train] loss 0.4619 acc 0.8526 (0.613 secs)
minGRU:depth_minGRU_1 step 3200 lr 3.000e-04 [train] loss 0.4682 acc 0.8528 (0.614 secs)
minGRU:depth_minGRU_1 step 3300 lr 3.000e-04 [train] loss 0.4726 acc 0.8455 (0.583 secs)
minGRU:depth_minGRU_1 step 3400 lr 3.000e-04 [train] loss 0.4558 acc 0.8508 (0.663 secs)
minGRU:depth_minGRU_1 step 3500 lr 3.000e-04 [train] loss 0.4150 acc 0.8694 (0.678 secs)
minGRU:depth_minGRU_1 step 3600 lr 3.000e-04 [train] loss 0.4416 acc 0.8546 (0.689 secs)
minGRU:depth_minGRU_1 step 3700 lr 3.000e-04 [train] loss 0.3970 acc 0.8744 (0.688 secs)
minGRU:depth_minGRU_1 step 3800 lr 3.000e-04 [train] loss 0.4053 acc 0.8695 (0.781 secs)
minGRU:depth_minGRU_1 step 3900 lr 3.000e-04 [train] loss 0.4427 acc 0.8555 (0.625 secs)
minGRU:depth_minGRU_1 step 4000 lr 3.000e-04 [train] loss 0.3986 acc 0.8709 (0.603 secs)
Evaluating on val
minGRU: depth_minGRU_1[val] loss 1.9091 acc 0.4464 (3.308 secs)

Early Stopping!
minGRU:depth_minGRU_1 step 4100 lr 3.000e-04 [train] loss 0.3760 acc 0.8809 (4.109 secs)
minGRU:depth_minGRU_1 step 4200 lr 3.000e-04 [train] loss 0.4153 acc 0.8609 (0.607 secs)
minGRU:depth_minGRU_1 step 4300 lr 3.000e-04 [train] loss 0.3757 acc 0.8739 (0.592 secs)
minGRU:depth_minGRU_1 step 4400 lr 3.000e-04 [train] loss 0.3754 acc 0.8769 (0.606 secs)
minGRU:depth_minGRU_1 step 4500 lr 3.000e-04 [train] loss 0.4023 acc 0.8613 (0.608 secs)
minGRU:depth_minGRU_1 step 4600 lr 3.000e-04 [train] loss 0.3484 acc 0.8872 (0.584 secs)
minGRU:depth_minGRU_1 step 4700 lr 3.000e-04 [train] loss 0.3871 acc 0.8731 (0.619 secs)
minGRU:depth_minGRU_1 step 4800 lr 3.000e-04 [train] loss 0.3430 acc 0.8891 (0.598 secs)
minGRU:depth_minGRU_1 step 4900 lr 3.000e-04 [train] loss 0.3401 acc 0.8870 (0.641 secs)
minGRU:depth_minGRU_1 step 5000 lr 3.000e-04 [train] loss 0.3333 acc 0.8882 (0.662 secs)
minGRU:depth_minGRU_1 step 5100 lr 3.000e-04 [train] loss 0.3806 acc 0.8730 (0.708 secs)
minGRU:depth_minGRU_1 step 5200 lr 3.000e-04 [train] loss 0.3408 acc 0.8864 (0.696 secs)
minGRU:depth_minGRU_1 step 5300 lr 3.000e-04 [train] loss 0.3375 acc 0.8873 (0.750 secs)
minGRU:depth_minGRU_1 step 5400 lr 3.000e-04 [train] loss 0.4033 acc 0.8607 (0.674 secs)
minGRU:depth_minGRU_1 step 5500 lr 3.000e-04 [train] loss 0.3214 acc 0.8959 (0.607 secs)
minGRU:depth_minGRU_1 step 5600 lr 3.000e-04 [train] loss 0.3371 acc 0.8905 (0.624 secs)
minGRU:depth_minGRU_1 step 5700 lr 3.000e-04 [train] loss 0.3818 acc 0.8678 (0.654 secs)
minGRU:depth_minGRU_1 step 5800 lr 3.000e-04 [train] loss 0.3503 acc 0.8765 (0.632 secs)
minGRU:depth_minGRU_1 step 5900 lr 3.000e-04 [train] loss 0.3173 acc 0.8930 (0.611 secs)
minGRU:depth_minGRU_1 step 6000 lr 3.000e-04 [train] loss 0.3387 acc 0.8841 (0.603 secs)
Evaluating on val
minGRU: depth_minGRU_1[val] loss 1.7790 acc 0.4730 (3.104 secs)

Early Stopping!
minGRU:depth_minGRU_1 step 6100 lr 3.000e-04 [train] loss 0.2951 acc 0.9063 (3.911 secs)
minGRU:depth_minGRU_1 step 6200 lr 3.000e-04 [train] loss 0.3232 acc 0.8934 (0.609 secs)
minGRU:depth_minGRU_1 step 6300 lr 3.000e-04 [train] loss 0.3240 acc 0.8891 (0.601 secs)
minGRU:depth_minGRU_1 step 6400 lr 3.000e-04 [train] loss 0.2933 acc 0.9011 (0.593 secs)
minGRU:depth_minGRU_1 step 6500 lr 3.000e-04 [train] loss 0.3116 acc 0.8932 (0.723 secs)
minGRU:depth_minGRU_1 step 6600 lr 3.000e-04 [train] loss 0.3330 acc 0.8867 (0.676 secs)
minGRU:depth_minGRU_1 step 6700 lr 3.000e-04 [train] loss 0.3475 acc 0.8788 (0.689 secs)
minGRU:depth_minGRU_1 step 6800 lr 3.000e-04 [train] loss 0.3235 acc 0.8882 (0.738 secs)
minGRU:depth_minGRU_1 step 6900 lr 3.000e-04 [train] loss 0.3163 acc 0.8950 (0.656 secs)
minGRU:depth_minGRU_1 step 7000 lr 3.000e-04 [train] loss 0.3018 acc 0.8983 (0.603 secs)
minGRU:depth_minGRU_1 step 7100 lr 3.000e-04 [train] loss 0.3221 acc 0.8909 (0.640 secs)
minGRU:depth_minGRU_1 step 7200 lr 3.000e-04 [train] loss 0.3087 acc 0.8919 (0.612 secs)
minGRU:depth_minGRU_1 step 7300 lr 3.000e-04 [train] loss 0.3079 acc 0.8917 (0.599 secs)
minGRU:depth_minGRU_1 step 7400 lr 3.000e-04 [train] loss 0.2829 acc 0.9030 (0.594 secs)
minGRU:depth_minGRU_1 step 7500 lr 3.000e-04 [train] loss 0.2864 acc 0.9028 (0.612 secs)
minGRU:depth_minGRU_1 step 7600 lr 3.000e-04 [train] loss 0.2668 acc 0.9104 (0.572 secs)
minGRU:depth_minGRU_1 step 7700 lr 3.000e-04 [train] loss 0.2913 acc 0.9013 (0.588 secs)
minGRU:depth_minGRU_1 step 7800 lr 3.000e-04 [train] loss 0.2973 acc 0.9012 (0.604 secs)
minGRU:depth_minGRU_1 step 7900 lr 3.000e-04 [train] loss 0.2802 acc 0.9049 (0.604 secs)
minGRU:depth_minGRU_1 step 8000 lr 3.000e-04 [train] loss 0.3323 acc 0.8797 (0.643 secs)
Evaluating on val
minGRU: depth_minGRU_1[val] loss 1.8003 acc 0.4792 (3.028 secs)

Early Stopping!
minGRU:depth_minGRU_1 step 8100 lr 3.000e-04 [train] loss 0.2860 acc 0.9062 (3.942 secs)
minGRU:depth_minGRU_1 step 8200 lr 3.000e-04 [train] loss 0.2869 acc 0.9002 (0.698 secs)
minGRU:depth_minGRU_1 step 8300 lr 3.000e-04 [train] loss 0.2964 acc 0.8988 (0.706 secs)
minGRU:depth_minGRU_1 step 8400 lr 3.000e-04 [train] loss 0.3173 acc 0.8887 (0.777 secs)
minGRU:depth_minGRU_1 step 8500 lr 3.000e-04 [train] loss 0.3166 acc 0.8866 (0.610 secs)
minGRU:depth_minGRU_1 step 8600 lr 3.000e-04 [train] loss 0.2602 acc 0.9112 (0.580 secs)
minGRU:depth_minGRU_1 step 8700 lr 3.000e-04 [train] loss 0.2964 acc 0.8974 (0.609 secs)
minGRU:depth_minGRU_1 step 8800 lr 3.000e-04 [train] loss 0.2861 acc 0.9014 (0.607 secs)
minGRU:depth_minGRU_1 step 8900 lr 3.000e-04 [train] loss 0.2706 acc 0.9044 (0.581 secs)
minGRU:depth_minGRU_1 step 9000 lr 3.000e-04 [train] loss 0.3093 acc 0.8895 (0.613 secs)
minGRU:depth_minGRU_1 step 9100 lr 3.000e-04 [train] loss 0.3105 acc 0.8909 (0.637 secs)
minGRU:depth_minGRU_1 step 9200 lr 3.000e-04 [train] loss 0.3085 acc 0.8907 (0.615 secs)
minGRU:depth_minGRU_1 step 9300 lr 3.000e-04 [train] loss 0.2488 acc 0.9160 (0.586 secs)
minGRU:depth_minGRU_1 step 9400 lr 3.000e-04 [train] loss 0.3372 acc 0.8909 (0.591 secs)
minGRU:depth_minGRU_1 step 9500 lr 3.000e-04 [train] loss 0.2564 acc 0.9163 (0.590 secs)
minGRU:depth_minGRU_1 step 9600 lr 3.000e-04 [train] loss 0.2837 acc 0.8996 (0.608 secs)
minGRU:depth_minGRU_1 step 9700 lr 3.000e-04 [train] loss 0.2689 acc 0.9048 (0.602 secs)
minGRU:depth_minGRU_1 step 9800 lr 3.000e-04 [train] loss 0.2645 acc 0.9077 (0.596 secs)
minGRU:depth_minGRU_1 step 9900 lr 3.000e-04 [train] loss 0.2695 acc 0.9029 (0.605 secs)
minGRU:depth_minGRU_1 step 10000 lr 3.000e-04 [train] loss 0.2484 acc 0.9155 (0.585 secs)
Evaluating on val
minGRU: depth_minGRU_1[val] loss 1.6268 acc 0.5105 (3.028 secs)

Early Stopping!
minGRU:depth_minGRU_1 step 10100 lr 3.000e-04 [train] loss 0.2913 acc 0.8972 (3.939 secs)
minGRU:depth_minGRU_1 step 10200 lr 3.000e-04 [train] loss 0.2616 acc 0.9070 (0.583 secs)
minGRU:depth_minGRU_1 step 10300 lr 3.000e-04 [train] loss 0.2858 acc 0.9000 (0.606 secs)
minGRU:depth_minGRU_1 step 10400 lr 3.000e-04 [train] loss 0.2585 acc 0.9091 (0.593 secs)
minGRU:depth_minGRU_1 step 10500 lr 3.000e-04 [train] loss 0.2445 acc 0.9182 (0.593 secs)
minGRU:depth_minGRU_1 step 10600 lr 3.000e-04 [train] loss 0.2450 acc 0.9141 (0.573 secs)
minGRU:depth_minGRU_1 step 10700 lr 3.000e-04 [train] loss 0.2953 acc 0.8959 (0.617 secs)
minGRU:depth_minGRU_1 step 10800 lr 3.000e-04 [train] loss 0.2596 acc 0.9089 (0.614 secs)
minGRU:depth_minGRU_1 step 10900 lr 3.000e-04 [train] loss 0.2651 acc 0.9068 (0.602 secs)
minGRU:depth_minGRU_1 step 11000 lr 3.000e-04 [train] loss 0.2385 acc 0.9186 (0.598 secs)
minGRU:depth_minGRU_1 step 11100 lr 3.000e-04 [train] loss 0.2646 acc 0.9042 (0.598 secs)
minGRU:depth_minGRU_1 step 11200 lr 3.000e-04 [train] loss 0.2652 acc 0.9101 (0.623 secs)
minGRU:depth_minGRU_1 step 11300 lr 3.000e-04 [train] loss 0.2253 acc 0.9224 (0.586 secs)
minGRU:depth_minGRU_1 step 11400 lr 3.000e-04 [train] loss 0.2705 acc 0.9074 (0.607 secs)
minGRU:depth_minGRU_1 step 11500 lr 3.000e-04 [train] loss 0.2537 acc 0.9126 (0.598 secs)
minGRU:depth_minGRU_1 step 11600 lr 3.000e-04 [train] loss 0.2638 acc 0.9062 (0.607 secs)
minGRU:depth_minGRU_1 step 11700 lr 3.000e-04 [train] loss 0.2427 acc 0.9142 (0.590 secs)
minGRU:depth_minGRU_1 step 11800 lr 3.000e-04 [train] loss 0.2328 acc 0.9180 (0.691 secs)
minGRU:depth_minGRU_1 step 11900 lr 3.000e-04 [train] loss 0.2865 acc 0.9008 (0.695 secs)
minGRU:depth_minGRU_1 step 12000 lr 3.000e-04 [train] loss 0.2757 acc 0.9023 (0.699 secs)
Evaluating on val
minGRU: depth_minGRU_1[val] loss 2.0165 acc 0.4508 (3.047 secs)

minGRU:depth_minGRU_1 step 12100 lr 3.000e-04 [train] loss 0.2357 acc 0.9170 (3.866 secs)
minGRU:depth_minGRU_1 step 12200 lr 3.000e-04 [train] loss 0.2348 acc 0.9183 (0.596 secs)
minGRU:depth_minGRU_1 step 12300 lr 3.000e-04 [train] loss 0.2755 acc 0.9002 (0.631 secs)
minGRU:depth_minGRU_1 step 12400 lr 3.000e-04 [train] loss 0.2524 acc 0.9105 (0.615 secs)
minGRU:depth_minGRU_1 step 12500 lr 3.000e-04 [train] loss 0.2637 acc 0.9041 (0.596 secs)
minGRU:depth_minGRU_1 step 12600 lr 3.000e-04 [train] loss 0.2532 acc 0.9105 (0.595 secs)
minGRU:depth_minGRU_1 step 12700 lr 3.000e-04 [train] loss 0.2978 acc 0.8970 (0.637 secs)
minGRU:depth_minGRU_1 step 12800 lr 3.000e-04 [train] loss 0.2720 acc 0.9019 (0.606 secs)
minGRU:depth_minGRU_1 step 12900 lr 3.000e-04 [train] loss 0.2478 acc 0.9070 (0.594 secs)
minGRU:depth_minGRU_1 step 13000 lr 3.000e-04 [train] loss 0.2568 acc 0.9111 (0.616 secs)
minGRU:depth_minGRU_1 step 13100 lr 3.000e-04 [train] loss 0.2675 acc 0.9025 (0.644 secs)
minGRU:depth_minGRU_1 step 13200 lr 3.000e-04 [train] loss 0.2142 acc 0.9249 (0.606 secs)
minGRU:depth_minGRU_1 step 13300 lr 3.000e-04 [train] loss 0.2710 acc 0.9045 (0.677 secs)
minGRU:depth_minGRU_1 step 13400 lr 3.000e-04 [train] loss 0.2356 acc 0.9195 (0.701 secs)
minGRU:depth_minGRU_1 step 13500 lr 3.000e-04 [train] loss 0.2338 acc 0.9181 (0.677 secs)
minGRU:depth_minGRU_1 step 13600 lr 3.000e-04 [train] loss 0.2646 acc 0.9054 (0.677 secs)
minGRU:depth_minGRU_1 step 13700 lr 3.000e-04 [train] loss 0.2467 acc 0.9127 (0.756 secs)
minGRU:depth_minGRU_1 step 13800 lr 3.000e-04 [train] loss 0.2303 acc 0.9232 (0.641 secs)
minGRU:depth_minGRU_1 step 13900 lr 3.000e-04 [train] loss 0.2070 acc 0.9287 (0.579 secs)
minGRU:depth_minGRU_1 step 14000 lr 3.000e-04 [train] loss 0.2257 acc 0.9213 (0.605 secs)
Evaluating on val
minGRU: depth_minGRU_1[val] loss 1.8470 acc 0.4852 (3.084 secs)

minGRU:depth_minGRU_1 step 14100 lr 3.000e-04 [train] loss 0.2524 acc 0.9077 (3.894 secs)
minGRU:depth_minGRU_1 step 14200 lr 3.000e-04 [train] loss 0.2747 acc 0.8991 (0.613 secs)
minGRU:depth_minGRU_1 step 14300 lr 3.000e-04 [train] loss 0.2278 acc 0.9189 (0.577 secs)
minGRU:depth_minGRU_1 step 14400 lr 3.000e-04 [train] loss 0.2798 acc 0.8995 (0.640 secs)
minGRU:depth_minGRU_1 step 14500 lr 3.000e-04 [train] loss 0.2302 acc 0.9170 (0.582 secs)
minGRU:depth_minGRU_1 step 14600 lr 3.000e-04 [train] loss 0.2105 acc 0.9259 (0.573 secs)
minGRU:depth_minGRU_1 step 14700 lr 3.000e-04 [train] loss 0.2289 acc 0.9180 (0.587 secs)
minGRU:depth_minGRU_1 step 14800 lr 3.000e-04 [train] loss 0.2590 acc 0.9052 (0.615 secs)
minGRU:depth_minGRU_1 step 14900 lr 3.000e-04 [train] loss 0.2261 acc 0.9206 (0.684 secs)
minGRU:depth_minGRU_1 step 15000 lr 3.000e-04 [train] loss 0.2703 acc 0.9039 (0.703 secs)
minGRU:depth_minGRU_1 step 15100 lr 3.000e-04 [train] loss 0.2444 acc 0.9127 (0.727 secs)
minGRU:depth_minGRU_1 step 15200 lr 3.000e-04 [train] loss 0.2220 acc 0.9216 (0.707 secs)
minGRU:depth_minGRU_1 step 15300 lr 3.000e-04 [train] loss 0.2356 acc 0.9164 (0.706 secs)
minGRU:depth_minGRU_1 step 15400 lr 3.000e-04 [train] loss 0.2041 acc 0.9268 (0.580 secs)
minGRU:depth_minGRU_1 step 15500 lr 3.000e-04 [train] loss 0.2352 acc 0.9150 (0.603 secs)
minGRU:depth_minGRU_1 step 15600 lr 3.000e-04 [train] loss 0.1995 acc 0.9322 (0.583 secs)
minGRU:depth_minGRU_1 step 15700 lr 3.000e-04 [train] loss 0.2636 acc 0.9049 (0.599 secs)
minGRU:depth_minGRU_1 step 15800 lr 3.000e-04 [train] loss 0.2412 acc 0.9104 (0.603 secs)
minGRU:depth_minGRU_1 step 15900 lr 3.000e-04 [train] loss 0.2628 acc 0.9047 (0.635 secs)
minGRU:depth_minGRU_1 step 16000 lr 3.000e-04 [train] loss 0.2349 acc 0.9172 (0.606 secs)
Evaluating on val
minGRU: depth_minGRU_1[val] loss 2.1584 acc 0.4463 (3.092 secs)

minGRU:depth_minGRU_1 step 16100 lr 3.000e-04 [train] loss 0.2642 acc 0.9033 (3.900 secs)
minGRU:depth_minGRU_1 step 16200 lr 3.000e-04 [train] loss 0.2322 acc 0.9184 (0.596 secs)
minGRU:depth_minGRU_1 step 16300 lr 3.000e-04 [train] loss 0.2289 acc 0.9203 (0.577 secs)
minGRU:depth_minGRU_1 step 16400 lr 3.000e-04 [train] loss 0.2242 acc 0.9205 (0.606 secs)
minGRU:depth_minGRU_1 step 16500 lr 3.000e-04 [train] loss 0.2367 acc 0.9168 (0.708 secs)
minGRU:depth_minGRU_1 step 16600 lr 3.000e-04 [train] loss 0.2280 acc 0.9194 (0.688 secs)
minGRU:depth_minGRU_1 step 16700 lr 3.000e-04 [train] loss 0.2195 acc 0.9207 (0.696 secs)
minGRU:depth_minGRU_1 step 16800 lr 3.000e-04 [train] loss 0.2426 acc 0.9148 (0.742 secs)
minGRU:depth_minGRU_1 step 16900 lr 3.000e-04 [train] loss 0.2501 acc 0.9099 (0.677 secs)
minGRU:depth_minGRU_1 step 17000 lr 3.000e-04 [train] loss 0.2552 acc 0.9083 (0.618 secs)
minGRU:depth_minGRU_1 step 17100 lr 3.000e-04 [train] loss 0.2354 acc 0.9151 (0.648 secs)
minGRU:depth_minGRU_1 step 17200 lr 3.000e-04 [train] loss 0.2219 acc 0.9223 (0.602 secs)
minGRU:depth_minGRU_1 step 17300 lr 3.000e-04 [train] loss 0.2118 acc 0.9270 (0.590 secs)
minGRU:depth_minGRU_1 step 17400 lr 3.000e-04 [train] loss 0.2233 acc 0.9221 (0.596 secs)
minGRU:depth_minGRU_1 step 17500 lr 3.000e-04 [train] loss 0.2374 acc 0.9130 (0.609 secs)
minGRU:depth_minGRU_1 step 17600 lr 3.000e-04 [train] loss 0.2237 acc 0.9197 (0.613 secs)
minGRU:depth_minGRU_1 step 17700 lr 3.000e-04 [train] loss 0.2462 acc 0.9095 (0.602 secs)
minGRU:depth_minGRU_1 step 17800 lr 3.000e-04 [train] loss 0.2629 acc 0.9083 (0.631 secs)
minGRU:depth_minGRU_1 step 17900 lr 3.000e-04 [train] loss 0.2170 acc 0.9250 (0.611 secs)
minGRU:depth_minGRU_1 step 18000 lr 3.000e-04 [train] loss 0.2114 acc 0.9248 (0.599 secs)
Evaluating on val
minGRU: depth_minGRU_1[val] loss 2.0367 acc 0.4616 (3.058 secs)

minGRU:depth_minGRU_1 step 18100 lr 3.000e-04 [train] loss 0.2706 acc 0.9004 (3.949 secs)
minGRU:depth_minGRU_1 step 18200 lr 3.000e-04 [train] loss 0.2076 acc 0.9272 (0.698 secs)
minGRU:depth_minGRU_1 step 18300 lr 3.000e-04 [train] loss 0.2042 acc 0.9272 (0.701 secs)
minGRU:depth_minGRU_1 step 18400 lr 3.000e-04 [train] loss 0.2255 acc 0.9178 (0.722 secs)
minGRU:depth_minGRU_1 step 18500 lr 3.000e-04 [train] loss 0.2786 acc 0.8977 (0.608 secs)
minGRU:depth_minGRU_1 step 18600 lr 3.000e-04 [train] loss 0.2196 acc 0.9224 (0.598 secs)
minGRU:depth_minGRU_1 step 18700 lr 3.000e-04 [train] loss 0.2236 acc 0.9203 (0.601 secs)
minGRU:depth_minGRU_1 step 18800 lr 3.000e-04 [train] loss 0.2359 acc 0.9141 (0.615 secs)
minGRU:depth_minGRU_1 step 18900 lr 3.000e-04 [train] loss 0.2201 acc 0.9215 (0.596 secs)
minGRU:depth_minGRU_1 step 19000 lr 3.000e-04 [train] loss 0.2257 acc 0.9155 (0.599 secs)
minGRU:depth_minGRU_1 step 19100 lr 3.000e-04 [train] loss 0.2280 acc 0.9158 (0.613 secs)
minGRU:depth_minGRU_1 step 19200 lr 3.000e-04 [train] loss 0.1892 acc 0.9326 (0.568 secs)
minGRU:depth_minGRU_1 step 19300 lr 3.000e-04 [train] loss 0.2361 acc 0.9159 (0.623 secs)
minGRU:depth_minGRU_1 step 19400 lr 3.000e-04 [train] loss 0.2154 acc 0.9220 (0.614 secs)
minGRU:depth_minGRU_1 step 19500 lr 3.000e-04 [train] loss 0.2101 acc 0.9228 (0.601 secs)
minGRU:depth_minGRU_1 step 19600 lr 3.000e-04 [train] loss 0.2419 acc 0.9106 (0.592 secs)
minGRU:depth_minGRU_1 step 19700 lr 3.000e-04 [train] loss 0.2473 acc 0.9106 (0.597 secs)
minGRU:depth_minGRU_1 step 19800 lr 3.000e-04 [train] loss 0.1931 acc 0.9330 (0.576 secs)
minGRU:depth_minGRU_1 step 19900 lr 3.000e-04 [train] loss 0.2011 acc 0.9298 (0.591 secs)
minGRU:depth_minGRU_1 step 20000 lr 3.000e-04 [train] loss 0.2265 acc 0.9164 (0.600 secs)
Evaluating on val
minGRU: depth_minGRU_1[val] loss 2.1274 acc 0.4597 (3.050 secs)

Evaluating on test
minGRU: depth_minGRU_1[test] loss 2.1988 acc 0.4454 (3.165 secs)

