Experiment: depth_minGRU_1
Total number of parameters: 230912

minGRU:depth_minGRU_1 step 0 lr 3.000e-04 [train] loss 4.1478 acc 0.0547 (0.350 secs)
Evaluating on val
minGRU: depth_minGRU_1[val] loss 4.3004 acc 0.0272 (3.107 secs)

Early Stopping!
minGRU:depth_minGRU_1 step 100 lr 3.000e-04 [train] loss 3.8967 acc 0.0870 (3.990 secs)
minGRU:depth_minGRU_1 step 200 lr 3.000e-04 [train] loss 3.6162 acc 0.1855 (0.609 secs)
minGRU:depth_minGRU_1 step 300 lr 3.000e-04 [train] loss 3.4389 acc 0.2253 (0.606 secs)
minGRU:depth_minGRU_1 step 400 lr 3.000e-04 [train] loss 3.1280 acc 0.2755 (0.612 secs)
minGRU:depth_minGRU_1 step 500 lr 3.000e-04 [train] loss 3.0673 acc 0.2794 (0.734 secs)
minGRU:depth_minGRU_1 step 600 lr 3.000e-04 [train] loss 2.6805 acc 0.3367 (0.695 secs)
minGRU:depth_minGRU_1 step 700 lr 3.000e-04 [train] loss 2.1467 acc 0.4380 (0.669 secs)
minGRU:depth_minGRU_1 step 800 lr 3.000e-04 [train] loss 1.7672 acc 0.5331 (0.743 secs)
minGRU:depth_minGRU_1 step 900 lr 3.000e-04 [train] loss 1.5084 acc 0.5854 (0.750 secs)
minGRU:depth_minGRU_1 step 1000 lr 3.000e-04 [train] loss 1.2748 acc 0.6378 (0.628 secs)
minGRU:depth_minGRU_1 step 1100 lr 3.000e-04 [train] loss 1.1240 acc 0.6771 (0.637 secs)
minGRU:depth_minGRU_1 step 1200 lr 3.000e-04 [train] loss 1.0113 acc 0.7112 (0.596 secs)
minGRU:depth_minGRU_1 step 1300 lr 3.000e-04 [train] loss 0.9570 acc 0.7212 (0.622 secs)
minGRU:depth_minGRU_1 step 1400 lr 3.000e-04 [train] loss 0.8521 acc 0.7452 (0.614 secs)
minGRU:depth_minGRU_1 step 1500 lr 3.000e-04 [train] loss 0.8608 acc 0.7368 (0.598 secs)
minGRU:depth_minGRU_1 step 1600 lr 3.000e-04 [train] loss 0.8093 acc 0.7480 (0.628 secs)
minGRU:depth_minGRU_1 step 1700 lr 3.000e-04 [train] loss 0.7501 acc 0.7761 (0.608 secs)
minGRU:depth_minGRU_1 step 1800 lr 3.000e-04 [train] loss 0.6858 acc 0.7913 (0.602 secs)
minGRU:depth_minGRU_1 step 1900 lr 3.000e-04 [train] loss 0.6649 acc 0.7914 (0.605 secs)
minGRU:depth_minGRU_1 step 2000 lr 3.000e-04 [train] loss 0.6803 acc 0.7902 (0.607 secs)
Evaluating on val
minGRU: depth_minGRU_1[val] loss 2.3832 acc 0.3659 (3.367 secs)

Early Stopping!
minGRU:depth_minGRU_1 step 2100 lr 3.000e-04 [train] loss 0.6582 acc 0.7966 (4.285 secs)
minGRU:depth_minGRU_1 step 2200 lr 3.000e-04 [train] loss 0.5688 acc 0.8345 (0.693 secs)
minGRU:depth_minGRU_1 step 2300 lr 3.000e-04 [train] loss 0.5625 acc 0.8253 (0.726 secs)
minGRU:depth_minGRU_1 step 2400 lr 3.000e-04 [train] loss 0.5129 acc 0.8441 (0.673 secs)
minGRU:depth_minGRU_1 step 2500 lr 3.000e-04 [train] loss 0.5536 acc 0.8279 (0.608 secs)
minGRU:depth_minGRU_1 step 2600 lr 3.000e-04 [train] loss 0.5334 acc 0.8306 (0.605 secs)
minGRU:depth_minGRU_1 step 2700 lr 3.000e-04 [train] loss 0.5169 acc 0.8359 (0.612 secs)
minGRU:depth_minGRU_1 step 2800 lr 3.000e-04 [train] loss 0.4709 acc 0.8534 (0.595 secs)
minGRU:depth_minGRU_1 step 2900 lr 3.000e-04 [train] loss 0.4471 acc 0.8657 (0.561 secs)
minGRU:depth_minGRU_1 step 3000 lr 3.000e-04 [train] loss 0.4738 acc 0.8483 (0.607 secs)
minGRU:depth_minGRU_1 step 3100 lr 3.000e-04 [train] loss 0.4788 acc 0.8470 (0.620 secs)
minGRU:depth_minGRU_1 step 3200 lr 3.000e-04 [train] loss 0.4278 acc 0.8697 (0.599 secs)
minGRU:depth_minGRU_1 step 3300 lr 3.000e-04 [train] loss 0.4914 acc 0.8419 (0.632 secs)
minGRU:depth_minGRU_1 step 3400 lr 3.000e-04 [train] loss 0.4099 acc 0.8763 (0.580 secs)
minGRU:depth_minGRU_1 step 3500 lr 3.000e-04 [train] loss 0.4220 acc 0.8595 (0.599 secs)
minGRU:depth_minGRU_1 step 3600 lr 3.000e-04 [train] loss 0.4094 acc 0.8659 (0.585 secs)
minGRU:depth_minGRU_1 step 3700 lr 3.000e-04 [train] loss 0.4355 acc 0.8555 (0.617 secs)
minGRU:depth_minGRU_1 step 3800 lr 3.000e-04 [train] loss 0.4346 acc 0.8530 (0.593 secs)
minGRU:depth_minGRU_1 step 3900 lr 3.000e-04 [train] loss 0.4426 acc 0.8481 (0.617 secs)
minGRU:depth_minGRU_1 step 4000 lr 3.000e-04 [train] loss 0.3623 acc 0.8868 (0.584 secs)
Evaluating on val
minGRU: depth_minGRU_1[val] loss 2.2751 acc 0.3949 (3.126 secs)

Early Stopping!
minGRU:depth_minGRU_1 step 4100 lr 3.000e-04 [train] loss 0.3785 acc 0.8770 (3.950 secs)
minGRU:depth_minGRU_1 step 4200 lr 3.000e-04 [train] loss 0.4188 acc 0.8604 (0.617 secs)
minGRU:depth_minGRU_1 step 4300 lr 3.000e-04 [train] loss 0.4167 acc 0.8621 (0.597 secs)
minGRU:depth_minGRU_1 step 4400 lr 3.000e-04 [train] loss 0.3901 acc 0.8703 (0.626 secs)
minGRU:depth_minGRU_1 step 4500 lr 3.000e-04 [train] loss 0.3821 acc 0.8728 (0.589 secs)
minGRU:depth_minGRU_1 step 4600 lr 3.000e-04 [train] loss 0.3613 acc 0.8792 (0.601 secs)
minGRU:depth_minGRU_1 step 4700 lr 3.000e-04 [train] loss 0.3392 acc 0.8904 (0.583 secs)
minGRU:depth_minGRU_1 step 4800 lr 3.000e-04 [train] loss 0.3463 acc 0.8861 (0.609 secs)
minGRU:depth_minGRU_1 step 4900 lr 3.000e-04 [train] loss 0.3055 acc 0.9034 (0.580 secs)
minGRU:depth_minGRU_1 step 5000 lr 3.000e-04 [train] loss 0.3382 acc 0.8881 (0.583 secs)
minGRU:depth_minGRU_1 step 5100 lr 3.000e-04 [train] loss 0.3585 acc 0.8790 (0.621 secs)
minGRU:depth_minGRU_1 step 5200 lr 3.000e-04 [train] loss 0.2943 acc 0.9052 (0.568 secs)
minGRU:depth_minGRU_1 step 5300 lr 3.000e-04 [train] loss 0.3345 acc 0.8905 (0.599 secs)
minGRU:depth_minGRU_1 step 5400 lr 3.000e-04 [train] loss 0.3098 acc 0.8996 (0.579 secs)
minGRU:depth_minGRU_1 step 5500 lr 3.000e-04 [train] loss 0.3216 acc 0.8952 (0.592 secs)
minGRU:depth_minGRU_1 step 5600 lr 3.000e-04 [train] loss 0.3511 acc 0.8805 (0.609 secs)
minGRU:depth_minGRU_1 step 5700 lr 3.000e-04 [train] loss 0.3240 acc 0.8931 (0.646 secs)
minGRU:depth_minGRU_1 step 5800 lr 3.000e-04 [train] loss 0.3093 acc 0.8943 (0.686 secs)
minGRU:depth_minGRU_1 step 5900 lr 3.000e-04 [train] loss 0.3495 acc 0.8795 (0.699 secs)
minGRU:depth_minGRU_1 step 6000 lr 3.000e-04 [train] loss 0.3450 acc 0.8810 (0.682 secs)
Evaluating on val
minGRU: depth_minGRU_1[val] loss 1.9736 acc 0.4543 (3.024 secs)

Early Stopping!
minGRU:depth_minGRU_1 step 6100 lr 3.000e-04 [train] loss 0.3797 acc 0.8747 (3.952 secs)
minGRU:depth_minGRU_1 step 6200 lr 3.000e-04 [train] loss 0.3083 acc 0.8970 (0.596 secs)
minGRU:depth_minGRU_1 step 6300 lr 3.000e-04 [train] loss 0.3020 acc 0.8964 (0.594 secs)
minGRU:depth_minGRU_1 step 6400 lr 3.000e-04 [train] loss 0.3469 acc 0.8773 (0.618 secs)
minGRU:depth_minGRU_1 step 6500 lr 3.000e-04 [train] loss 0.3304 acc 0.8872 (0.621 secs)
minGRU:depth_minGRU_1 step 6600 lr 3.000e-04 [train] loss 0.3186 acc 0.8941 (0.622 secs)
minGRU:depth_minGRU_1 step 6700 lr 3.000e-04 [train] loss 0.3077 acc 0.8968 (0.593 secs)
minGRU:depth_minGRU_1 step 6800 lr 3.000e-04 [train] loss 0.3132 acc 0.8941 (0.606 secs)
minGRU:depth_minGRU_1 step 6900 lr 3.000e-04 [train] loss 0.2961 acc 0.9004 (0.605 secs)
minGRU:depth_minGRU_1 step 7000 lr 3.000e-04 [train] loss 0.2805 acc 0.9073 (0.574 secs)
minGRU:depth_minGRU_1 step 7100 lr 3.000e-04 [train] loss 0.2927 acc 0.9016 (0.636 secs)
minGRU:depth_minGRU_1 step 7200 lr 3.000e-04 [train] loss 0.3166 acc 0.8921 (0.629 secs)
minGRU:depth_minGRU_1 step 7300 lr 3.000e-04 [train] loss 0.3365 acc 0.8789 (0.707 secs)
minGRU:depth_minGRU_1 step 7400 lr 3.000e-04 [train] loss 0.2861 acc 0.9014 (0.709 secs)
minGRU:depth_minGRU_1 step 7500 lr 3.000e-04 [train] loss 0.2769 acc 0.9037 (0.698 secs)
minGRU:depth_minGRU_1 step 7600 lr 3.000e-04 [train] loss 0.2922 acc 0.8985 (0.703 secs)
