Experiment: depth_minGRU_1
Total number of parameters: 230912

minGRU:depth_minGRU_1 step 0 lr 3.000e-04 [train] loss 4.2341 acc 0.0312 (0.875 secs)
Evaluating on val
minGRU: depth_minGRU_1[val] loss 4.2366 acc 0.0256 (3.011 secs)

Early Stopping!
minGRU:depth_minGRU_1 step 100 lr 3.000e-04 [train] loss 3.8929 acc 0.0808 (7.568 secs)
minGRU:depth_minGRU_1 step 200 lr 3.000e-04 [train] loss 3.6364 acc 0.1731 (0.643 secs)
minGRU:depth_minGRU_1 step 300 lr 3.000e-04 [train] loss 3.3474 acc 0.2526 (0.719 secs)
minGRU:depth_minGRU_1 step 400 lr 3.000e-04 [train] loss 3.1446 acc 0.2649 (0.770 secs)
minGRU:depth_minGRU_1 step 500 lr 3.000e-04 [train] loss 3.1194 acc 0.2594 (0.734 secs)
minGRU:depth_minGRU_1 step 600 lr 3.000e-04 [train] loss 2.5662 acc 0.3631 (0.808 secs)
minGRU:depth_minGRU_1 step 700 lr 3.000e-04 [train] loss 2.2072 acc 0.4261 (0.637 secs)
minGRU:depth_minGRU_1 step 800 lr 3.000e-04 [train] loss 1.8311 acc 0.5050 (0.627 secs)
minGRU:depth_minGRU_1 step 900 lr 3.000e-04 [train] loss 1.4893 acc 0.5894 (0.628 secs)
minGRU:depth_minGRU_1 step 1000 lr 3.000e-04 [train] loss 1.1845 acc 0.6718 (0.604 secs)
minGRU:depth_minGRU_1 step 1100 lr 3.000e-04 [train] loss 1.1107 acc 0.6859 (0.613 secs)
minGRU:depth_minGRU_1 step 1200 lr 3.000e-04 [train] loss 1.0353 acc 0.6991 (0.623 secs)
minGRU:depth_minGRU_1 step 1300 lr 3.000e-04 [train] loss 0.9529 acc 0.7190 (0.620 secs)
minGRU:depth_minGRU_1 step 1400 lr 3.000e-04 [train] loss 0.8617 acc 0.7425 (0.625 secs)
minGRU:depth_minGRU_1 step 1500 lr 3.000e-04 [train] loss 0.7642 acc 0.7745 (0.622 secs)
minGRU:depth_minGRU_1 step 1600 lr 3.000e-04 [train] loss 0.7632 acc 0.7661 (0.624 secs)
minGRU:depth_minGRU_1 step 1700 lr 3.000e-04 [train] loss 0.7320 acc 0.7748 (0.602 secs)
minGRU:depth_minGRU_1 step 1800 lr 3.000e-04 [train] loss 0.7522 acc 0.7691 (0.637 secs)
minGRU:depth_minGRU_1 step 1900 lr 3.000e-04 [train] loss 0.6436 acc 0.8037 (0.622 secs)
minGRU:depth_minGRU_1 step 2000 lr 3.000e-04 [train] loss 0.6117 acc 0.8173 (0.594 secs)
Evaluating on val
minGRU: depth_minGRU_1[val] loss 2.4014 acc 0.3576 (3.068 secs)

Early Stopping!
minGRU:depth_minGRU_1 step 2100 lr 3.000e-04 [train] loss 0.6191 acc 0.8110 (4.066 secs)
minGRU:depth_minGRU_1 step 2200 lr 3.000e-04 [train] loss 0.6016 acc 0.8152 (0.741 secs)
minGRU:depth_minGRU_1 step 2300 lr 3.000e-04 [train] loss 0.5956 acc 0.8147 (0.607 secs)
minGRU:depth_minGRU_1 step 2400 lr 3.000e-04 [train] loss 0.5359 acc 0.8349 (0.605 secs)
minGRU:depth_minGRU_1 step 2500 lr 3.000e-04 [train] loss 0.5417 acc 0.8325 (0.610 secs)
minGRU:depth_minGRU_1 step 2600 lr 3.000e-04 [train] loss 0.5034 acc 0.8422 (0.623 secs)
minGRU:depth_minGRU_1 step 2700 lr 3.000e-04 [train] loss 0.5416 acc 0.8258 (0.620 secs)
minGRU:depth_minGRU_1 step 2800 lr 3.000e-04 [train] loss 0.4966 acc 0.8469 (0.602 secs)
minGRU:depth_minGRU_1 step 2900 lr 3.000e-04 [train] loss 0.4547 acc 0.8559 (0.630 secs)
minGRU:depth_minGRU_1 step 3000 lr 3.000e-04 [train] loss 0.5082 acc 0.8316 (0.615 secs)
minGRU:depth_minGRU_1 step 3100 lr 3.000e-04 [train] loss 0.4702 acc 0.8516 (0.667 secs)
minGRU:depth_minGRU_1 step 3200 lr 3.000e-04 [train] loss 0.4732 acc 0.8409 (0.636 secs)
minGRU:depth_minGRU_1 step 3300 lr 3.000e-04 [train] loss 0.4197 acc 0.8670 (0.602 secs)
minGRU:depth_minGRU_1 step 3400 lr 3.000e-04 [train] loss 0.4408 acc 0.8612 (0.632 secs)
minGRU:depth_minGRU_1 step 3500 lr 3.000e-04 [train] loss 0.3992 acc 0.8736 (0.591 secs)
minGRU:depth_minGRU_1 step 3600 lr 3.000e-04 [train] loss 0.4404 acc 0.8534 (0.635 secs)
minGRU:depth_minGRU_1 step 3700 lr 3.000e-04 [train] loss 0.4100 acc 0.8705 (0.620 secs)
minGRU:depth_minGRU_1 step 3800 lr 3.000e-04 [train] loss 0.4327 acc 0.8573 (0.643 secs)
minGRU:depth_minGRU_1 step 3900 lr 3.000e-04 [train] loss 0.4189 acc 0.8593 (0.716 secs)
minGRU:depth_minGRU_1 step 4000 lr 3.000e-04 [train] loss 0.4069 acc 0.8677 (0.694 secs)
Evaluating on val
minGRU: depth_minGRU_1[val] loss 1.9759 acc 0.4386 (3.296 secs)

Early Stopping!
minGRU:depth_minGRU_1 step 4100 lr 3.000e-04 [train] loss 0.4070 acc 0.8676 (4.181 secs)
minGRU:depth_minGRU_1 step 4200 lr 3.000e-04 [train] loss 0.3902 acc 0.8704 (0.624 secs)
minGRU:depth_minGRU_1 step 4300 lr 3.000e-04 [train] loss 0.4016 acc 0.8655 (0.641 secs)
minGRU:depth_minGRU_1 step 4400 lr 3.000e-04 [train] loss 0.3931 acc 0.8712 (0.628 secs)
minGRU:depth_minGRU_1 step 4500 lr 3.000e-04 [train] loss 0.3873 acc 0.8735 (0.638 secs)
minGRU:depth_minGRU_1 step 4600 lr 3.000e-04 [train] loss 0.3976 acc 0.8665 (0.634 secs)
minGRU:depth_minGRU_1 step 4700 lr 3.000e-04 [train] loss 0.3495 acc 0.8897 (0.593 secs)
minGRU:depth_minGRU_1 step 4800 lr 3.000e-04 [train] loss 0.3572 acc 0.8763 (0.600 secs)
minGRU:depth_minGRU_1 step 4900 lr 3.000e-04 [train] loss 0.3745 acc 0.8753 (0.601 secs)
minGRU:depth_minGRU_1 step 5000 lr 3.000e-04 [train] loss 0.3562 acc 0.8812 (0.610 secs)
minGRU:depth_minGRU_1 step 5100 lr 3.000e-04 [train] loss 0.3398 acc 0.8888 (0.630 secs)
minGRU:depth_minGRU_1 step 5200 lr 3.000e-04 [train] loss 0.3452 acc 0.8875 (0.616 secs)
minGRU:depth_minGRU_1 step 5300 lr 3.000e-04 [train] loss 0.3805 acc 0.8701 (0.663 secs)
minGRU:depth_minGRU_1 step 5400 lr 3.000e-04 [train] loss 0.3176 acc 0.8985 (0.689 secs)
minGRU:depth_minGRU_1 step 5500 lr 3.000e-04 [train] loss 0.3528 acc 0.8804 (0.711 secs)
minGRU:depth_minGRU_1 step 5600 lr 3.000e-04 [train] loss 0.3246 acc 0.8935 (0.708 secs)
minGRU:depth_minGRU_1 step 5700 lr 3.000e-04 [train] loss 0.3480 acc 0.8819 (0.776 secs)
minGRU:depth_minGRU_1 step 5800 lr 3.000e-04 [train] loss 0.3287 acc 0.8885 (0.656 secs)
minGRU:depth_minGRU_1 step 5900 lr 3.000e-04 [train] loss 0.3111 acc 0.8941 (0.597 secs)
minGRU:depth_minGRU_1 step 6000 lr 3.000e-04 [train] loss 0.3268 acc 0.8916 (0.601 secs)
Evaluating on val
minGRU: depth_minGRU_1[val] loss 2.1107 acc 0.4192 (3.116 secs)

minGRU:depth_minGRU_1 step 6100 lr 3.000e-04 [train] loss 0.3290 acc 0.8879 (3.915 secs)
minGRU:depth_minGRU_1 step 6200 lr 3.000e-04 [train] loss 0.3479 acc 0.8818 (0.630 secs)
minGRU:depth_minGRU_1 step 6300 lr 3.000e-04 [train] loss 0.2992 acc 0.9035 (0.595 secs)
minGRU:depth_minGRU_1 step 6400 lr 3.000e-04 [train] loss 0.3301 acc 0.8880 (0.630 secs)
minGRU:depth_minGRU_1 step 6500 lr 3.000e-04 [train] loss 0.3068 acc 0.8927 (0.604 secs)
minGRU:depth_minGRU_1 step 6600 lr 3.000e-04 [train] loss 0.2883 acc 0.9032 (0.596 secs)
minGRU:depth_minGRU_1 step 6700 lr 3.000e-04 [train] loss 0.3074 acc 0.8959 (0.615 secs)
minGRU:depth_minGRU_1 step 6800 lr 3.000e-04 [train] loss 0.3118 acc 0.8947 (0.591 secs)
minGRU:depth_minGRU_1 step 6900 lr 3.000e-04 [train] loss 0.2941 acc 0.8992 (0.694 secs)
minGRU:depth_minGRU_1 step 7000 lr 3.000e-04 [train] loss 0.3051 acc 0.8938 (0.702 secs)
minGRU:depth_minGRU_1 step 7100 lr 3.000e-04 [train] loss 0.3276 acc 0.8880 (0.720 secs)
minGRU:depth_minGRU_1 step 7200 lr 3.000e-04 [train] loss 0.3167 acc 0.8888 (0.724 secs)
minGRU:depth_minGRU_1 step 7300 lr 3.000e-04 [train] loss 0.2781 acc 0.9069 (0.714 secs)
minGRU:depth_minGRU_1 step 7400 lr 3.000e-04 [train] loss 0.3069 acc 0.8952 (0.603 secs)
minGRU:depth_minGRU_1 step 7500 lr 3.000e-04 [train] loss 0.3054 acc 0.8964 (0.628 secs)
minGRU:depth_minGRU_1 step 7600 lr 3.000e-04 [train] loss 0.2571 acc 0.9137 (0.575 secs)
minGRU:depth_minGRU_1 step 7700 lr 3.000e-04 [train] loss 0.2758 acc 0.9090 (0.612 secs)
minGRU:depth_minGRU_1 step 7800 lr 3.000e-04 [train] loss 0.2954 acc 0.8979 (0.598 secs)
minGRU:depth_minGRU_1 step 7900 lr 3.000e-04 [train] loss 0.2818 acc 0.9021 (0.593 secs)
minGRU:depth_minGRU_1 step 8000 lr 3.000e-04 [train] loss 0.2860 acc 0.9030 (0.599 secs)
Evaluating on val
minGRU: depth_minGRU_1[val] loss 1.6686 acc 0.5032 (3.030 secs)

Early Stopping!
minGRU:depth_minGRU_1 step 8100 lr 3.000e-04 [train] loss 0.2990 acc 0.8962 (3.846 secs)
minGRU:depth_minGRU_1 step 8200 lr 3.000e-04 [train] loss 0.2799 acc 0.9041 (0.608 secs)
minGRU:depth_minGRU_1 step 8300 lr 3.000e-04 [train] loss 0.2736 acc 0.9045 (0.602 secs)
minGRU:depth_minGRU_1 step 8400 lr 3.000e-04 [train] loss 0.2730 acc 0.9074 (0.614 secs)
minGRU:depth_minGRU_1 step 8500 lr 3.000e-04 [train] loss 0.2958 acc 0.8961 (0.724 secs)
minGRU:depth_minGRU_1 step 8600 lr 3.000e-04 [train] loss 0.2743 acc 0.9052 (0.680 secs)
minGRU:depth_minGRU_1 step 8700 lr 3.000e-04 [train] loss 0.2810 acc 0.9038 (0.681 secs)
minGRU:depth_minGRU_1 step 8800 lr 3.000e-04 [train] loss 0.2819 acc 0.9025 (0.767 secs)
minGRU:depth_minGRU_1 step 8900 lr 3.000e-04 [train] loss 0.2757 acc 0.9023 (0.646 secs)
minGRU:depth_minGRU_1 step 9000 lr 3.000e-04 [train] loss 0.2845 acc 0.9012 (0.616 secs)
minGRU:depth_minGRU_1 step 9100 lr 3.000e-04 [train] loss 0.3085 acc 0.8912 (0.649 secs)
minGRU:depth_minGRU_1 step 9200 lr 3.000e-04 [train] loss 0.2728 acc 0.9062 (0.590 secs)
minGRU:depth_minGRU_1 step 9300 lr 3.000e-04 [train] loss 0.2427 acc 0.9158 (0.595 secs)
minGRU:depth_minGRU_1 step 9400 lr 3.000e-04 [train] loss 0.2544 acc 0.9120 (0.589 secs)
minGRU:depth_minGRU_1 step 9500 lr 3.000e-04 [train] loss 0.2856 acc 0.8986 (0.613 secs)
minGRU:depth_minGRU_1 step 9600 lr 3.000e-04 [train] loss 0.2655 acc 0.9070 (0.601 secs)
minGRU:depth_minGRU_1 step 9700 lr 3.000e-04 [train] loss 0.2823 acc 0.8983 (0.610 secs)
minGRU:depth_minGRU_1 step 9800 lr 3.000e-04 [train] loss 0.2622 acc 0.9057 (0.600 secs)
minGRU:depth_minGRU_1 step 9900 lr 3.000e-04 [train] loss 0.3089 acc 0.8912 (0.634 secs)
minGRU:depth_minGRU_1 step 10000 lr 3.000e-04 [train] loss 0.2618 acc 0.9072 (0.604 secs)
Evaluating on val
minGRU: depth_minGRU_1[val] loss 1.8796 acc 0.4737 (3.024 secs)

minGRU:depth_minGRU_1 step 10100 lr 3.000e-04 [train] loss 0.2594 acc 0.9118 (3.912 secs)
minGRU:depth_minGRU_1 step 10200 lr 3.000e-04 [train] loss 0.2485 acc 0.9159 (0.673 secs)
minGRU:depth_minGRU_1 step 10300 lr 3.000e-04 [train] loss 0.2626 acc 0.9092 (0.722 secs)
minGRU:depth_minGRU_1 step 10400 lr 3.000e-04 [train] loss 0.2383 acc 0.9157 (0.734 secs)
minGRU:depth_minGRU_1 step 10500 lr 3.000e-04 [train] loss 0.2616 acc 0.9038 (0.576 secs)
minGRU:depth_minGRU_1 step 10600 lr 3.000e-04 [train] loss 0.2705 acc 0.9042 (0.634 secs)
minGRU:depth_minGRU_1 step 10700 lr 3.000e-04 [train] loss 0.2802 acc 0.9006 (0.606 secs)
minGRU:depth_minGRU_1 step 10800 lr 3.000e-04 [train] loss 0.2819 acc 0.9007 (0.621 secs)
minGRU:depth_minGRU_1 step 10900 lr 3.000e-04 [train] loss 0.2546 acc 0.9131 (0.599 secs)
minGRU:depth_minGRU_1 step 11000 lr 3.000e-04 [train] loss 0.2121 acc 0.9259 (0.573 secs)
minGRU:depth_minGRU_1 step 11100 lr 3.000e-04 [train] loss 0.2474 acc 0.9100 (0.602 secs)
minGRU:depth_minGRU_1 step 11200 lr 3.000e-04 [train] loss 0.2532 acc 0.9121 (0.603 secs)
minGRU:depth_minGRU_1 step 11300 lr 3.000e-04 [train] loss 0.2452 acc 0.9130 (0.592 secs)
minGRU:depth_minGRU_1 step 11400 lr 3.000e-04 [train] loss 0.2529 acc 0.9093 (0.587 secs)
minGRU:depth_minGRU_1 step 11500 lr 3.000e-04 [train] loss 0.2518 acc 0.9111 (0.611 secs)
minGRU:depth_minGRU_1 step 11600 lr 3.000e-04 [train] loss 0.2430 acc 0.9154 (0.613 secs)
minGRU:depth_minGRU_1 step 11700 lr 3.000e-04 [train] loss 0.2296 acc 0.9180 (0.574 secs)
minGRU:depth_minGRU_1 step 11800 lr 3.000e-04 [train] loss 0.2781 acc 0.9027 (0.649 secs)
minGRU:depth_minGRU_1 step 11900 lr 3.000e-04 [train] loss 0.2519 acc 0.9113 (0.602 secs)
minGRU:depth_minGRU_1 step 12000 lr 3.000e-04 [train] loss 0.2473 acc 0.9094 (0.602 secs)
