Experiment: LSTM_depth5
Total number of parameters: 3004928

lstm:LSTM_depth5 step 0 lr 3.000e-04 [train] loss 4.3172 acc 0.0156 (0.489 secs)
Evaluating on val
lstm: LSTM_depth5[val] loss 4.2610 acc 0.0214 (29.742 secs)

Early Stopping!
lstm:LSTM_depth5 step 200 lr 3.000e-04 [train] loss 2.7750 acc 0.3426 (43.258 secs)
Evaluating on val
lstm: LSTM_depth5[val] loss 3.4509 acc 0.1939 (29.727 secs)

Early Stopping!
lstm:LSTM_depth5 step 400 lr 3.000e-04 [train] loss 1.4762 acc 0.6033 (42.251 secs)
lstm:LSTM_depth5 step 600 lr 3.000e-04 [train] loss 1.1441 acc 0.6759 (14.089 secs)
Evaluating on val
lstm: LSTM_depth5[val] loss 3.0678 acc 0.2600 (29.761 secs)

Early Stopping!
lstm:LSTM_depth5 step 800 lr 3.000e-04 [train] loss 0.9281 acc 0.7251 (43.286 secs)
Evaluating on val
lstm: LSTM_depth5[val] loss 2.7600 acc 0.3169 (29.732 secs)

Early Stopping!
lstm:LSTM_depth5 step 1000 lr 3.000e-04 [train] loss 0.7866 acc 0.7610 (42.633 secs)
lstm:LSTM_depth5 step 1200 lr 3.000e-04 [train] loss 0.6937 acc 0.7835 (13.620 secs)
Evaluating on val
lstm: LSTM_depth5[val] loss 2.5532 acc 0.3493 (29.715 secs)

Early Stopping!
Evaluating on test
lstm: LSTM_depth5[test] loss 2.6279 acc 0.3384 (31.303 secs)

