Experiment: minGRU_depth1
Total number of parameters: 297984

minGRU:minGRU_depth1 step 0 lr 3.000e-04 [train] loss 4.3151 acc 0.0391 (0.637 secs)
Evaluating on val
minGRU: minGRU_depth1[val] loss 4.2253 acc 0.0251 (3.866 secs)

Early Stopping!
minGRU:minGRU_depth1 step 200 lr 3.000e-04 [train] loss 3.7227 acc 0.1392 (5.752 secs)
Evaluating on val
minGRU: minGRU_depth1[val] loss 3.8071 acc 0.1128 (3.819 secs)

Early Stopping!
minGRU:minGRU_depth1 step 400 lr 3.000e-04 [train] loss 2.5677 acc 0.3763 (5.603 secs)
minGRU:minGRU_depth1 step 600 lr 3.000e-04 [train] loss 1.6780 acc 0.5571 (1.698 secs)
Evaluating on val
minGRU: minGRU_depth1[val] loss 3.1124 acc 0.2245 (3.858 secs)

Early Stopping!
minGRU:minGRU_depth1 step 800 lr 3.000e-04 [train] loss 1.2937 acc 0.6323 (5.604 secs)
Evaluating on val
minGRU: minGRU_depth1[val] loss 2.6474 acc 0.2989 (3.894 secs)

Early Stopping!
minGRU:minGRU_depth1 step 1000 lr 3.000e-04 [train] loss 1.0810 acc 0.6877 (5.598 secs)
minGRU:minGRU_depth1 step 1200 lr 3.000e-04 [train] loss 0.9173 acc 0.7289 (1.653 secs)
Evaluating on val
minGRU: minGRU_depth1[val] loss 2.3957 acc 0.3415 (3.931 secs)

Early Stopping!
minGRU:minGRU_depth1 step 1400 lr 3.000e-04 [train] loss 0.7974 acc 0.7561 (5.812 secs)
Evaluating on val
minGRU: minGRU_depth1[val] loss 2.2386 acc 0.3704 (4.014 secs)

Early Stopping!
Evaluating on test
minGRU: minGRU_depth1[test] loss 2.3050 acc 0.3555 (4.244 secs)

