Experiment: minGRU_depth1
Total number of parameters: 297984

minGRU:minGRU_depth1 step 0 lr 3.000e-04 [train] loss 4.2927 acc 0.0234 (1.953 secs)
Evaluating on val
minGRU: minGRU_depth1[val] loss 4.2281 acc 0.0224 (3.831 secs)

Early Stopping!
minGRU:minGRU_depth1 step 100 lr 3.000e-04 [train] loss 3.8716 acc 0.0895 (16.933 secs)
minGRU:minGRU_depth1 step 200 lr 3.000e-04 [train] loss 3.5464 acc 0.2022 (0.740 secs)
minGRU:minGRU_depth1 step 300 lr 3.000e-04 [train] loss 2.8401 acc 0.3412 (0.704 secs)
minGRU:minGRU_depth1 step 400 lr 3.000e-04 [train] loss 2.4213 acc 0.3948 (0.746 secs)
minGRU:minGRU_depth1 step 500 lr 3.000e-04 [train] loss 1.8286 acc 0.5259 (0.699 secs)
minGRU:minGRU_depth1 step 600 lr 3.000e-04 [train] loss 1.6694 acc 0.5527 (0.727 secs)
minGRU:minGRU_depth1 step 700 lr 3.000e-04 [train] loss 1.4490 acc 0.5900 (0.745 secs)
minGRU:minGRU_depth1 step 800 lr 3.000e-04 [train] loss 1.3076 acc 0.6307 (0.751 secs)
minGRU:minGRU_depth1 step 900 lr 3.000e-04 [train] loss 1.1434 acc 0.6646 (0.715 secs)
minGRU:minGRU_depth1 step 1000 lr 3.000e-04 [train] loss 1.0943 acc 0.6792 (0.734 secs)
Evaluating on val
minGRU: minGRU_depth1[val] loss 2.6025 acc 0.2944 (3.833 secs)

Early Stopping!
minGRU:minGRU_depth1 step 1100 lr 3.000e-04 [train] loss 0.9904 acc 0.7049 (4.928 secs)
minGRU:minGRU_depth1 step 1200 lr 3.000e-04 [train] loss 0.8548 acc 0.7455 (0.721 secs)
minGRU:minGRU_depth1 step 1300 lr 3.000e-04 [train] loss 0.8261 acc 0.7467 (0.713 secs)
minGRU:minGRU_depth1 step 1400 lr 3.000e-04 [train] loss 0.7933 acc 0.7597 (0.736 secs)
minGRU:minGRU_depth1 step 1500 lr 3.000e-04 [train] loss 0.7292 acc 0.7802 (0.701 secs)
minGRU:minGRU_depth1 step 1600 lr 3.000e-04 [train] loss 0.7103 acc 0.7810 (0.704 secs)
minGRU:minGRU_depth1 step 1700 lr 3.000e-04 [train] loss 0.6365 acc 0.8061 (0.714 secs)
minGRU:minGRU_depth1 step 1800 lr 3.000e-04 [train] loss 0.7036 acc 0.7795 (0.766 secs)
minGRU:minGRU_depth1 step 1900 lr 3.000e-04 [train] loss 0.6086 acc 0.8120 (0.706 secs)
minGRU:minGRU_depth1 step 2000 lr 3.000e-04 [train] loss 0.6186 acc 0.8054 (0.752 secs)
Evaluating on val
minGRU: minGRU_depth1[val] loss 1.8782 acc 0.4457 (3.883 secs)

Early Stopping!
minGRU:minGRU_depth1 step 2100 lr 3.000e-04 [train] loss 0.6071 acc 0.8067 (4.978 secs)
minGRU:minGRU_depth1 step 2200 lr 3.000e-04 [train] loss 0.5361 acc 0.8308 (0.818 secs)
minGRU:minGRU_depth1 step 2300 lr 3.000e-04 [train] loss 0.5622 acc 0.8195 (0.938 secs)
minGRU:minGRU_depth1 step 2400 lr 3.000e-04 [train] loss 0.4828 acc 0.8510 (0.685 secs)
minGRU:minGRU_depth1 step 2500 lr 3.000e-04 [train] loss 0.4921 acc 0.8486 (0.711 secs)
minGRU:minGRU_depth1 step 2600 lr 3.000e-04 [train] loss 0.5156 acc 0.8317 (0.708 secs)
minGRU:minGRU_depth1 step 2700 lr 3.000e-04 [train] loss 0.4888 acc 0.8423 (0.698 secs)
minGRU:minGRU_depth1 step 2800 lr 3.000e-04 [train] loss 0.4773 acc 0.8484 (0.729 secs)
minGRU:minGRU_depth1 step 2900 lr 3.000e-04 [train] loss 0.5083 acc 0.8311 (0.743 secs)
minGRU:minGRU_depth1 step 3000 lr 3.000e-04 [train] loss 0.4426 acc 0.8566 (0.723 secs)
Evaluating on val
minGRU: minGRU_depth1[val] loss 1.8614 acc 0.4427 (3.977 secs)

minGRU:minGRU_depth1 step 3100 lr 3.000e-04 [train] loss 0.4541 acc 0.8494 (4.912 secs)
minGRU:minGRU_depth1 step 3200 lr 3.000e-04 [train] loss 0.4094 acc 0.8723 (0.844 secs)
minGRU:minGRU_depth1 step 3300 lr 3.000e-04 [train] loss 0.4140 acc 0.8657 (0.820 secs)
minGRU:minGRU_depth1 step 3400 lr 3.000e-04 [train] loss 0.4381 acc 0.8539 (0.822 secs)
minGRU:minGRU_depth1 step 3500 lr 3.000e-04 [train] loss 0.4185 acc 0.8647 (0.864 secs)
minGRU:minGRU_depth1 step 3600 lr 3.000e-04 [train] loss 0.4112 acc 0.8666 (0.808 secs)
minGRU:minGRU_depth1 step 3700 lr 3.000e-04 [train] loss 0.4296 acc 0.8560 (0.736 secs)
minGRU:minGRU_depth1 step 3800 lr 3.000e-04 [train] loss 0.4568 acc 0.8444 (0.726 secs)
minGRU:minGRU_depth1 step 3900 lr 3.000e-04 [train] loss 0.3808 acc 0.8695 (0.722 secs)
minGRU:minGRU_depth1 step 4000 lr 3.000e-04 [train] loss 0.3631 acc 0.8845 (0.707 secs)
Evaluating on val
minGRU: minGRU_depth1[val] loss 1.5410 acc 0.5161 (4.002 secs)

Early Stopping!
minGRU:minGRU_depth1 step 4100 lr 3.000e-04 [train] loss 0.4066 acc 0.8656 (4.949 secs)
minGRU:minGRU_depth1 step 4200 lr 3.000e-04 [train] loss 0.3429 acc 0.8899 (0.670 secs)
minGRU:minGRU_depth1 step 4300 lr 3.000e-04 [train] loss 0.4056 acc 0.8637 (0.730 secs)
minGRU:minGRU_depth1 step 4400 lr 3.000e-04 [train] loss 0.4121 acc 0.8606 (0.812 secs)
minGRU:minGRU_depth1 step 4500 lr 3.000e-04 [train] loss 0.3924 acc 0.8683 (0.862 secs)
minGRU:minGRU_depth1 step 4600 lr 3.000e-04 [train] loss 0.3865 acc 0.8684 (0.847 secs)
minGRU:minGRU_depth1 step 4700 lr 3.000e-04 [train] loss 0.3600 acc 0.8795 (0.828 secs)
minGRU:minGRU_depth1 step 4800 lr 3.000e-04 [train] loss 0.3548 acc 0.8798 (0.874 secs)
minGRU:minGRU_depth1 step 4900 lr 3.000e-04 [train] loss 0.3396 acc 0.8857 (0.713 secs)
minGRU:minGRU_depth1 step 5000 lr 3.000e-04 [train] loss 0.3709 acc 0.8734 (0.756 secs)
Evaluating on val
minGRU: minGRU_depth1[val] loss 1.7114 acc 0.4846 (4.111 secs)

minGRU:minGRU_depth1 step 5100 lr 3.000e-04 [train] loss 0.3530 acc 0.8744 (5.030 secs)
minGRU:minGRU_depth1 step 5200 lr 3.000e-04 [train] loss 0.3922 acc 0.8631 (0.770 secs)
minGRU:minGRU_depth1 step 5300 lr 3.000e-04 [train] loss 0.3789 acc 0.8680 (0.749 secs)
minGRU:minGRU_depth1 step 5400 lr 3.000e-04 [train] loss 0.4060 acc 0.8600 (0.759 secs)
minGRU:minGRU_depth1 step 5500 lr 3.000e-04 [train] loss 0.3544 acc 0.8755 (0.749 secs)
minGRU:minGRU_depth1 step 5600 lr 3.000e-04 [train] loss 0.3158 acc 0.8952 (0.810 secs)
minGRU:minGRU_depth1 step 5700 lr 3.000e-04 [train] loss 0.3733 acc 0.8680 (0.837 secs)
minGRU:minGRU_depth1 step 5800 lr 3.000e-04 [train] loss 0.3664 acc 0.8723 (0.868 secs)
minGRU:minGRU_depth1 step 5900 lr 3.000e-04 [train] loss 0.3079 acc 0.8983 (0.860 secs)
minGRU:minGRU_depth1 step 6000 lr 3.000e-04 [train] loss 0.3182 acc 0.8896 (0.843 secs)
Evaluating on val
minGRU: minGRU_depth1[val] loss 1.7124 acc 0.4904 (4.285 secs)

minGRU:minGRU_depth1 step 6100 lr 3.000e-04 [train] loss 0.3697 acc 0.8724 (5.262 secs)
minGRU:minGRU_depth1 step 6200 lr 3.000e-04 [train] loss 0.3603 acc 0.8738 (0.746 secs)
minGRU:minGRU_depth1 step 6300 lr 3.000e-04 [train] loss 0.3332 acc 0.8846 (0.746 secs)
minGRU:minGRU_depth1 step 6400 lr 3.000e-04 [train] loss 0.3595 acc 0.8756 (0.769 secs)
minGRU:minGRU_depth1 step 6500 lr 3.000e-04 [train] loss 0.3440 acc 0.8793 (0.759 secs)
minGRU:minGRU_depth1 step 6600 lr 3.000e-04 [train] loss 0.3323 acc 0.8818 (0.724 secs)
minGRU:minGRU_depth1 step 6700 lr 3.000e-04 [train] loss 0.3357 acc 0.8822 (0.745 secs)
minGRU:minGRU_depth1 step 6800 lr 3.000e-04 [train] loss 0.3285 acc 0.8857 (0.855 secs)
minGRU:minGRU_depth1 step 6900 lr 3.000e-04 [train] loss 0.3047 acc 0.8955 (0.821 secs)
minGRU:minGRU_depth1 step 7000 lr 3.000e-04 [train] loss 0.2978 acc 0.8958 (0.813 secs)
Evaluating on val
minGRU: minGRU_depth1[val] loss 1.6217 acc 0.5024 (4.225 secs)

minGRU:minGRU_depth1 step 7100 lr 3.000e-04 [train] loss 0.3439 acc 0.8788 (5.222 secs)
minGRU:minGRU_depth1 step 7200 lr 3.000e-04 [train] loss 0.3232 acc 0.8862 (0.738 secs)
minGRU:minGRU_depth1 step 7300 lr 3.000e-04 [train] loss 0.3082 acc 0.8912 (0.744 secs)
minGRU:minGRU_depth1 step 7400 lr 3.000e-04 [train] loss 0.2923 acc 0.8997 (0.726 secs)
minGRU:minGRU_depth1 step 7500 lr 3.000e-04 [train] loss 0.3093 acc 0.8905 (0.720 secs)
minGRU:minGRU_depth1 step 7600 lr 3.000e-04 [train] loss 0.3194 acc 0.8855 (0.762 secs)
minGRU:minGRU_depth1 step 7700 lr 3.000e-04 [train] loss 0.3379 acc 0.8759 (0.753 secs)
minGRU:minGRU_depth1 step 7800 lr 3.000e-04 [train] loss 0.3128 acc 0.8859 (0.742 secs)
minGRU:minGRU_depth1 step 7900 lr 3.000e-04 [train] loss 0.3269 acc 0.8870 (0.739 secs)
minGRU:minGRU_depth1 step 8000 lr 3.000e-04 [train] loss 0.3288 acc 0.8850 (0.880 secs)
Evaluating on val
minGRU: minGRU_depth1[val] loss 1.5280 acc 0.5390 (4.140 secs)

Early Stopping!
minGRU:minGRU_depth1 step 8100 lr 3.000e-04 [train] loss 0.3317 acc 0.8828 (5.181 secs)
minGRU:minGRU_depth1 step 8200 lr 3.000e-04 [train] loss 0.3056 acc 0.8942 (0.753 secs)
minGRU:minGRU_depth1 step 8300 lr 3.000e-04 [train] loss 0.3198 acc 0.8866 (0.721 secs)
minGRU:minGRU_depth1 step 8400 lr 3.000e-04 [train] loss 0.2981 acc 0.8938 (0.718 secs)
minGRU:minGRU_depth1 step 8500 lr 3.000e-04 [train] loss 0.2630 acc 0.9117 (0.707 secs)
minGRU:minGRU_depth1 step 8600 lr 3.000e-04 [train] loss 0.2914 acc 0.8954 (0.719 secs)
minGRU:minGRU_depth1 step 8700 lr 3.000e-04 [train] loss 0.2972 acc 0.8982 (0.722 secs)
minGRU:minGRU_depth1 step 8800 lr 3.000e-04 [train] loss 0.2762 acc 0.9045 (0.709 secs)
minGRU:minGRU_depth1 step 8900 lr 3.000e-04 [train] loss 0.3634 acc 0.8670 (0.797 secs)
minGRU:minGRU_depth1 step 9000 lr 3.000e-04 [train] loss 0.3166 acc 0.8888 (0.749 secs)
Evaluating on val
minGRU: minGRU_depth1[val] loss 1.5383 acc 0.5410 (4.075 secs)

Early Stopping!
minGRU:minGRU_depth1 step 9100 lr 3.000e-04 [train] loss 0.2885 acc 0.8988 (5.188 secs)
minGRU:minGRU_depth1 step 9200 lr 3.000e-04 [train] loss 0.2874 acc 0.8974 (0.723 secs)
minGRU:minGRU_depth1 step 9300 lr 3.000e-04 [train] loss 0.3419 acc 0.8746 (0.757 secs)
minGRU:minGRU_depth1 step 9400 lr 3.000e-04 [train] loss 0.2928 acc 0.8988 (0.707 secs)
minGRU:minGRU_depth1 step 9500 lr 3.000e-04 [train] loss 0.2522 acc 0.9135 (0.680 secs)
minGRU:minGRU_depth1 step 9600 lr 3.000e-04 [train] loss 0.3030 acc 0.8902 (0.758 secs)
minGRU:minGRU_depth1 step 9700 lr 3.000e-04 [train] loss 0.3073 acc 0.8859 (0.735 secs)
minGRU:minGRU_depth1 step 9800 lr 3.000e-04 [train] loss 0.2888 acc 0.8985 (0.724 secs)
minGRU:minGRU_depth1 step 9900 lr 3.000e-04 [train] loss 0.2852 acc 0.8981 (0.729 secs)
minGRU:minGRU_depth1 step 10000 lr 3.000e-04 [train] loss 0.2958 acc 0.8925 (0.722 secs)
Evaluating on val
minGRU: minGRU_depth1[val] loss 1.6814 acc 0.5048 (4.046 secs)

minGRU:minGRU_depth1 step 10100 lr 3.000e-04 [train] loss 0.3119 acc 0.8890 (5.088 secs)
minGRU:minGRU_depth1 step 10200 lr 3.000e-04 [train] loss 0.2810 acc 0.9014 (0.812 secs)
minGRU:minGRU_depth1 step 10300 lr 3.000e-04 [train] loss 0.2861 acc 0.8998 (0.887 secs)
minGRU:minGRU_depth1 step 10400 lr 3.000e-04 [train] loss 0.3015 acc 0.8923 (0.752 secs)
minGRU:minGRU_depth1 step 10500 lr 3.000e-04 [train] loss 0.3040 acc 0.8907 (0.740 secs)
minGRU:minGRU_depth1 step 10600 lr 3.000e-04 [train] loss 0.2906 acc 0.8967 (0.734 secs)
minGRU:minGRU_depth1 step 10700 lr 3.000e-04 [train] loss 0.2755 acc 0.9049 (0.745 secs)
minGRU:minGRU_depth1 step 10800 lr 3.000e-04 [train] loss 0.3036 acc 0.8909 (0.731 secs)
minGRU:minGRU_depth1 step 10900 lr 3.000e-04 [train] loss 0.2865 acc 0.8970 (0.714 secs)
minGRU:minGRU_depth1 step 11000 lr 3.000e-04 [train] loss 0.2685 acc 0.9042 (0.719 secs)
Evaluating on val
minGRU: minGRU_depth1[val] loss 1.6922 acc 0.5082 (4.038 secs)

minGRU:minGRU_depth1 step 11100 lr 3.000e-04 [train] loss 0.3426 acc 0.8745 (5.045 secs)
minGRU:minGRU_depth1 step 11200 lr 3.000e-04 [train] loss 0.3014 acc 0.8931 (0.873 secs)
minGRU:minGRU_depth1 step 11300 lr 3.000e-04 [train] loss 0.2428 acc 0.9163 (0.827 secs)
minGRU:minGRU_depth1 step 11400 lr 3.000e-04 [train] loss 0.2591 acc 0.9089 (0.798 secs)
minGRU:minGRU_depth1 step 11500 lr 3.000e-04 [train] loss 0.2669 acc 0.9042 (0.881 secs)
minGRU:minGRU_depth1 step 11600 lr 3.000e-04 [train] loss 0.2568 acc 0.9121 (0.796 secs)
minGRU:minGRU_depth1 step 11700 lr 3.000e-04 [train] loss 0.2575 acc 0.9074 (0.716 secs)
minGRU:minGRU_depth1 step 11800 lr 3.000e-04 [train] loss 0.2721 acc 0.9045 (0.713 secs)
minGRU:minGRU_depth1 step 11900 lr 3.000e-04 [train] loss 0.2643 acc 0.9066 (0.706 secs)
minGRU:minGRU_depth1 step 12000 lr 3.000e-04 [train] loss 0.2899 acc 0.8949 (0.752 secs)
Evaluating on val
minGRU: minGRU_depth1[val] loss 1.6259 acc 0.5263 (4.064 secs)

minGRU:minGRU_depth1 step 12100 lr 3.000e-04 [train] loss 0.2822 acc 0.8987 (5.010 secs)
minGRU:minGRU_depth1 step 12200 lr 3.000e-04 [train] loss 0.2650 acc 0.9060 (0.736 secs)
minGRU:minGRU_depth1 step 12300 lr 3.000e-04 [train] loss 0.2771 acc 0.9010 (0.725 secs)
minGRU:minGRU_depth1 step 12400 lr 3.000e-04 [train] loss 0.2786 acc 0.9046 (0.861 secs)
minGRU:minGRU_depth1 step 12500 lr 3.000e-04 [train] loss 0.2640 acc 0.9051 (0.811 secs)
minGRU:minGRU_depth1 step 12600 lr 3.000e-04 [train] loss 0.2501 acc 0.9091 (0.820 secs)
minGRU:minGRU_depth1 step 12700 lr 3.000e-04 [train] loss 0.2713 acc 0.9019 (0.890 secs)
minGRU:minGRU_depth1 step 12800 lr 3.000e-04 [train] loss 0.2381 acc 0.9162 (0.805 secs)
minGRU:minGRU_depth1 step 12900 lr 3.000e-04 [train] loss 0.2801 acc 0.9009 (0.753 secs)
minGRU:minGRU_depth1 step 13000 lr 3.000e-04 [train] loss 0.2843 acc 0.8971 (0.742 secs)
Evaluating on val
minGRU: minGRU_depth1[val] loss 1.6867 acc 0.5198 (4.101 secs)

minGRU:minGRU_depth1 step 13100 lr 3.000e-04 [train] loss 0.2816 acc 0.8974 (5.060 secs)
minGRU:minGRU_depth1 step 13200 lr 3.000e-04 [train] loss 0.2657 acc 0.9043 (0.724 secs)
minGRU:minGRU_depth1 step 13300 lr 3.000e-04 [train] loss 0.2625 acc 0.9087 (0.728 secs)
minGRU:minGRU_depth1 step 13400 lr 3.000e-04 [train] loss 0.2808 acc 0.8980 (0.732 secs)
minGRU:minGRU_depth1 step 13500 lr 3.000e-04 [train] loss 0.2628 acc 0.9028 (0.711 secs)
minGRU:minGRU_depth1 step 13600 lr 3.000e-04 [train] loss 0.2809 acc 0.8995 (0.857 secs)
minGRU:minGRU_depth1 step 13700 lr 3.000e-04 [train] loss 0.2719 acc 0.9009 (0.843 secs)
minGRU:minGRU_depth1 step 13800 lr 3.000e-04 [train] loss 0.2784 acc 0.8986 (0.862 secs)
minGRU:minGRU_depth1 step 13900 lr 3.000e-04 [train] loss 0.2511 acc 0.9071 (0.862 secs)
minGRU:minGRU_depth1 step 14000 lr 3.000e-04 [train] loss 0.2503 acc 0.9098 (0.823 secs)
Evaluating on val
minGRU: minGRU_depth1[val] loss 1.7117 acc 0.5156 (4.138 secs)

minGRU:minGRU_depth1 step 14100 lr 3.000e-04 [train] loss 0.2768 acc 0.9009 (5.113 secs)
minGRU:minGRU_depth1 step 14200 lr 3.000e-04 [train] loss 0.2472 acc 0.9113 (0.755 secs)
minGRU:minGRU_depth1 step 14300 lr 3.000e-04 [train] loss 0.2654 acc 0.9059 (0.764 secs)
minGRU:minGRU_depth1 step 14400 lr 3.000e-04 [train] loss 0.2871 acc 0.8934 (0.775 secs)
minGRU:minGRU_depth1 step 14500 lr 3.000e-04 [train] loss 0.2404 acc 0.9145 (0.749 secs)
minGRU:minGRU_depth1 step 14600 lr 3.000e-04 [train] loss 0.2393 acc 0.9124 (0.735 secs)
minGRU:minGRU_depth1 step 14700 lr 3.000e-04 [train] loss 0.2613 acc 0.9063 (0.743 secs)
minGRU:minGRU_depth1 step 14800 lr 3.000e-04 [train] loss 0.3048 acc 0.8880 (0.927 secs)
minGRU:minGRU_depth1 step 14900 lr 3.000e-04 [train] loss 0.2509 acc 0.9131 (0.908 secs)
minGRU:minGRU_depth1 step 15000 lr 3.000e-04 [train] loss 0.2776 acc 0.8987 (0.914 secs)
Evaluating on val
minGRU: minGRU_depth1[val] loss 2.0305 acc 0.4497 (4.134 secs)

minGRU:minGRU_depth1 step 15100 lr 3.000e-04 [train] loss 0.3266 acc 0.8795 (5.180 secs)
minGRU:minGRU_depth1 step 15200 lr 3.000e-04 [train] loss 0.2565 acc 0.9072 (0.769 secs)
minGRU:minGRU_depth1 step 15300 lr 3.000e-04 [train] loss 0.2325 acc 0.9184 (0.765 secs)
minGRU:minGRU_depth1 step 15400 lr 3.000e-04 [train] loss 0.2475 acc 0.9124 (0.749 secs)
minGRU:minGRU_depth1 step 15500 lr 3.000e-04 [train] loss 0.2448 acc 0.9101 (0.755 secs)
minGRU:minGRU_depth1 step 15600 lr 3.000e-04 [train] loss 0.2622 acc 0.9075 (0.751 secs)
minGRU:minGRU_depth1 step 15700 lr 3.000e-04 [train] loss 0.2572 acc 0.9074 (0.773 secs)
minGRU:minGRU_depth1 step 15800 lr 3.000e-04 [train] loss 0.2778 acc 0.8970 (0.781 secs)
minGRU:minGRU_depth1 step 15900 lr 3.000e-04 [train] loss 0.2512 acc 0.9103 (0.795 secs)
minGRU:minGRU_depth1 step 16000 lr 3.000e-04 [train] loss 0.2331 acc 0.9166 (0.875 secs)
Evaluating on val
minGRU: minGRU_depth1[val] loss 1.6750 acc 0.5280 (4.102 secs)

minGRU:minGRU_depth1 step 16100 lr 3.000e-04 [train] loss 0.2555 acc 0.9067 (5.079 secs)
minGRU:minGRU_depth1 step 16200 lr 3.000e-04 [train] loss 0.2373 acc 0.9147 (0.719 secs)
minGRU:minGRU_depth1 step 16300 lr 3.000e-04 [train] loss 0.2530 acc 0.9070 (0.747 secs)
minGRU:minGRU_depth1 step 16400 lr 3.000e-04 [train] loss 0.2807 acc 0.9015 (0.780 secs)
minGRU:minGRU_depth1 step 16500 lr 3.000e-04 [train] loss 0.2521 acc 0.9095 (0.757 secs)
minGRU:minGRU_depth1 step 16600 lr 3.000e-04 [train] loss 0.2633 acc 0.9028 (0.740 secs)
minGRU:minGRU_depth1 step 16700 lr 3.000e-04 [train] loss 0.2561 acc 0.9059 (0.719 secs)
minGRU:minGRU_depth1 step 16800 lr 3.000e-04 [train] loss 0.2474 acc 0.9115 (0.705 secs)
minGRU:minGRU_depth1 step 16900 lr 3.000e-04 [train] loss 0.2222 acc 0.9214 (0.720 secs)
minGRU:minGRU_depth1 step 17000 lr 3.000e-04 [train] loss 0.2603 acc 0.9055 (0.735 secs)
Evaluating on val
minGRU: minGRU_depth1[val] loss 1.6164 acc 0.5377 (4.078 secs)

minGRU:minGRU_depth1 step 17100 lr 3.000e-04 [train] loss 0.2464 acc 0.9075 (5.212 secs)
minGRU:minGRU_depth1 step 17200 lr 3.000e-04 [train] loss 0.2485 acc 0.9109 (0.805 secs)
minGRU:minGRU_depth1 step 17300 lr 3.000e-04 [train] loss 0.2268 acc 0.9198 (0.724 secs)
minGRU:minGRU_depth1 step 17400 lr 3.000e-04 [train] loss 0.2304 acc 0.9166 (0.724 secs)
minGRU:minGRU_depth1 step 17500 lr 3.000e-04 [train] loss 0.2296 acc 0.9185 (0.739 secs)
minGRU:minGRU_depth1 step 17600 lr 3.000e-04 [train] loss 0.2608 acc 0.9075 (0.743 secs)
minGRU:minGRU_depth1 step 17700 lr 3.000e-04 [train] loss 0.2455 acc 0.9155 (0.737 secs)
minGRU:minGRU_depth1 step 17800 lr 3.000e-04 [train] loss 0.2601 acc 0.9059 (0.743 secs)
minGRU:minGRU_depth1 step 17900 lr 3.000e-04 [train] loss 0.2359 acc 0.9152 (0.708 secs)
minGRU:minGRU_depth1 step 18000 lr 3.000e-04 [train] loss 0.2300 acc 0.9166 (0.738 secs)
Evaluating on val
minGRU: minGRU_depth1[val] loss 1.4995 acc 0.5611 (4.071 secs)

Early Stopping!
minGRU:minGRU_depth1 step 18100 lr 3.000e-04 [train] loss 0.2273 acc 0.9189 (5.146 secs)
minGRU:minGRU_depth1 step 18200 lr 3.000e-04 [train] loss 0.2652 acc 0.9029 (0.845 secs)
minGRU:minGRU_depth1 step 18300 lr 3.000e-04 [train] loss 0.2590 acc 0.9050 (0.893 secs)
minGRU:minGRU_depth1 step 18400 lr 3.000e-04 [train] loss 0.2688 acc 0.9033 (0.722 secs)
minGRU:minGRU_depth1 step 18500 lr 3.000e-04 [train] loss 0.2632 acc 0.9032 (0.741 secs)
minGRU:minGRU_depth1 step 18600 lr 3.000e-04 [train] loss 0.2414 acc 0.9122 (0.728 secs)
minGRU:minGRU_depth1 step 18700 lr 3.000e-04 [train] loss 0.2582 acc 0.9095 (0.741 secs)
minGRU:minGRU_depth1 step 18800 lr 3.000e-04 [train] loss 0.2286 acc 0.9165 (0.707 secs)
minGRU:minGRU_depth1 step 18900 lr 3.000e-04 [train] loss 0.2338 acc 0.9159 (0.723 secs)
minGRU:minGRU_depth1 step 19000 lr 3.000e-04 [train] loss 0.2407 acc 0.9124 (0.739 secs)
Evaluating on val
minGRU: minGRU_depth1[val] loss 1.9187 acc 0.5112 (4.078 secs)

minGRU:minGRU_depth1 step 19100 lr 3.000e-04 [train] loss 0.2632 acc 0.9058 (5.081 secs)
minGRU:minGRU_depth1 step 19200 lr 3.000e-04 [train] loss 0.2246 acc 0.9202 (0.837 secs)
minGRU:minGRU_depth1 step 19300 lr 3.000e-04 [train] loss 0.2155 acc 0.9213 (0.816 secs)
minGRU:minGRU_depth1 step 19400 lr 3.000e-04 [train] loss 0.2422 acc 0.9109 (0.852 secs)
minGRU:minGRU_depth1 step 19500 lr 3.000e-04 [train] loss 0.2553 acc 0.9080 (0.896 secs)
minGRU:minGRU_depth1 step 19600 lr 3.000e-04 [train] loss 0.2411 acc 0.9133 (0.726 secs)
minGRU:minGRU_depth1 step 19700 lr 3.000e-04 [train] loss 0.2300 acc 0.9199 (0.733 secs)
minGRU:minGRU_depth1 step 19800 lr 3.000e-04 [train] loss 0.2417 acc 0.9116 (0.769 secs)
minGRU:minGRU_depth1 step 19900 lr 3.000e-04 [train] loss 0.2591 acc 0.9041 (0.714 secs)
minGRU:minGRU_depth1 step 20000 lr 3.000e-04 [train] loss 0.2368 acc 0.9123 (0.753 secs)
Evaluating on val
minGRU: minGRU_depth1[val] loss 1.9396 acc 0.4921 (4.076 secs)

minGRU:minGRU_depth1 step 20100 lr 3.000e-04 [train] loss 0.2238 acc 0.9182 (4.985 secs)
minGRU:minGRU_depth1 step 20200 lr 3.000e-04 [train] loss 0.2386 acc 0.9132 (0.763 secs)
minGRU:minGRU_depth1 step 20300 lr 3.000e-04 [train] loss 0.2755 acc 0.8954 (0.786 secs)
minGRU:minGRU_depth1 step 20400 lr 3.000e-04 [train] loss 0.2404 acc 0.9126 (0.855 secs)
minGRU:minGRU_depth1 step 20500 lr 3.000e-04 [train] loss 0.2302 acc 0.9148 (0.827 secs)
minGRU:minGRU_depth1 step 20600 lr 3.000e-04 [train] loss 0.2645 acc 0.9014 (0.836 secs)
minGRU:minGRU_depth1 step 20700 lr 3.000e-04 [train] loss 0.2323 acc 0.9159 (0.929 secs)
minGRU:minGRU_depth1 step 20800 lr 3.000e-04 [train] loss 0.2071 acc 0.9287 (0.725 secs)
minGRU:minGRU_depth1 step 20900 lr 3.000e-04 [train] loss 0.2457 acc 0.9095 (0.751 secs)
minGRU:minGRU_depth1 step 21000 lr 3.000e-04 [train] loss 0.2317 acc 0.9186 (0.741 secs)
Evaluating on val
minGRU: minGRU_depth1[val] loss 2.1305 acc 0.4746 (4.085 secs)

minGRU:minGRU_depth1 step 21100 lr 3.000e-04 [train] loss 0.2521 acc 0.9070 (5.029 secs)
minGRU:minGRU_depth1 step 21200 lr 3.000e-04 [train] loss 0.2611 acc 0.9066 (0.760 secs)
minGRU:minGRU_depth1 step 21300 lr 3.000e-04 [train] loss 0.2612 acc 0.9055 (0.733 secs)
minGRU:minGRU_depth1 step 21400 lr 3.000e-04 [train] loss 0.2096 acc 0.9255 (0.716 secs)
minGRU:minGRU_depth1 step 21500 lr 3.000e-04 [train] loss 0.2557 acc 0.9078 (0.785 secs)
minGRU:minGRU_depth1 step 21600 lr 3.000e-04 [train] loss 0.2353 acc 0.9170 (0.828 secs)
minGRU:minGRU_depth1 step 21700 lr 3.000e-04 [train] loss 0.2381 acc 0.9140 (0.850 secs)
minGRU:minGRU_depth1 step 21800 lr 3.000e-04 [train] loss 0.2365 acc 0.9126 (0.820 secs)
minGRU:minGRU_depth1 step 21900 lr 3.000e-04 [train] loss 0.1981 acc 0.9307 (0.916 secs)
minGRU:minGRU_depth1 step 22000 lr 3.000e-04 [train] loss 0.2021 acc 0.9307 (0.749 secs)
Evaluating on val
minGRU: minGRU_depth1[val] loss 1.3917 acc 0.5806 (4.099 secs)

Early Stopping!
minGRU:minGRU_depth1 step 22100 lr 3.000e-04 [train] loss 0.2299 acc 0.9173 (5.064 secs)
minGRU:minGRU_depth1 step 22200 lr 3.000e-04 [train] loss 0.2403 acc 0.9123 (0.728 secs)
minGRU:minGRU_depth1 step 22300 lr 3.000e-04 [train] loss 0.2272 acc 0.9209 (0.736 secs)
minGRU:minGRU_depth1 step 22400 lr 3.000e-04 [train] loss 0.2750 acc 0.9016 (0.743 secs)
minGRU:minGRU_depth1 step 22500 lr 3.000e-04 [train] loss 0.2342 acc 0.9146 (0.730 secs)
minGRU:minGRU_depth1 step 22600 lr 3.000e-04 [train] loss 0.2294 acc 0.9167 (0.734 secs)
minGRU:minGRU_depth1 step 22700 lr 3.000e-04 [train] loss 0.2430 acc 0.9117 (0.826 secs)
minGRU:minGRU_depth1 step 22800 lr 3.000e-04 [train] loss 0.2702 acc 0.9012 (0.879 secs)
minGRU:minGRU_depth1 step 22900 lr 3.000e-04 [train] loss 0.2328 acc 0.9153 (0.826 secs)
minGRU:minGRU_depth1 step 23000 lr 3.000e-04 [train] loss 0.2276 acc 0.9207 (0.838 secs)
Evaluating on val
minGRU: minGRU_depth1[val] loss 1.6029 acc 0.5485 (4.091 secs)

minGRU:minGRU_depth1 step 23100 lr 3.000e-04 [train] loss 0.2455 acc 0.9119 (5.121 secs)
minGRU:minGRU_depth1 step 23200 lr 3.000e-04 [train] loss 0.2080 acc 0.9263 (0.704 secs)
minGRU:minGRU_depth1 step 23300 lr 3.000e-04 [train] loss 0.2255 acc 0.9178 (0.731 secs)
minGRU:minGRU_depth1 step 23400 lr 3.000e-04 [train] loss 0.2340 acc 0.9145 (0.723 secs)
minGRU:minGRU_depth1 step 23500 lr 3.000e-04 [train] loss 0.2319 acc 0.9146 (0.743 secs)
minGRU:minGRU_depth1 step 23600 lr 3.000e-04 [train] loss 0.2071 acc 0.9232 (0.721 secs)
minGRU:minGRU_depth1 step 23700 lr 3.000e-04 [train] loss 0.2248 acc 0.9207 (0.714 secs)
minGRU:minGRU_depth1 step 23800 lr 3.000e-04 [train] loss 0.2225 acc 0.9218 (0.749 secs)
minGRU:minGRU_depth1 step 23900 lr 3.000e-04 [train] loss 0.2292 acc 0.9179 (0.754 secs)
minGRU:minGRU_depth1 step 24000 lr 3.000e-04 [train] loss 0.2271 acc 0.9162 (0.852 secs)
Evaluating on val
minGRU: minGRU_depth1[val] loss 2.0341 acc 0.4833 (4.091 secs)

minGRU:minGRU_depth1 step 24100 lr 3.000e-04 [train] loss 0.2424 acc 0.9123 (5.077 secs)
minGRU:minGRU_depth1 step 24200 lr 3.000e-04 [train] loss 0.2332 acc 0.9129 (0.733 secs)
minGRU:minGRU_depth1 step 24300 lr 3.000e-04 [train] loss 0.2430 acc 0.9120 (0.744 secs)
minGRU:minGRU_depth1 step 24400 lr 3.000e-04 [train] loss 0.2793 acc 0.8979 (0.761 secs)
minGRU:minGRU_depth1 step 24500 lr 3.000e-04 [train] loss 0.2642 acc 0.9024 (0.764 secs)
minGRU:minGRU_depth1 step 24600 lr 3.000e-04 [train] loss 0.2492 acc 0.9098 (0.724 secs)
minGRU:minGRU_depth1 step 24700 lr 3.000e-04 [train] loss 0.1912 acc 0.9345 (0.694 secs)
minGRU:minGRU_depth1 step 24800 lr 3.000e-04 [train] loss 0.1858 acc 0.9344 (0.697 secs)
minGRU:minGRU_depth1 step 24900 lr 3.000e-04 [train] loss 0.2633 acc 0.9016 (0.756 secs)
minGRU:minGRU_depth1 step 25000 lr 3.000e-04 [train] loss 0.2145 acc 0.9245 (0.732 secs)
Evaluating on val
minGRU: minGRU_depth1[val] loss 2.1875 acc 0.4662 (4.096 secs)

minGRU:minGRU_depth1 step 25100 lr 3.000e-04 [train] loss 0.2258 acc 0.9172 (5.201 secs)
minGRU:minGRU_depth1 step 25200 lr 3.000e-04 [train] loss 0.2074 acc 0.9245 (0.704 secs)
minGRU:minGRU_depth1 step 25300 lr 3.000e-04 [train] loss 0.2452 acc 0.9102 (0.746 secs)
minGRU:minGRU_depth1 step 25400 lr 3.000e-04 [train] loss 0.1931 acc 0.9323 (0.699 secs)
minGRU:minGRU_depth1 step 25500 lr 3.000e-04 [train] loss 0.2220 acc 0.9214 (0.741 secs)
minGRU:minGRU_depth1 step 25600 lr 3.000e-04 [train] loss 0.2843 acc 0.8960 (0.745 secs)
minGRU:minGRU_depth1 step 25700 lr 3.000e-04 [train] loss 0.2404 acc 0.9123 (0.721 secs)
minGRU:minGRU_depth1 step 25800 lr 3.000e-04 [train] loss 0.2467 acc 0.9102 (0.767 secs)
minGRU:minGRU_depth1 step 25900 lr 3.000e-04 [train] loss 0.2191 acc 0.9217 (0.721 secs)
minGRU:minGRU_depth1 step 26000 lr 3.000e-04 [train] loss 0.2061 acc 0.9255 (0.716 secs)
Evaluating on val
minGRU: minGRU_depth1[val] loss 1.9477 acc 0.5116 (4.096 secs)

minGRU:minGRU_depth1 step 26100 lr 3.000e-04 [train] loss 0.2090 acc 0.9216 (5.131 secs)
minGRU:minGRU_depth1 step 26200 lr 3.000e-04 [train] loss 0.2356 acc 0.9117 (0.842 secs)
minGRU:minGRU_depth1 step 26300 lr 3.000e-04 [train] loss 0.1975 acc 0.9300 (0.872 secs)
minGRU:minGRU_depth1 step 26400 lr 3.000e-04 [train] loss 0.1925 acc 0.9331 (0.803 secs)
minGRU:minGRU_depth1 step 26500 lr 3.000e-04 [train] loss 0.2458 acc 0.9134 (0.759 secs)
minGRU:minGRU_depth1 step 26600 lr 3.000e-04 [train] loss 0.2259 acc 0.9209 (0.724 secs)
minGRU:minGRU_depth1 step 26700 lr 3.000e-04 [train] loss 0.2498 acc 0.9092 (0.724 secs)
minGRU:minGRU_depth1 step 26800 lr 3.000e-04 [train] loss 0.2175 acc 0.9229 (0.728 secs)
minGRU:minGRU_depth1 step 26900 lr 3.000e-04 [train] loss 0.2283 acc 0.9159 (0.749 secs)
minGRU:minGRU_depth1 step 27000 lr 3.000e-04 [train] loss 0.2180 acc 0.9201 (0.698 secs)
Evaluating on val
minGRU: minGRU_depth1[val] loss 1.9350 acc 0.5134 (4.083 secs)

minGRU:minGRU_depth1 step 27100 lr 3.000e-04 [train] loss 0.2029 acc 0.9277 (5.019 secs)
minGRU:minGRU_depth1 step 27200 lr 3.000e-04 [train] loss 0.1920 acc 0.9322 (0.851 secs)
minGRU:minGRU_depth1 step 27300 lr 3.000e-04 [train] loss 0.2240 acc 0.9177 (0.853 secs)
minGRU:minGRU_depth1 step 27400 lr 3.000e-04 [train] loss 0.2258 acc 0.9176 (0.822 secs)
minGRU:minGRU_depth1 step 27500 lr 3.000e-04 [train] loss 0.2595 acc 0.9041 (0.913 secs)
minGRU:minGRU_depth1 step 27600 lr 3.000e-04 [train] loss 0.2356 acc 0.9149 (0.800 secs)
minGRU:minGRU_depth1 step 27700 lr 3.000e-04 [train] loss 0.1925 acc 0.9307 (0.725 secs)
minGRU:minGRU_depth1 step 27800 lr 3.000e-04 [train] loss 0.2214 acc 0.9193 (0.736 secs)
minGRU:minGRU_depth1 step 27900 lr 3.000e-04 [train] loss 0.2001 acc 0.9301 (0.725 secs)
minGRU:minGRU_depth1 step 28000 lr 3.000e-04 [train] loss 0.2196 acc 0.9193 (0.746 secs)
Evaluating on val
minGRU: minGRU_depth1[val] loss 1.9268 acc 0.5038 (4.091 secs)

minGRU:minGRU_depth1 step 28100 lr 3.000e-04 [train] loss 0.2217 acc 0.9211 (5.023 secs)
minGRU:minGRU_depth1 step 28200 lr 3.000e-04 [train] loss 0.2082 acc 0.9242 (0.727 secs)
minGRU:minGRU_depth1 step 28300 lr 3.000e-04 [train] loss 0.2247 acc 0.9191 (0.723 secs)
minGRU:minGRU_depth1 step 28400 lr 3.000e-04 [train] loss 0.2067 acc 0.9244 (0.858 secs)
minGRU:minGRU_depth1 step 28500 lr 3.000e-04 [train] loss 0.2082 acc 0.9251 (0.830 secs)
minGRU:minGRU_depth1 step 28600 lr 3.000e-04 [train] loss 0.1956 acc 0.9337 (0.814 secs)
minGRU:minGRU_depth1 step 28700 lr 3.000e-04 [train] loss 0.2168 acc 0.9236 (0.855 secs)
minGRU:minGRU_depth1 step 28800 lr 3.000e-04 [train] loss 0.2121 acc 0.9236 (0.808 secs)
minGRU:minGRU_depth1 step 28900 lr 3.000e-04 [train] loss 0.1989 acc 0.9270 (0.710 secs)
minGRU:minGRU_depth1 step 29000 lr 3.000e-04 [train] loss 0.2291 acc 0.9185 (0.763 secs)
Evaluating on val
minGRU: minGRU_depth1[val] loss 1.9810 acc 0.5001 (4.092 secs)

minGRU:minGRU_depth1 step 29100 lr 3.000e-04 [train] loss 0.2224 acc 0.9168 (5.021 secs)
minGRU:minGRU_depth1 step 29200 lr 3.000e-04 [train] loss 0.2256 acc 0.9174 (0.723 secs)
minGRU:minGRU_depth1 step 29300 lr 3.000e-04 [train] loss 0.1949 acc 0.9308 (0.724 secs)
minGRU:minGRU_depth1 step 29400 lr 3.000e-04 [train] loss 0.2041 acc 0.9259 (0.717 secs)
minGRU:minGRU_depth1 step 29500 lr 3.000e-04 [train] loss 0.2074 acc 0.9252 (0.702 secs)
minGRU:minGRU_depth1 step 29600 lr 3.000e-04 [train] loss 0.2132 acc 0.9236 (0.842 secs)
minGRU:minGRU_depth1 step 29700 lr 3.000e-04 [train] loss 0.2066 acc 0.9248 (0.828 secs)
minGRU:minGRU_depth1 step 29800 lr 3.000e-04 [train] loss 0.2158 acc 0.9202 (0.852 secs)
minGRU:minGRU_depth1 step 29900 lr 3.000e-04 [train] loss 0.2336 acc 0.9168 (0.869 secs)
minGRU:minGRU_depth1 step 30000 lr 3.000e-04 [train] loss 0.1897 acc 0.9327 (0.854 secs)
Evaluating on val
minGRU: minGRU_depth1[val] loss 2.1785 acc 0.4858 (4.085 secs)

minGRU:minGRU_depth1 step 30100 lr 3.000e-04 [train] loss 0.2480 acc 0.9077 (5.066 secs)
minGRU:minGRU_depth1 step 30200 lr 3.000e-04 [train] loss 0.2530 acc 0.9053 (0.732 secs)
minGRU:minGRU_depth1 step 30300 lr 3.000e-04 [train] loss 0.1792 acc 0.9365 (0.692 secs)
minGRU:minGRU_depth1 step 30400 lr 3.000e-04 [train] loss 0.1961 acc 0.9289 (0.725 secs)
minGRU:minGRU_depth1 step 30500 lr 3.000e-04 [train] loss 0.2182 acc 0.9230 (0.758 secs)
minGRU:minGRU_depth1 step 30600 lr 3.000e-04 [train] loss 0.2056 acc 0.9268 (0.746 secs)
minGRU:minGRU_depth1 step 30700 lr 3.000e-04 [train] loss 0.2565 acc 0.9025 (0.763 secs)
minGRU:minGRU_depth1 step 30800 lr 3.000e-04 [train] loss 0.2044 acc 0.9250 (0.833 secs)
minGRU:minGRU_depth1 step 30900 lr 3.000e-04 [train] loss 0.2042 acc 0.9282 (0.838 secs)
minGRU:minGRU_depth1 step 31000 lr 3.000e-04 [train] loss 0.2191 acc 0.9191 (0.834 secs)
Evaluating on val
minGRU: minGRU_depth1[val] loss 1.8575 acc 0.5237 (4.090 secs)

minGRU:minGRU_depth1 step 31100 lr 3.000e-04 [train] loss 0.2017 acc 0.9298 (5.071 secs)
minGRU:minGRU_depth1 step 31200 lr 3.000e-04 [train] loss 0.2032 acc 0.9245 (0.715 secs)
minGRU:minGRU_depth1 step 31300 lr 3.000e-04 [train] loss 0.2177 acc 0.9179 (0.723 secs)
minGRU:minGRU_depth1 step 31400 lr 3.000e-04 [train] loss 0.2094 acc 0.9260 (0.739 secs)
minGRU:minGRU_depth1 step 31500 lr 3.000e-04 [train] loss 0.2327 acc 0.9126 (0.738 secs)
minGRU:minGRU_depth1 step 31600 lr 3.000e-04 [train] loss 0.2072 acc 0.9253 (0.712 secs)
minGRU:minGRU_depth1 step 31700 lr 3.000e-04 [train] loss 0.2062 acc 0.9263 (0.748 secs)
minGRU:minGRU_depth1 step 31800 lr 3.000e-04 [train] loss 0.2144 acc 0.9243 (0.742 secs)
minGRU:minGRU_depth1 step 31900 lr 3.000e-04 [train] loss 0.2194 acc 0.9225 (0.734 secs)
minGRU:minGRU_depth1 step 32000 lr 3.000e-04 [train] loss 0.2073 acc 0.9263 (0.796 secs)
Evaluating on val
minGRU: minGRU_depth1[val] loss 1.9148 acc 0.5102 (4.087 secs)

minGRU:minGRU_depth1 step 32100 lr 3.000e-04 [train] loss 0.2093 acc 0.9225 (5.061 secs)
minGRU:minGRU_depth1 step 32200 lr 3.000e-04 [train] loss 0.2193 acc 0.9232 (0.741 secs)
minGRU:minGRU_depth1 step 32300 lr 3.000e-04 [train] loss 0.1709 acc 0.9377 (0.692 secs)
minGRU:minGRU_depth1 step 32400 lr 3.000e-04 [train] loss 0.1805 acc 0.9363 (0.722 secs)
minGRU:minGRU_depth1 step 32500 lr 3.000e-04 [train] loss 0.2125 acc 0.9191 (0.697 secs)
minGRU:minGRU_depth1 step 32600 lr 3.000e-04 [train] loss 0.2008 acc 0.9298 (0.720 secs)
minGRU:minGRU_depth1 step 32700 lr 3.000e-04 [train] loss 0.2008 acc 0.9240 (0.742 secs)
minGRU:minGRU_depth1 step 32800 lr 3.000e-04 [train] loss 0.2399 acc 0.9152 (0.744 secs)
minGRU:minGRU_depth1 step 32900 lr 3.000e-04 [train] loss 0.1961 acc 0.9303 (0.716 secs)
minGRU:minGRU_depth1 step 33000 lr 3.000e-04 [train] loss 0.2199 acc 0.9229 (0.740 secs)
Evaluating on val
minGRU: minGRU_depth1[val] loss 1.6947 acc 0.5470 (4.081 secs)

minGRU:minGRU_depth1 step 33100 lr 3.000e-04 [train] loss 0.2335 acc 0.9175 (5.173 secs)
minGRU:minGRU_depth1 step 33200 lr 3.000e-04 [train] loss 0.2361 acc 0.9137 (0.845 secs)
minGRU:minGRU_depth1 step 33300 lr 3.000e-04 [train] loss 0.2416 acc 0.9126 (0.790 secs)
minGRU:minGRU_depth1 step 33400 lr 3.000e-04 [train] loss 0.2180 acc 0.9201 (0.728 secs)
minGRU:minGRU_depth1 step 33500 lr 3.000e-04 [train] loss 0.2083 acc 0.9272 (0.739 secs)
minGRU:minGRU_depth1 step 33600 lr 3.000e-04 [train] loss 0.1843 acc 0.9379 (0.719 secs)
minGRU:minGRU_depth1 step 33700 lr 3.000e-04 [train] loss 0.2108 acc 0.9234 (0.738 secs)
minGRU:minGRU_depth1 step 33800 lr 3.000e-04 [train] loss 0.2266 acc 0.9200 (0.749 secs)
minGRU:minGRU_depth1 step 33900 lr 3.000e-04 [train] loss 0.1995 acc 0.9256 (0.754 secs)
minGRU:minGRU_depth1 step 34000 lr 3.000e-04 [train] loss 0.1858 acc 0.9337 (0.734 secs)
Evaluating on val
minGRU: minGRU_depth1[val] loss 1.9229 acc 0.5196 (4.085 secs)

minGRU:minGRU_depth1 step 34100 lr 3.000e-04 [train] loss 0.2160 acc 0.9210 (5.078 secs)
minGRU:minGRU_depth1 step 34200 lr 3.000e-04 [train] loss 0.1996 acc 0.9272 (0.812 secs)
minGRU:minGRU_depth1 step 34300 lr 3.000e-04 [train] loss 0.2057 acc 0.9252 (0.884 secs)
minGRU:minGRU_depth1 step 34400 lr 3.000e-04 [train] loss 0.1696 acc 0.9387 (0.818 secs)
minGRU:minGRU_depth1 step 34500 lr 3.000e-04 [train] loss 0.1727 acc 0.9379 (0.712 secs)
minGRU:minGRU_depth1 step 34600 lr 3.000e-04 [train] loss 0.2397 acc 0.9077 (0.752 secs)
minGRU:minGRU_depth1 step 34700 lr 3.000e-04 [train] loss 0.1846 acc 0.9373 (0.720 secs)
minGRU:minGRU_depth1 step 34800 lr 3.000e-04 [train] loss 0.1931 acc 0.9334 (0.712 secs)
minGRU:minGRU_depth1 step 34900 lr 3.000e-04 [train] loss 0.1853 acc 0.9343 (0.715 secs)
minGRU:minGRU_depth1 step 35000 lr 3.000e-04 [train] loss 0.1822 acc 0.9348 (0.709 secs)
Evaluating on val
minGRU: minGRU_depth1[val] loss 1.8717 acc 0.5312 (4.090 secs)

minGRU:minGRU_depth1 step 35100 lr 3.000e-04 [train] loss 0.2130 acc 0.9228 (5.005 secs)
minGRU:minGRU_depth1 step 35200 lr 3.000e-04 [train] loss 0.2109 acc 0.9259 (0.814 secs)
minGRU:minGRU_depth1 step 35300 lr 3.000e-04 [train] loss 0.2196 acc 0.9179 (0.832 secs)
minGRU:minGRU_depth1 step 35400 lr 3.000e-04 [train] loss 0.2212 acc 0.9195 (0.845 secs)
minGRU:minGRU_depth1 step 35500 lr 3.000e-04 [train] loss 0.2211 acc 0.9174 (0.857 secs)
minGRU:minGRU_depth1 step 35600 lr 3.000e-04 [train] loss 0.1949 acc 0.9298 (0.869 secs)
minGRU:minGRU_depth1 step 35700 lr 3.000e-04 [train] loss 0.2034 acc 0.9263 (0.731 secs)
minGRU:minGRU_depth1 step 35800 lr 3.000e-04 [train] loss 0.1715 acc 0.9406 (0.699 secs)
minGRU:minGRU_depth1 step 35900 lr 3.000e-04 [train] loss 0.2385 acc 0.9141 (0.752 secs)
minGRU:minGRU_depth1 step 36000 lr 3.000e-04 [train] loss 0.1842 acc 0.9315 (0.712 secs)
Evaluating on val
minGRU: minGRU_depth1[val] loss 1.9820 acc 0.5083 (4.087 secs)

minGRU:minGRU_depth1 step 36100 lr 3.000e-04 [train] loss 0.2157 acc 0.9198 (5.024 secs)
minGRU:minGRU_depth1 step 36200 lr 3.000e-04 [train] loss 0.1978 acc 0.9312 (0.726 secs)
minGRU:minGRU_depth1 step 36300 lr 3.000e-04 [train] loss 0.1836 acc 0.9359 (0.749 secs)
minGRU:minGRU_depth1 step 36400 lr 3.000e-04 [train] loss 0.1791 acc 0.9352 (0.768 secs)
minGRU:minGRU_depth1 step 36500 lr 3.000e-04 [train] loss 0.1775 acc 0.9347 (0.846 secs)
minGRU:minGRU_depth1 step 36600 lr 3.000e-04 [train] loss 0.1940 acc 0.9268 (0.816 secs)
minGRU:minGRU_depth1 step 36700 lr 3.000e-04 [train] loss 0.1925 acc 0.9311 (0.824 secs)
minGRU:minGRU_depth1 step 36800 lr 3.000e-04 [train] loss 0.1807 acc 0.9365 (0.876 secs)
minGRU:minGRU_depth1 step 36900 lr 3.000e-04 [train] loss 0.1705 acc 0.9402 (0.738 secs)
minGRU:minGRU_depth1 step 37000 lr 3.000e-04 [train] loss 0.2066 acc 0.9260 (0.752 secs)
Evaluating on val
minGRU: minGRU_depth1[val] loss 1.8634 acc 0.5305 (4.077 secs)

minGRU:minGRU_depth1 step 37100 lr 3.000e-04 [train] loss 0.2266 acc 0.9220 (5.028 secs)
minGRU:minGRU_depth1 step 37200 lr 3.000e-04 [train] loss 0.2055 acc 0.9240 (0.747 secs)
minGRU:minGRU_depth1 step 37300 lr 3.000e-04 [train] loss 0.1839 acc 0.9361 (0.758 secs)
minGRU:minGRU_depth1 step 37400 lr 3.000e-04 [train] loss 0.1917 acc 0.9307 (0.719 secs)
minGRU:minGRU_depth1 step 37500 lr 3.000e-04 [train] loss 0.1842 acc 0.9359 (0.708 secs)
minGRU:minGRU_depth1 step 37600 lr 3.000e-04 [train] loss 0.1861 acc 0.9334 (0.732 secs)
minGRU:minGRU_depth1 step 37700 lr 3.000e-04 [train] loss 0.1756 acc 0.9360 (0.846 secs)
minGRU:minGRU_depth1 step 37800 lr 3.000e-04 [train] loss 0.1953 acc 0.9259 (0.797 secs)
minGRU:minGRU_depth1 step 37900 lr 3.000e-04 [train] loss 0.2160 acc 0.9185 (0.825 secs)
minGRU:minGRU_depth1 step 38000 lr 3.000e-04 [train] loss 0.1965 acc 0.9273 (0.893 secs)
Evaluating on val
minGRU: minGRU_depth1[val] loss 2.1044 acc 0.5086 (4.085 secs)

minGRU:minGRU_depth1 step 38100 lr 3.000e-04 [train] loss 0.2054 acc 0.9280 (5.084 secs)
minGRU:minGRU_depth1 step 38200 lr 3.000e-04 [train] loss 0.2368 acc 0.9163 (0.739 secs)
minGRU:minGRU_depth1 step 38300 lr 3.000e-04 [train] loss 0.1961 acc 0.9309 (0.729 secs)
minGRU:minGRU_depth1 step 38400 lr 3.000e-04 [train] loss 0.1888 acc 0.9325 (0.739 secs)
minGRU:minGRU_depth1 step 38500 lr 3.000e-04 [train] loss 0.1829 acc 0.9337 (0.736 secs)
minGRU:minGRU_depth1 step 38600 lr 3.000e-04 [train] loss 0.2083 acc 0.9245 (0.752 secs)
minGRU:minGRU_depth1 step 38700 lr 3.000e-04 [train] loss 0.2237 acc 0.9205 (0.754 secs)
minGRU:minGRU_depth1 step 38800 lr 3.000e-04 [train] loss 0.1766 acc 0.9378 (0.731 secs)
minGRU:minGRU_depth1 step 38900 lr 3.000e-04 [train] loss 0.2263 acc 0.9165 (0.862 secs)
minGRU:minGRU_depth1 step 39000 lr 3.000e-04 [train] loss 0.2096 acc 0.9226 (0.836 secs)
Evaluating on val
minGRU: minGRU_depth1[val] loss 2.2464 acc 0.5021 (4.089 secs)

minGRU:minGRU_depth1 step 39100 lr 3.000e-04 [train] loss 0.1869 acc 0.9341 (5.102 secs)
minGRU:minGRU_depth1 step 39200 lr 3.000e-04 [train] loss 0.2037 acc 0.9257 (0.726 secs)
minGRU:minGRU_depth1 step 39300 lr 3.000e-04 [train] loss 0.2024 acc 0.9272 (0.746 secs)
minGRU:minGRU_depth1 step 39400 lr 3.000e-04 [train] loss 0.1831 acc 0.9338 (0.710 secs)
minGRU:minGRU_depth1 step 39500 lr 3.000e-04 [train] loss 0.1975 acc 0.9303 (0.741 secs)
minGRU:minGRU_depth1 step 39600 lr 3.000e-04 [train] loss 0.1828 acc 0.9320 (0.713 secs)
minGRU:minGRU_depth1 step 39700 lr 3.000e-04 [train] loss 0.2006 acc 0.9305 (0.740 secs)
minGRU:minGRU_depth1 step 39800 lr 3.000e-04 [train] loss 0.1856 acc 0.9367 (0.736 secs)
minGRU:minGRU_depth1 step 39900 lr 3.000e-04 [train] loss 0.1860 acc 0.9326 (0.732 secs)
minGRU:minGRU_depth1 step 40000 lr 3.000e-04 [train] loss 0.1956 acc 0.9284 (0.746 secs)
Evaluating on val
minGRU: minGRU_depth1[val] loss 1.7325 acc 0.5681 (4.094 secs)

minGRU:minGRU_depth1 step 40100 lr 3.000e-04 [train] loss 0.1938 acc 0.9309 (5.019 secs)
minGRU:minGRU_depth1 step 40200 lr 3.000e-04 [train] loss 0.1916 acc 0.9303 (0.724 secs)
minGRU:minGRU_depth1 step 40300 lr 3.000e-04 [train] loss 0.1832 acc 0.9352 (0.704 secs)
minGRU:minGRU_depth1 step 40400 lr 3.000e-04 [train] loss 0.1890 acc 0.9318 (0.742 secs)
minGRU:minGRU_depth1 step 40500 lr 3.000e-04 [train] loss 0.2068 acc 0.9239 (0.733 secs)
minGRU:minGRU_depth1 step 40600 lr 3.000e-04 [train] loss 0.1964 acc 0.9296 (0.735 secs)
minGRU:minGRU_depth1 step 40700 lr 3.000e-04 [train] loss 0.1771 acc 0.9353 (0.717 secs)
minGRU:minGRU_depth1 step 40800 lr 3.000e-04 [train] loss 0.2012 acc 0.9256 (0.713 secs)
minGRU:minGRU_depth1 step 40900 lr 3.000e-04 [train] loss 0.1705 acc 0.9384 (0.695 secs)
minGRU:minGRU_depth1 step 41000 lr 3.000e-04 [train] loss 0.1881 acc 0.9330 (0.732 secs)
Evaluating on val
minGRU: minGRU_depth1[val] loss 2.0921 acc 0.5155 (4.090 secs)

minGRU:minGRU_depth1 step 41100 lr 3.000e-04 [train] loss 0.1987 acc 0.9282 (5.158 secs)
minGRU:minGRU_depth1 step 41200 lr 3.000e-04 [train] loss 0.2009 acc 0.9270 (0.929 secs)
minGRU:minGRU_depth1 step 41300 lr 3.000e-04 [train] loss 0.1632 acc 0.9440 (0.801 secs)
minGRU:minGRU_depth1 step 41400 lr 3.000e-04 [train] loss 0.2020 acc 0.9273 (0.731 secs)
minGRU:minGRU_depth1 step 41500 lr 3.000e-04 [train] loss 0.1842 acc 0.9312 (0.703 secs)
minGRU:minGRU_depth1 step 41600 lr 3.000e-04 [train] loss 0.2157 acc 0.9230 (0.748 secs)
minGRU:minGRU_depth1 step 41700 lr 3.000e-04 [train] loss 0.2221 acc 0.9191 (0.730 secs)
minGRU:minGRU_depth1 step 41800 lr 3.000e-04 [train] loss 0.1643 acc 0.9394 (0.714 secs)
minGRU:minGRU_depth1 step 41900 lr 3.000e-04 [train] loss 0.1857 acc 0.9336 (0.719 secs)
minGRU:minGRU_depth1 step 42000 lr 3.000e-04 [train] loss 0.1760 acc 0.9382 (0.713 secs)
Evaluating on val
minGRU: minGRU_depth1[val] loss 1.7820 acc 0.5511 (4.087 secs)

minGRU:minGRU_depth1 step 42100 lr 3.000e-04 [train] loss 0.1723 acc 0.9374 (5.156 secs)
minGRU:minGRU_depth1 step 42200 lr 3.000e-04 [train] loss 0.1961 acc 0.9289 (0.815 secs)
minGRU:minGRU_depth1 step 42300 lr 3.000e-04 [train] loss 0.1962 acc 0.9274 (0.839 secs)
minGRU:minGRU_depth1 step 42400 lr 3.000e-04 [train] loss 0.1887 acc 0.9354 (0.855 secs)
minGRU:minGRU_depth1 step 42500 lr 3.000e-04 [train] loss 0.1855 acc 0.9355 (0.824 secs)
minGRU:minGRU_depth1 step 42600 lr 3.000e-04 [train] loss 0.1733 acc 0.9401 (0.701 secs)
minGRU:minGRU_depth1 step 42700 lr 3.000e-04 [train] loss 0.1729 acc 0.9395 (0.701 secs)
minGRU:minGRU_depth1 step 42800 lr 3.000e-04 [train] loss 0.2379 acc 0.9155 (0.730 secs)
minGRU:minGRU_depth1 step 42900 lr 3.000e-04 [train] loss 0.2179 acc 0.9191 (0.757 secs)
minGRU:minGRU_depth1 step 43000 lr 3.000e-04 [train] loss 0.2093 acc 0.9248 (0.743 secs)
