Experiment: Transformer_Maj_GenBase
Total number of parameters: 1025024

transformer:Transformer_Maj_GenBase step 0 lr 3.000e-04 [train] loss 4.3018 acc 0.0156 (0.483 secs)
Evaluating on val
transformer: Transformer_Maj_GenBase[val] loss 4.2334 acc 0.0137 (13.215 secs)

Early Stopping!
transformer:Transformer_Maj_GenBase step 100 lr 3.000e-04 [train] loss 2.8608 acc 0.3411 (15.269 secs)
transformer:Transformer_Maj_GenBase step 200 lr 3.000e-04 [train] loss 1.6650 acc 0.5772 (1.786 secs)
transformer:Transformer_Maj_GenBase step 300 lr 3.000e-04 [train] loss 1.4028 acc 0.6141 (1.847 secs)
transformer:Transformer_Maj_GenBase step 400 lr 3.000e-04 [train] loss 1.1043 acc 0.6830 (1.805 secs)
transformer:Transformer_Maj_GenBase step 500 lr 3.000e-04 [train] loss 0.9013 acc 0.7345 (1.769 secs)
transformer:Transformer_Maj_GenBase step 600 lr 3.000e-04 [train] loss 0.8405 acc 0.7443 (1.781 secs)
transformer:Transformer_Maj_GenBase step 700 lr 3.000e-04 [train] loss 0.7710 acc 0.7605 (1.733 secs)
transformer:Transformer_Maj_GenBase step 800 lr 3.000e-04 [train] loss 0.6997 acc 0.7778 (1.772 secs)
transformer:Transformer_Maj_GenBase step 900 lr 3.000e-04 [train] loss 0.6419 acc 0.7949 (1.814 secs)
transformer:Transformer_Maj_GenBase step 1000 lr 3.000e-04 [train] loss 0.5801 acc 0.8137 (1.703 secs)
Evaluating on val
transformer: Transformer_Maj_GenBase[val] loss 1.6422 acc 0.5171 (13.584 secs)

Early Stopping!
transformer:Transformer_Maj_GenBase step 1100 lr 3.000e-04 [train] loss 0.5608 acc 0.8164 (15.638 secs)
transformer:Transformer_Maj_GenBase step 1200 lr 3.000e-04 [train] loss 0.5610 acc 0.8211 (1.800 secs)
transformer:Transformer_Maj_GenBase step 1300 lr 3.000e-04 [train] loss 0.4969 acc 0.8420 (1.712 secs)
transformer:Transformer_Maj_GenBase step 1400 lr 3.000e-04 [train] loss 0.5031 acc 0.8323 (1.820 secs)
transformer:Transformer_Maj_GenBase step 1500 lr 3.000e-04 [train] loss 0.4602 acc 0.8486 (1.736 secs)
transformer:Transformer_Maj_GenBase step 1600 lr 3.000e-04 [train] loss 0.5105 acc 0.8271 (1.986 secs)
transformer:Transformer_Maj_GenBase step 1700 lr 3.000e-04 [train] loss 0.4569 acc 0.8462 (1.911 secs)
transformer:Transformer_Maj_GenBase step 1800 lr 3.000e-04 [train] loss 0.3506 acc 0.8841 (1.612 secs)
transformer:Transformer_Maj_GenBase step 1900 lr 3.000e-04 [train] loss 0.4474 acc 0.8479 (1.912 secs)
transformer:Transformer_Maj_GenBase step 2000 lr 3.000e-04 [train] loss 0.4093 acc 0.8618 (1.790 secs)
Evaluating on val
transformer: Transformer_Maj_GenBase[val] loss 1.4197 acc 0.5788 (13.938 secs)

Early Stopping!
transformer:Transformer_Maj_GenBase step 2100 lr 3.000e-04 [train] loss 0.3728 acc 0.8763 (15.833 secs)
transformer:Transformer_Maj_GenBase step 2200 lr 3.000e-04 [train] loss 0.4121 acc 0.8595 (1.962 secs)
transformer:Transformer_Maj_GenBase step 2300 lr 3.000e-04 [train] loss 0.3736 acc 0.8753 (1.914 secs)
transformer:Transformer_Maj_GenBase step 2400 lr 3.000e-04 [train] loss 0.3452 acc 0.8853 (1.773 secs)
transformer:Transformer_Maj_GenBase step 2500 lr 3.000e-04 [train] loss 0.3470 acc 0.8821 (1.791 secs)
transformer:Transformer_Maj_GenBase step 2600 lr 3.000e-04 [train] loss 0.3408 acc 0.8846 (1.784 secs)
transformer:Transformer_Maj_GenBase step 2700 lr 3.000e-04 [train] loss 0.3480 acc 0.8787 (1.867 secs)
transformer:Transformer_Maj_GenBase step 2800 lr 3.000e-04 [train] loss 0.2986 acc 0.9004 (1.700 secs)
transformer:Transformer_Maj_GenBase step 2900 lr 3.000e-04 [train] loss 0.3525 acc 0.8794 (2.007 secs)
transformer:Transformer_Maj_GenBase step 3000 lr 3.000e-04 [train] loss 0.3242 acc 0.8900 (1.871 secs)
Evaluating on val
transformer: Transformer_Maj_GenBase[val] loss 1.3492 acc 0.6048 (13.696 secs)

Early Stopping!
transformer:Transformer_Maj_GenBase step 3100 lr 3.000e-04 [train] loss 0.3131 acc 0.8919 (15.632 secs)
transformer:Transformer_Maj_GenBase step 3200 lr 3.000e-04 [train] loss 0.2889 acc 0.9021 (1.743 secs)
transformer:Transformer_Maj_GenBase step 3300 lr 3.000e-04 [train] loss 0.2659 acc 0.9124 (1.759 secs)
transformer:Transformer_Maj_GenBase step 3400 lr 3.000e-04 [train] loss 0.2770 acc 0.9038 (1.815 secs)
transformer:Transformer_Maj_GenBase step 3500 lr 3.000e-04 [train] loss 0.2597 acc 0.9134 (1.829 secs)
transformer:Transformer_Maj_GenBase step 3600 lr 3.000e-04 [train] loss 0.3001 acc 0.8970 (1.892 secs)
transformer:Transformer_Maj_GenBase step 3700 lr 3.000e-04 [train] loss 0.2922 acc 0.8984 (1.828 secs)
transformer:Transformer_Maj_GenBase step 3800 lr 3.000e-04 [train] loss 0.2829 acc 0.9046 (1.766 secs)
transformer:Transformer_Maj_GenBase step 3900 lr 3.000e-04 [train] loss 0.2508 acc 0.9174 (1.782 secs)
transformer:Transformer_Maj_GenBase step 4000 lr 3.000e-04 [train] loss 0.2569 acc 0.9130 (1.823 secs)
Evaluating on val
transformer: Transformer_Maj_GenBase[val] loss 1.3969 acc 0.6108 (13.770 secs)

Early Stopping!
transformer:Transformer_Maj_GenBase step 4100 lr 3.000e-04 [train] loss 0.2506 acc 0.9152 (15.811 secs)
transformer:Transformer_Maj_GenBase step 4200 lr 3.000e-04 [train] loss 0.2615 acc 0.9109 (1.841 secs)
transformer:Transformer_Maj_GenBase step 4300 lr 3.000e-04 [train] loss 0.2397 acc 0.9189 (1.793 secs)
transformer:Transformer_Maj_GenBase step 4400 lr 3.000e-04 [train] loss 0.2468 acc 0.9197 (1.800 secs)
transformer:Transformer_Maj_GenBase step 4500 lr 3.000e-04 [train] loss 0.2515 acc 0.9148 (1.769 secs)
transformer:Transformer_Maj_GenBase step 4600 lr 3.000e-04 [train] loss 0.2260 acc 0.9223 (1.788 secs)
transformer:Transformer_Maj_GenBase step 4700 lr 3.000e-04 [train] loss 0.2469 acc 0.9162 (1.961 secs)
transformer:Transformer_Maj_GenBase step 4800 lr 3.000e-04 [train] loss 0.2474 acc 0.9165 (2.011 secs)
transformer:Transformer_Maj_GenBase step 4900 lr 3.000e-04 [train] loss 0.2458 acc 0.9150 (1.848 secs)
transformer:Transformer_Maj_GenBase step 5000 lr 3.000e-04 [train] loss 0.2251 acc 0.9235 (1.711 secs)
Evaluating on val
transformer: Transformer_Maj_GenBase[val] loss 1.4746 acc 0.6098 (13.783 secs)

transformer:Transformer_Maj_GenBase step 5100 lr 3.000e-04 [train] loss 0.2090 acc 0.9292 (15.683 secs)
transformer:Transformer_Maj_GenBase step 5200 lr 3.000e-04 [train] loss 0.2092 acc 0.9279 (1.796 secs)
transformer:Transformer_Maj_GenBase step 5300 lr 3.000e-04 [train] loss 0.2185 acc 0.9218 (1.896 secs)
transformer:Transformer_Maj_GenBase step 5400 lr 3.000e-04 [train] loss 0.2092 acc 0.9300 (1.784 secs)
transformer:Transformer_Maj_GenBase step 5500 lr 3.000e-04 [train] loss 0.2219 acc 0.9230 (1.783 secs)
transformer:Transformer_Maj_GenBase step 5600 lr 3.000e-04 [train] loss 0.2142 acc 0.9254 (1.774 secs)
transformer:Transformer_Maj_GenBase step 5700 lr 3.000e-04 [train] loss 0.2037 acc 0.9288 (1.849 secs)
transformer:Transformer_Maj_GenBase step 5800 lr 3.000e-04 [train] loss 0.2149 acc 0.9272 (1.868 secs)
transformer:Transformer_Maj_GenBase step 5900 lr 3.000e-04 [train] loss 0.1889 acc 0.9353 (1.860 secs)
transformer:Transformer_Maj_GenBase step 6000 lr 3.000e-04 [train] loss 0.1848 acc 0.9364 (1.890 secs)
Evaluating on val
transformer: Transformer_Maj_GenBase[val] loss 1.4142 acc 0.6331 (13.726 secs)

Early Stopping!
transformer:Transformer_Maj_GenBase step 6100 lr 3.000e-04 [train] loss 0.1912 acc 0.9337 (15.665 secs)
transformer:Transformer_Maj_GenBase step 6200 lr 3.000e-04 [train] loss 0.1805 acc 0.9384 (1.766 secs)
transformer:Transformer_Maj_GenBase step 6300 lr 3.000e-04 [train] loss 0.1962 acc 0.9313 (1.725 secs)
transformer:Transformer_Maj_GenBase step 6400 lr 3.000e-04 [train] loss 0.1961 acc 0.9334 (1.792 secs)
transformer:Transformer_Maj_GenBase step 6500 lr 3.000e-04 [train] loss 0.1937 acc 0.9324 (1.869 secs)
transformer:Transformer_Maj_GenBase step 6600 lr 3.000e-04 [train] loss 0.1860 acc 0.9366 (1.839 secs)
transformer:Transformer_Maj_GenBase step 6700 lr 3.000e-04 [train] loss 0.1933 acc 0.9318 (1.776 secs)
transformer:Transformer_Maj_GenBase step 6800 lr 3.000e-04 [train] loss 0.2053 acc 0.9298 (1.767 secs)
transformer:Transformer_Maj_GenBase step 6900 lr 3.000e-04 [train] loss 0.1900 acc 0.9360 (1.810 secs)
transformer:Transformer_Maj_GenBase step 7000 lr 3.000e-04 [train] loss 0.1447 acc 0.9507 (1.683 secs)
Evaluating on val
transformer: Transformer_Maj_GenBase[val] loss 1.5841 acc 0.6147 (13.771 secs)

transformer:Transformer_Maj_GenBase step 7100 lr 3.000e-04 [train] loss 0.2032 acc 0.9298 (15.901 secs)
transformer:Transformer_Maj_GenBase step 7200 lr 3.000e-04 [train] loss 0.1598 acc 0.9445 (1.671 secs)
transformer:Transformer_Maj_GenBase step 7300 lr 3.000e-04 [train] loss 0.1996 acc 0.9315 (1.887 secs)
transformer:Transformer_Maj_GenBase step 7400 lr 3.000e-04 [train] loss 0.1796 acc 0.9369 (1.781 secs)
transformer:Transformer_Maj_GenBase step 7500 lr 3.000e-04 [train] loss 0.1571 acc 0.9472 (1.745 secs)
transformer:Transformer_Maj_GenBase step 7600 lr 3.000e-04 [train] loss 0.1723 acc 0.9399 (1.828 secs)
transformer:Transformer_Maj_GenBase step 7700 lr 3.000e-04 [train] loss 0.1661 acc 0.9452 (1.816 secs)
transformer:Transformer_Maj_GenBase step 7800 lr 3.000e-04 [train] loss 0.1542 acc 0.9477 (1.866 secs)
transformer:Transformer_Maj_GenBase step 7900 lr 3.000e-04 [train] loss 0.1439 acc 0.9518 (1.793 secs)
transformer:Transformer_Maj_GenBase step 8000 lr 3.000e-04 [train] loss 0.1327 acc 0.9564 (1.690 secs)
Evaluating on val
transformer: Transformer_Maj_GenBase[val] loss 1.5209 acc 0.6287 (13.759 secs)

transformer:Transformer_Maj_GenBase step 8100 lr 3.000e-04 [train] loss 0.1458 acc 0.9491 (15.595 secs)
transformer:Transformer_Maj_GenBase step 8200 lr 3.000e-04 [train] loss 0.1854 acc 0.9370 (1.842 secs)
transformer:Transformer_Maj_GenBase step 8300 lr 3.000e-04 [train] loss 0.1745 acc 0.9409 (1.903 secs)
transformer:Transformer_Maj_GenBase step 8400 lr 3.000e-04 [train] loss 0.1569 acc 0.9470 (1.798 secs)
transformer:Transformer_Maj_GenBase step 8500 lr 3.000e-04 [train] loss 0.1505 acc 0.9479 (1.739 secs)
transformer:Transformer_Maj_GenBase step 8600 lr 3.000e-04 [train] loss 0.1580 acc 0.9473 (1.833 secs)
transformer:Transformer_Maj_GenBase step 8700 lr 3.000e-04 [train] loss 0.1440 acc 0.9503 (1.723 secs)
transformer:Transformer_Maj_GenBase step 8800 lr 3.000e-04 [train] loss 0.1661 acc 0.9398 (1.822 secs)
transformer:Transformer_Maj_GenBase step 8900 lr 3.000e-04 [train] loss 0.1777 acc 0.9389 (1.781 secs)
transformer:Transformer_Maj_GenBase step 9000 lr 3.000e-04 [train] loss 0.1592 acc 0.9447 (2.010 secs)
Evaluating on val
transformer: Transformer_Maj_GenBase[val] loss 1.3786 acc 0.6601 (13.765 secs)

Early Stopping!
transformer:Transformer_Maj_GenBase step 9100 lr 3.000e-04 [train] loss 0.1536 acc 0.9488 (15.762 secs)
transformer:Transformer_Maj_GenBase step 9200 lr 3.000e-04 [train] loss 0.1583 acc 0.9448 (1.902 secs)
transformer:Transformer_Maj_GenBase step 9300 lr 3.000e-04 [train] loss 0.1378 acc 0.9523 (1.870 secs)
transformer:Transformer_Maj_GenBase step 9400 lr 3.000e-04 [train] loss 0.1443 acc 0.9510 (1.749 secs)
transformer:Transformer_Maj_GenBase step 9500 lr 3.000e-04 [train] loss 0.1376 acc 0.9527 (1.850 secs)
transformer:Transformer_Maj_GenBase step 9600 lr 3.000e-04 [train] loss 0.1408 acc 0.9500 (1.889 secs)
transformer:Transformer_Maj_GenBase step 9700 lr 3.000e-04 [train] loss 0.1650 acc 0.9445 (1.796 secs)
transformer:Transformer_Maj_GenBase step 9800 lr 3.000e-04 [train] loss 0.1915 acc 0.9355 (1.863 secs)
transformer:Transformer_Maj_GenBase step 9900 lr 3.000e-04 [train] loss 0.1615 acc 0.9445 (1.845 secs)
transformer:Transformer_Maj_GenBase step 10000 lr 3.000e-04 [train] loss 0.1399 acc 0.9527 (1.779 secs)
Evaluating on val
transformer: Transformer_Maj_GenBase[val] loss 1.4294 acc 0.6525 (13.775 secs)

transformer:Transformer_Maj_GenBase step 10100 lr 3.000e-04 [train] loss 0.1099 acc 0.9624 (15.701 secs)
transformer:Transformer_Maj_GenBase step 10200 lr 3.000e-04 [train] loss 0.0993 acc 0.9677 (1.827 secs)
transformer:Transformer_Maj_GenBase step 10300 lr 3.000e-04 [train] loss 0.1176 acc 0.9594 (1.807 secs)
transformer:Transformer_Maj_GenBase step 10400 lr 3.000e-04 [train] loss 0.1199 acc 0.9603 (1.787 secs)
transformer:Transformer_Maj_GenBase step 10500 lr 3.000e-04 [train] loss 0.1303 acc 0.9557 (1.804 secs)
transformer:Transformer_Maj_GenBase step 10600 lr 3.000e-04 [train] loss 0.1435 acc 0.9511 (1.810 secs)
transformer:Transformer_Maj_GenBase step 10700 lr 3.000e-04 [train] loss 0.1509 acc 0.9482 (1.883 secs)
transformer:Transformer_Maj_GenBase step 10800 lr 3.000e-04 [train] loss 0.1480 acc 0.9477 (1.943 secs)
transformer:Transformer_Maj_GenBase step 10900 lr 3.000e-04 [train] loss 0.1169 acc 0.9598 (1.690 secs)
transformer:Transformer_Maj_GenBase step 11000 lr 3.000e-04 [train] loss 0.1078 acc 0.9640 (1.785 secs)
Evaluating on val
transformer: Transformer_Maj_GenBase[val] loss 1.3059 acc 0.6747 (13.759 secs)

Early Stopping!
transformer:Transformer_Maj_GenBase step 11100 lr 3.000e-04 [train] loss 0.1195 acc 0.9595 (15.677 secs)
transformer:Transformer_Maj_GenBase step 11200 lr 3.000e-04 [train] loss 0.1199 acc 0.9580 (1.823 secs)
transformer:Transformer_Maj_GenBase step 11300 lr 3.000e-04 [train] loss 0.1366 acc 0.9519 (1.863 secs)
transformer:Transformer_Maj_GenBase step 11400 lr 3.000e-04 [train] loss 0.1329 acc 0.9524 (1.861 secs)
transformer:Transformer_Maj_GenBase step 11500 lr 3.000e-04 [train] loss 0.1301 acc 0.9548 (1.845 secs)
transformer:Transformer_Maj_GenBase step 11600 lr 3.000e-04 [train] loss 0.1705 acc 0.9430 (1.939 secs)
transformer:Transformer_Maj_GenBase step 11700 lr 3.000e-04 [train] loss 0.1088 acc 0.9625 (1.694 secs)
transformer:Transformer_Maj_GenBase step 11800 lr 3.000e-04 [train] loss 0.1222 acc 0.9585 (1.824 secs)
transformer:Transformer_Maj_GenBase step 11900 lr 3.000e-04 [train] loss 0.1134 acc 0.9611 (1.838 secs)
transformer:Transformer_Maj_GenBase step 12000 lr 3.000e-04 [train] loss 0.0975 acc 0.9677 (1.843 secs)
Evaluating on val
transformer: Transformer_Maj_GenBase[val] loss 1.3921 acc 0.6727 (13.779 secs)

transformer:Transformer_Maj_GenBase step 12100 lr 3.000e-04 [train] loss 0.1046 acc 0.9643 (15.720 secs)
transformer:Transformer_Maj_GenBase step 12200 lr 3.000e-04 [train] loss 0.1416 acc 0.9508 (1.877 secs)
transformer:Transformer_Maj_GenBase step 12300 lr 3.000e-04 [train] loss 0.1544 acc 0.9491 (1.791 secs)
transformer:Transformer_Maj_GenBase step 12400 lr 3.000e-04 [train] loss 0.1118 acc 0.9594 (1.724 secs)
transformer:Transformer_Maj_GenBase step 12500 lr 3.000e-04 [train] loss 0.1052 acc 0.9659 (1.813 secs)
transformer:Transformer_Maj_GenBase step 12600 lr 3.000e-04 [train] loss 0.1333 acc 0.9545 (1.912 secs)
transformer:Transformer_Maj_GenBase step 12700 lr 3.000e-04 [train] loss 0.1327 acc 0.9533 (1.811 secs)
transformer:Transformer_Maj_GenBase step 12800 lr 3.000e-04 [train] loss 0.1070 acc 0.9644 (1.748 secs)
transformer:Transformer_Maj_GenBase step 12900 lr 3.000e-04 [train] loss 0.1182 acc 0.9587 (1.800 secs)
transformer:Transformer_Maj_GenBase step 13000 lr 3.000e-04 [train] loss 0.1098 acc 0.9641 (1.805 secs)
Evaluating on val
transformer: Transformer_Maj_GenBase[val] loss 1.2537 acc 0.6875 (13.782 secs)

Early Stopping!
transformer:Transformer_Maj_GenBase step 13100 lr 3.000e-04 [train] loss 0.1251 acc 0.9544 (15.929 secs)
transformer:Transformer_Maj_GenBase step 13200 lr 3.000e-04 [train] loss 0.1228 acc 0.9577 (1.869 secs)
transformer:Transformer_Maj_GenBase step 13300 lr 3.000e-04 [train] loss 0.1125 acc 0.9616 (1.712 secs)
transformer:Transformer_Maj_GenBase step 13400 lr 3.000e-04 [train] loss 0.1016 acc 0.9652 (1.726 secs)
transformer:Transformer_Maj_GenBase step 13500 lr 3.000e-04 [train] loss 0.1017 acc 0.9652 (1.852 secs)
transformer:Transformer_Maj_GenBase step 13600 lr 3.000e-04 [train] loss 0.1010 acc 0.9669 (1.798 secs)
transformer:Transformer_Maj_GenBase step 13700 lr 3.000e-04 [train] loss 0.1073 acc 0.9630 (1.921 secs)
transformer:Transformer_Maj_GenBase step 13800 lr 3.000e-04 [train] loss 0.1137 acc 0.9613 (1.894 secs)
transformer:Transformer_Maj_GenBase step 13900 lr 3.000e-04 [train] loss 0.0955 acc 0.9676 (1.652 secs)
transformer:Transformer_Maj_GenBase step 14000 lr 3.000e-04 [train] loss 0.1017 acc 0.9657 (1.757 secs)
Evaluating on val
transformer: Transformer_Maj_GenBase[val] loss 1.5440 acc 0.6523 (13.806 secs)

transformer:Transformer_Maj_GenBase step 14100 lr 3.000e-04 [train] loss 0.1188 acc 0.9602 (15.736 secs)
transformer:Transformer_Maj_GenBase step 14200 lr 3.000e-04 [train] loss 0.1053 acc 0.9641 (1.781 secs)
transformer:Transformer_Maj_GenBase step 14300 lr 3.000e-04 [train] loss 0.0962 acc 0.9659 (1.795 secs)
transformer:Transformer_Maj_GenBase step 14400 lr 3.000e-04 [train] loss 0.1045 acc 0.9650 (1.852 secs)
transformer:Transformer_Maj_GenBase step 14500 lr 3.000e-04 [train] loss 0.0825 acc 0.9739 (1.758 secs)
transformer:Transformer_Maj_GenBase step 14600 lr 3.000e-04 [train] loss 0.0836 acc 0.9724 (1.700 secs)
transformer:Transformer_Maj_GenBase step 14700 lr 3.000e-04 [train] loss 0.0948 acc 0.9670 (1.803 secs)
transformer:Transformer_Maj_GenBase step 14800 lr 3.000e-04 [train] loss 0.0998 acc 0.9663 (1.788 secs)
transformer:Transformer_Maj_GenBase step 14900 lr 3.000e-04 [train] loss 0.0951 acc 0.9684 (1.723 secs)
transformer:Transformer_Maj_GenBase step 15000 lr 3.000e-04 [train] loss 0.1198 acc 0.9584 (1.907 secs)
Evaluating on val
transformer: Transformer_Maj_GenBase[val] loss 1.3737 acc 0.6756 (13.759 secs)

transformer:Transformer_Maj_GenBase step 15100 lr 3.000e-04 [train] loss 0.1414 acc 0.9522 (15.745 secs)
transformer:Transformer_Maj_GenBase step 15200 lr 3.000e-04 [train] loss 0.1178 acc 0.9590 (1.876 secs)
transformer:Transformer_Maj_GenBase step 15300 lr 3.000e-04 [train] loss 0.0875 acc 0.9712 (1.744 secs)
transformer:Transformer_Maj_GenBase step 15400 lr 3.000e-04 [train] loss 0.0948 acc 0.9668 (1.889 secs)
transformer:Transformer_Maj_GenBase step 15500 lr 3.000e-04 [train] loss 0.1057 acc 0.9639 (2.004 secs)
transformer:Transformer_Maj_GenBase step 15600 lr 3.000e-04 [train] loss 0.0895 acc 0.9691 (1.879 secs)
transformer:Transformer_Maj_GenBase step 15700 lr 3.000e-04 [train] loss 0.0862 acc 0.9724 (1.723 secs)
transformer:Transformer_Maj_GenBase step 15800 lr 3.000e-04 [train] loss 0.0840 acc 0.9727 (1.741 secs)
transformer:Transformer_Maj_GenBase step 15900 lr 3.000e-04 [train] loss 0.1116 acc 0.9615 (1.775 secs)
transformer:Transformer_Maj_GenBase step 16000 lr 3.000e-04 [train] loss 0.1030 acc 0.9661 (1.867 secs)
Evaluating on val
transformer: Transformer_Maj_GenBase[val] loss 1.5313 acc 0.6646 (13.748 secs)

transformer:Transformer_Maj_GenBase step 16100 lr 3.000e-04 [train] loss 0.0905 acc 0.9696 (15.702 secs)
transformer:Transformer_Maj_GenBase step 16200 lr 3.000e-04 [train] loss 0.0739 acc 0.9744 (1.798 secs)
transformer:Transformer_Maj_GenBase step 16300 lr 3.000e-04 [train] loss 0.0990 acc 0.9657 (1.801 secs)
transformer:Transformer_Maj_GenBase step 16400 lr 3.000e-04 [train] loss 0.1117 acc 0.9614 (1.802 secs)
transformer:Transformer_Maj_GenBase step 16500 lr 3.000e-04 [train] loss 0.1078 acc 0.9640 (1.768 secs)
transformer:Transformer_Maj_GenBase step 16600 lr 3.000e-04 [train] loss 0.0944 acc 0.9668 (1.832 secs)
transformer:Transformer_Maj_GenBase step 16700 lr 3.000e-04 [train] loss 0.0804 acc 0.9726 (1.768 secs)
transformer:Transformer_Maj_GenBase step 16800 lr 3.000e-04 [train] loss 0.0655 acc 0.9790 (1.780 secs)
transformer:Transformer_Maj_GenBase step 16900 lr 3.000e-04 [train] loss 0.0710 acc 0.9755 (1.842 secs)
transformer:Transformer_Maj_GenBase step 17000 lr 3.000e-04 [train] loss 0.0749 acc 0.9742 (1.743 secs)
Evaluating on val
transformer: Transformer_Maj_GenBase[val] loss 1.6353 acc 0.6625 (13.753 secs)

transformer:Transformer_Maj_GenBase step 17100 lr 3.000e-04 [train] loss 0.0928 acc 0.9675 (15.666 secs)
transformer:Transformer_Maj_GenBase step 17200 lr 3.000e-04 [train] loss 0.0872 acc 0.9711 (1.693 secs)
transformer:Transformer_Maj_GenBase step 17300 lr 3.000e-04 [train] loss 0.1117 acc 0.9621 (1.907 secs)
transformer:Transformer_Maj_GenBase step 17400 lr 3.000e-04 [train] loss 0.0865 acc 0.9702 (1.807 secs)
transformer:Transformer_Maj_GenBase step 17500 lr 3.000e-04 [train] loss 0.0878 acc 0.9694 (1.765 secs)
transformer:Transformer_Maj_GenBase step 17600 lr 3.000e-04 [train] loss 0.0876 acc 0.9702 (1.807 secs)
transformer:Transformer_Maj_GenBase step 17700 lr 3.000e-04 [train] loss 0.0821 acc 0.9712 (1.797 secs)
transformer:Transformer_Maj_GenBase step 17800 lr 3.000e-04 [train] loss 0.0801 acc 0.9721 (1.801 secs)
transformer:Transformer_Maj_GenBase step 17900 lr 3.000e-04 [train] loss 0.1061 acc 0.9650 (1.845 secs)
transformer:Transformer_Maj_GenBase step 18000 lr 3.000e-04 [train] loss 0.1204 acc 0.9591 (1.877 secs)
Evaluating on val
transformer: Transformer_Maj_GenBase[val] loss 1.3590 acc 0.6921 (13.752 secs)

Early Stopping!
transformer:Transformer_Maj_GenBase step 18100 lr 3.000e-04 [train] loss 0.0833 acc 0.9718 (15.661 secs)
transformer:Transformer_Maj_GenBase step 18200 lr 3.000e-04 [train] loss 0.0873 acc 0.9718 (1.844 secs)
transformer:Transformer_Maj_GenBase step 18300 lr 3.000e-04 [train] loss 0.0987 acc 0.9642 (1.889 secs)
transformer:Transformer_Maj_GenBase step 18400 lr 3.000e-04 [train] loss 0.0987 acc 0.9640 (1.803 secs)
transformer:Transformer_Maj_GenBase step 18500 lr 3.000e-04 [train] loss 0.0903 acc 0.9697 (1.849 secs)
transformer:Transformer_Maj_GenBase step 18600 lr 3.000e-04 [train] loss 0.0871 acc 0.9713 (1.866 secs)
transformer:Transformer_Maj_GenBase step 18700 lr 3.000e-04 [train] loss 0.0729 acc 0.9755 (1.768 secs)
transformer:Transformer_Maj_GenBase step 18800 lr 3.000e-04 [train] loss 0.0641 acc 0.9777 (1.771 secs)
transformer:Transformer_Maj_GenBase step 18900 lr 3.000e-04 [train] loss 0.0813 acc 0.9721 (1.812 secs)
transformer:Transformer_Maj_GenBase step 19000 lr 3.000e-04 [train] loss 0.0707 acc 0.9759 (1.695 secs)
Evaluating on val
transformer: Transformer_Maj_GenBase[val] loss 1.3768 acc 0.6913 (13.756 secs)

transformer:Transformer_Maj_GenBase step 19100 lr 3.000e-04 [train] loss 0.0758 acc 0.9734 (15.627 secs)
transformer:Transformer_Maj_GenBase step 19200 lr 3.000e-04 [train] loss 0.0777 acc 0.9743 (1.951 secs)
transformer:Transformer_Maj_GenBase step 19300 lr 3.000e-04 [train] loss 0.0651 acc 0.9776 (1.742 secs)
transformer:Transformer_Maj_GenBase step 19400 lr 3.000e-04 [train] loss 0.0912 acc 0.9679 (1.804 secs)
transformer:Transformer_Maj_GenBase step 19500 lr 3.000e-04 [train] loss 0.1029 acc 0.9672 (1.836 secs)
transformer:Transformer_Maj_GenBase step 19600 lr 3.000e-04 [train] loss 0.0784 acc 0.9736 (1.766 secs)
transformer:Transformer_Maj_GenBase step 19700 lr 3.000e-04 [train] loss 0.0657 acc 0.9779 (1.815 secs)
transformer:Transformer_Maj_GenBase step 19800 lr 3.000e-04 [train] loss 0.0608 acc 0.9782 (1.864 secs)
transformer:Transformer_Maj_GenBase step 19900 lr 3.000e-04 [train] loss 0.0687 acc 0.9761 (1.931 secs)
transformer:Transformer_Maj_GenBase step 20000 lr 3.000e-04 [train] loss 0.0774 acc 0.9739 (1.861 secs)
Evaluating on val
transformer: Transformer_Maj_GenBase[val] loss 1.5539 acc 0.6778 (13.758 secs)

transformer:Transformer_Maj_GenBase step 20100 lr 3.000e-04 [train] loss 0.0697 acc 0.9769 (15.671 secs)
transformer:Transformer_Maj_GenBase step 20200 lr 3.000e-04 [train] loss 0.0846 acc 0.9711 (1.790 secs)
transformer:Transformer_Maj_GenBase step 20300 lr 3.000e-04 [train] loss 0.1118 acc 0.9609 (1.942 secs)
transformer:Transformer_Maj_GenBase step 20400 lr 3.000e-04 [train] loss 0.0810 acc 0.9730 (1.884 secs)
transformer:Transformer_Maj_GenBase step 20500 lr 3.000e-04 [train] loss 0.0896 acc 0.9688 (1.843 secs)
transformer:Transformer_Maj_GenBase step 20600 lr 3.000e-04 [train] loss 0.0765 acc 0.9749 (1.821 secs)
transformer:Transformer_Maj_GenBase step 20700 lr 3.000e-04 [train] loss 0.0499 acc 0.9834 (1.646 secs)
transformer:Transformer_Maj_GenBase step 20800 lr 3.000e-04 [train] loss 0.0579 acc 0.9806 (1.704 secs)
transformer:Transformer_Maj_GenBase step 20900 lr 3.000e-04 [train] loss 0.0706 acc 0.9761 (1.815 secs)
transformer:Transformer_Maj_GenBase step 21000 lr 3.000e-04 [train] loss 0.0991 acc 0.9655 (1.877 secs)
Evaluating on val
transformer: Transformer_Maj_GenBase[val] loss 1.4533 acc 0.6862 (13.789 secs)

transformer:Transformer_Maj_GenBase step 21100 lr 3.000e-04 [train] loss 0.0886 acc 0.9697 (15.683 secs)
transformer:Transformer_Maj_GenBase step 21200 lr 3.000e-04 [train] loss 0.0754 acc 0.9741 (1.750 secs)
transformer:Transformer_Maj_GenBase step 21300 lr 3.000e-04 [train] loss 0.0713 acc 0.9768 (1.762 secs)
transformer:Transformer_Maj_GenBase step 21400 lr 3.000e-04 [train] loss 0.0609 acc 0.9801 (1.743 secs)
transformer:Transformer_Maj_GenBase step 21500 lr 3.000e-04 [train] loss 0.0755 acc 0.9759 (1.819 secs)
transformer:Transformer_Maj_GenBase step 21600 lr 3.000e-04 [train] loss 0.0689 acc 0.9768 (1.826 secs)
transformer:Transformer_Maj_GenBase step 21700 lr 3.000e-04 [train] loss 0.0570 acc 0.9822 (1.879 secs)
transformer:Transformer_Maj_GenBase step 21800 lr 3.000e-04 [train] loss 0.0810 acc 0.9730 (1.867 secs)
transformer:Transformer_Maj_GenBase step 21900 lr 3.000e-04 [train] loss 0.0883 acc 0.9704 (1.811 secs)
transformer:Transformer_Maj_GenBase step 22000 lr 3.000e-04 [train] loss 0.0760 acc 0.9733 (1.749 secs)
Evaluating on val
transformer: Transformer_Maj_GenBase[val] loss 1.5588 acc 0.6770 (13.772 secs)

transformer:Transformer_Maj_GenBase step 22100 lr 3.000e-04 [train] loss 0.0852 acc 0.9702 (15.672 secs)
transformer:Transformer_Maj_GenBase step 22200 lr 3.000e-04 [train] loss 0.0679 acc 0.9766 (1.768 secs)
transformer:Transformer_Maj_GenBase step 22300 lr 3.000e-04 [train] loss 0.0836 acc 0.9721 (1.892 secs)
transformer:Transformer_Maj_GenBase step 22400 lr 3.000e-04 [train] loss 0.0790 acc 0.9738 (1.776 secs)
transformer:Transformer_Maj_GenBase step 22500 lr 3.000e-04 [train] loss 0.0664 acc 0.9780 (1.819 secs)
transformer:Transformer_Maj_GenBase step 22600 lr 3.000e-04 [train] loss 0.0633 acc 0.9784 (1.691 secs)
transformer:Transformer_Maj_GenBase step 22700 lr 3.000e-04 [train] loss 0.0797 acc 0.9726 (1.788 secs)
transformer:Transformer_Maj_GenBase step 22800 lr 3.000e-04 [train] loss 0.0653 acc 0.9779 (1.776 secs)
transformer:Transformer_Maj_GenBase step 22900 lr 3.000e-04 [train] loss 0.0604 acc 0.9794 (1.866 secs)
transformer:Transformer_Maj_GenBase step 23000 lr 3.000e-04 [train] loss 0.0853 acc 0.9709 (1.888 secs)
Evaluating on val
transformer: Transformer_Maj_GenBase[val] loss 1.2764 acc 0.7106 (13.770 secs)

Early Stopping!
transformer:Transformer_Maj_GenBase step 23100 lr 3.000e-04 [train] loss 0.0801 acc 0.9730 (15.677 secs)
transformer:Transformer_Maj_GenBase step 23200 lr 3.000e-04 [train] loss 0.0708 acc 0.9759 (1.771 secs)
transformer:Transformer_Maj_GenBase step 23300 lr 3.000e-04 [train] loss 0.0779 acc 0.9723 (1.867 secs)
transformer:Transformer_Maj_GenBase step 23400 lr 3.000e-04 [train] loss 0.0763 acc 0.9757 (1.890 secs)
transformer:Transformer_Maj_GenBase step 23500 lr 3.000e-04 [train] loss 0.0591 acc 0.9792 (1.849 secs)
transformer:Transformer_Maj_GenBase step 23600 lr 3.000e-04 [train] loss 0.0538 acc 0.9815 (1.765 secs)
transformer:Transformer_Maj_GenBase step 23700 lr 3.000e-04 [train] loss 0.0634 acc 0.9781 (1.761 secs)
transformer:Transformer_Maj_GenBase step 23800 lr 3.000e-04 [train] loss 0.0739 acc 0.9745 (1.817 secs)
transformer:Transformer_Maj_GenBase step 23900 lr 3.000e-04 [train] loss 0.0637 acc 0.9794 (1.808 secs)
transformer:Transformer_Maj_GenBase step 24000 lr 3.000e-04 [train] loss 0.0733 acc 0.9752 (1.869 secs)
Evaluating on val
transformer: Transformer_Maj_GenBase[val] loss 1.3535 acc 0.7074 (13.794 secs)

transformer:Transformer_Maj_GenBase step 24100 lr 3.000e-04 [train] loss 0.0654 acc 0.9777 (15.724 secs)
transformer:Transformer_Maj_GenBase step 24200 lr 3.000e-04 [train] loss 0.0885 acc 0.9708 (1.867 secs)
transformer:Transformer_Maj_GenBase step 24300 lr 3.000e-04 [train] loss 0.0857 acc 0.9715 (1.780 secs)
transformer:Transformer_Maj_GenBase step 24400 lr 3.000e-04 [train] loss 0.0570 acc 0.9813 (1.719 secs)
transformer:Transformer_Maj_GenBase step 24500 lr 3.000e-04 [train] loss 0.0575 acc 0.9808 (1.756 secs)
transformer:Transformer_Maj_GenBase step 24600 lr 3.000e-04 [train] loss 0.0594 acc 0.9792 (1.836 secs)
transformer:Transformer_Maj_GenBase step 24700 lr 3.000e-04 [train] loss 0.0649 acc 0.9769 (1.848 secs)
transformer:Transformer_Maj_GenBase step 24800 lr 3.000e-04 [train] loss 0.0713 acc 0.9756 (1.744 secs)
transformer:Transformer_Maj_GenBase step 24900 lr 3.000e-04 [train] loss 0.0721 acc 0.9763 (1.829 secs)
transformer:Transformer_Maj_GenBase step 25000 lr 3.000e-04 [train] loss 0.0689 acc 0.9770 (1.773 secs)
Evaluating on val
transformer: Transformer_Maj_GenBase[val] loss 1.3367 acc 0.7085 (13.832 secs)

transformer:Transformer_Maj_GenBase step 25100 lr 3.000e-04 [train] loss 0.0608 acc 0.9814 (15.710 secs)
transformer:Transformer_Maj_GenBase step 25200 lr 3.000e-04 [train] loss 0.0608 acc 0.9806 (1.978 secs)
transformer:Transformer_Maj_GenBase step 25300 lr 3.000e-04 [train] loss 0.0489 acc 0.9837 (1.866 secs)
transformer:Transformer_Maj_GenBase step 25400 lr 3.000e-04 [train] loss 0.0668 acc 0.9785 (1.852 secs)
transformer:Transformer_Maj_GenBase step 25500 lr 3.000e-04 [train] loss 0.0686 acc 0.9767 (1.761 secs)
transformer:Transformer_Maj_GenBase step 25600 lr 3.000e-04 [train] loss 0.0659 acc 0.9773 (1.818 secs)
transformer:Transformer_Maj_GenBase step 25700 lr 3.000e-04 [train] loss 0.0657 acc 0.9770 (1.785 secs)
transformer:Transformer_Maj_GenBase step 25800 lr 3.000e-04 [train] loss 0.0554 acc 0.9814 (1.801 secs)
transformer:Transformer_Maj_GenBase step 25900 lr 3.000e-04 [train] loss 0.0667 acc 0.9773 (1.877 secs)
transformer:Transformer_Maj_GenBase step 26000 lr 3.000e-04 [train] loss 0.0628 acc 0.9784 (1.717 secs)
Evaluating on val
transformer: Transformer_Maj_GenBase[val] loss 1.6157 acc 0.6794 (13.908 secs)

transformer:Transformer_Maj_GenBase step 26100 lr 3.000e-04 [train] loss 0.0796 acc 0.9725 (15.812 secs)
transformer:Transformer_Maj_GenBase step 26200 lr 3.000e-04 [train] loss 0.0784 acc 0.9740 (1.787 secs)
transformer:Transformer_Maj_GenBase step 26300 lr 3.000e-04 [train] loss 0.0663 acc 0.9778 (1.774 secs)
transformer:Transformer_Maj_GenBase step 26400 lr 3.000e-04 [train] loss 0.0726 acc 0.9761 (1.967 secs)
transformer:Transformer_Maj_GenBase step 26500 lr 3.000e-04 [train] loss 0.0592 acc 0.9798 (1.895 secs)
transformer:Transformer_Maj_GenBase step 26600 lr 3.000e-04 [train] loss 0.0493 acc 0.9840 (1.756 secs)
transformer:Transformer_Maj_GenBase step 26700 lr 3.000e-04 [train] loss 0.0626 acc 0.9798 (1.867 secs)
transformer:Transformer_Maj_GenBase step 26800 lr 3.000e-04 [train] loss 0.0700 acc 0.9764 (1.796 secs)
transformer:Transformer_Maj_GenBase step 26900 lr 3.000e-04 [train] loss 0.0591 acc 0.9797 (2.189 secs)
transformer:Transformer_Maj_GenBase step 27000 lr 3.000e-04 [train] loss 0.0570 acc 0.9812 (1.935 secs)
Evaluating on val
transformer: Transformer_Maj_GenBase[val] loss 1.3510 acc 0.7105 (14.186 secs)

transformer:Transformer_Maj_GenBase step 27100 lr 3.000e-04 [train] loss 0.0485 acc 0.9845 (16.108 secs)
transformer:Transformer_Maj_GenBase step 27200 lr 3.000e-04 [train] loss 0.0529 acc 0.9825 (1.803 secs)
transformer:Transformer_Maj_GenBase step 27300 lr 3.000e-04 [train] loss 0.0500 acc 0.9825 (1.780 secs)
transformer:Transformer_Maj_GenBase step 27400 lr 3.000e-04 [train] loss 0.0696 acc 0.9767 (1.863 secs)
transformer:Transformer_Maj_GenBase step 27500 lr 3.000e-04 [train] loss 0.0641 acc 0.9784 (1.812 secs)
transformer:Transformer_Maj_GenBase step 27600 lr 3.000e-04 [train] loss 0.0731 acc 0.9748 (2.026 secs)
transformer:Transformer_Maj_GenBase step 27700 lr 3.000e-04 [train] loss 0.0712 acc 0.9756 (2.426 secs)
transformer:Transformer_Maj_GenBase step 27800 lr 3.000e-04 [train] loss 0.0637 acc 0.9791 (1.815 secs)
transformer:Transformer_Maj_GenBase step 27900 lr 3.000e-04 [train] loss 0.0487 acc 0.9836 (1.794 secs)
transformer:Transformer_Maj_GenBase step 28000 lr 3.000e-04 [train] loss 0.0782 acc 0.9733 (1.917 secs)
Evaluating on val
transformer: Transformer_Maj_GenBase[val] loss 1.3711 acc 0.7050 (13.800 secs)

transformer:Transformer_Maj_GenBase step 28100 lr 3.000e-04 [train] loss 0.0652 acc 0.9769 (15.696 secs)
transformer:Transformer_Maj_GenBase step 28200 lr 3.000e-04 [train] loss 0.0667 acc 0.9772 (2.061 secs)
transformer:Transformer_Maj_GenBase step 28300 lr 3.000e-04 [train] loss 0.0543 acc 0.9809 (1.910 secs)
transformer:Transformer_Maj_GenBase step 28400 lr 3.000e-04 [train] loss 0.0489 acc 0.9841 (1.787 secs)
transformer:Transformer_Maj_GenBase step 28500 lr 3.000e-04 [train] loss 0.0482 acc 0.9859 (1.796 secs)
transformer:Transformer_Maj_GenBase step 28600 lr 3.000e-04 [train] loss 0.0416 acc 0.9861 (1.883 secs)
transformer:Transformer_Maj_GenBase step 28700 lr 3.000e-04 [train] loss 0.0445 acc 0.9836 (2.191 secs)
transformer:Transformer_Maj_GenBase step 28800 lr 3.000e-04 [train] loss 0.0709 acc 0.9760 (1.914 secs)
transformer:Transformer_Maj_GenBase step 28900 lr 3.000e-04 [train] loss 0.0697 acc 0.9774 (1.877 secs)
transformer:Transformer_Maj_GenBase step 29000 lr 3.000e-04 [train] loss 0.0641 acc 0.9791 (1.764 secs)
Evaluating on val
transformer: Transformer_Maj_GenBase[val] loss 1.6463 acc 0.6731 (13.801 secs)

transformer:Transformer_Maj_GenBase step 29100 lr 3.000e-04 [train] loss 0.0688 acc 0.9762 (15.927 secs)
transformer:Transformer_Maj_GenBase step 29200 lr 3.000e-04 [train] loss 0.0772 acc 0.9749 (1.839 secs)
transformer:Transformer_Maj_GenBase step 29300 lr 3.000e-04 [train] loss 0.0601 acc 0.9784 (1.734 secs)
transformer:Transformer_Maj_GenBase step 29400 lr 3.000e-04 [train] loss 0.0585 acc 0.9804 (1.933 secs)
transformer:Transformer_Maj_GenBase step 29500 lr 3.000e-04 [train] loss 0.0525 acc 0.9820 (1.775 secs)
transformer:Transformer_Maj_GenBase step 29600 lr 3.000e-04 [train] loss 0.0670 acc 0.9769 (1.849 secs)
transformer:Transformer_Maj_GenBase step 29700 lr 3.000e-04 [train] loss 0.0417 acc 0.9856 (1.638 secs)
transformer:Transformer_Maj_GenBase step 29800 lr 3.000e-04 [train] loss 0.0543 acc 0.9820 (1.771 secs)
transformer:Transformer_Maj_GenBase step 29900 lr 3.000e-04 [train] loss 0.0682 acc 0.9777 (1.844 secs)
transformer:Transformer_Maj_GenBase step 30000 lr 3.000e-04 [train] loss 0.0813 acc 0.9726 (1.851 secs)
Evaluating on val
transformer: Transformer_Maj_GenBase[val] loss 1.2285 acc 0.7199 (13.780 secs)

Early Stopping!
transformer:Transformer_Maj_GenBase step 30100 lr 3.000e-04 [train] loss 0.0536 acc 0.9821 (15.695 secs)
transformer:Transformer_Maj_GenBase step 30200 lr 3.000e-04 [train] loss 0.0452 acc 0.9850 (1.779 secs)
transformer:Transformer_Maj_GenBase step 30300 lr 3.000e-04 [train] loss 0.0611 acc 0.9788 (1.816 secs)
transformer:Transformer_Maj_GenBase step 30400 lr 3.000e-04 [train] loss 0.0575 acc 0.9798 (1.811 secs)
transformer:Transformer_Maj_GenBase step 30500 lr 3.000e-04 [train] loss 0.0429 acc 0.9857 (1.852 secs)
transformer:Transformer_Maj_GenBase step 30600 lr 3.000e-04 [train] loss 0.0518 acc 0.9826 (1.864 secs)
transformer:Transformer_Maj_GenBase step 30700 lr 3.000e-04 [train] loss 0.0544 acc 0.9807 (1.937 secs)
transformer:Transformer_Maj_GenBase step 30800 lr 3.000e-04 [train] loss 0.0635 acc 0.9790 (2.063 secs)
transformer:Transformer_Maj_GenBase step 30900 lr 3.000e-04 [train] loss 0.0592 acc 0.9794 (1.866 secs)
transformer:Transformer_Maj_GenBase step 31000 lr 3.000e-04 [train] loss 0.0616 acc 0.9797 (1.777 secs)
Evaluating on val
transformer: Transformer_Maj_GenBase[val] loss 1.4064 acc 0.7034 (13.762 secs)

transformer:Transformer_Maj_GenBase step 31100 lr 3.000e-04 [train] loss 0.0488 acc 0.9846 (15.635 secs)
transformer:Transformer_Maj_GenBase step 31200 lr 3.000e-04 [train] loss 0.0400 acc 0.9872 (1.902 secs)
transformer:Transformer_Maj_GenBase step 31300 lr 3.000e-04 [train] loss 0.0761 acc 0.9741 (1.931 secs)
transformer:Transformer_Maj_GenBase step 31400 lr 3.000e-04 [train] loss 0.0681 acc 0.9762 (1.730 secs)
transformer:Transformer_Maj_GenBase step 31500 lr 3.000e-04 [train] loss 0.0709 acc 0.9762 (1.838 secs)
transformer:Transformer_Maj_GenBase step 31600 lr 3.000e-04 [train] loss 0.0572 acc 0.9822 (1.816 secs)
transformer:Transformer_Maj_GenBase step 31700 lr 3.000e-04 [train] loss 0.0457 acc 0.9852 (2.308 secs)
transformer:Transformer_Maj_GenBase step 31800 lr 3.000e-04 [train] loss 0.0525 acc 0.9812 (1.959 secs)
transformer:Transformer_Maj_GenBase step 31900 lr 3.000e-04 [train] loss 0.0508 acc 0.9836 (1.885 secs)
transformer:Transformer_Maj_GenBase step 32000 lr 3.000e-04 [train] loss 0.0435 acc 0.9866 (1.771 secs)
Evaluating on val
transformer: Transformer_Maj_GenBase[val] loss 1.1479 acc 0.7414 (13.757 secs)

Early Stopping!
transformer:Transformer_Maj_GenBase step 32100 lr 3.000e-04 [train] loss 0.0465 acc 0.9852 (15.727 secs)
transformer:Transformer_Maj_GenBase step 32200 lr 3.000e-04 [train] loss 0.0473 acc 0.9849 (1.715 secs)
transformer:Transformer_Maj_GenBase step 32300 lr 3.000e-04 [train] loss 0.0681 acc 0.9771 (1.810 secs)
transformer:Transformer_Maj_GenBase step 32400 lr 3.000e-04 [train] loss 0.0694 acc 0.9771 (1.853 secs)
transformer:Transformer_Maj_GenBase step 32500 lr 3.000e-04 [train] loss 0.0700 acc 0.9764 (1.881 secs)
transformer:Transformer_Maj_GenBase step 32600 lr 3.000e-04 [train] loss 0.0538 acc 0.9813 (1.794 secs)
transformer:Transformer_Maj_GenBase step 32700 lr 3.000e-04 [train] loss 0.0537 acc 0.9826 (1.891 secs)
transformer:Transformer_Maj_GenBase step 32800 lr 3.000e-04 [train] loss 0.0457 acc 0.9841 (1.763 secs)
transformer:Transformer_Maj_GenBase step 32900 lr 3.000e-04 [train] loss 0.0495 acc 0.9838 (1.852 secs)
transformer:Transformer_Maj_GenBase step 33000 lr 3.000e-04 [train] loss 0.0597 acc 0.9812 (1.839 secs)
Evaluating on val
transformer: Transformer_Maj_GenBase[val] loss 1.4056 acc 0.7082 (13.776 secs)

transformer:Transformer_Maj_GenBase step 33100 lr 3.000e-04 [train] loss 0.0518 acc 0.9823 (15.702 secs)
transformer:Transformer_Maj_GenBase step 33200 lr 3.000e-04 [train] loss 0.0662 acc 0.9770 (1.782 secs)
transformer:Transformer_Maj_GenBase step 33300 lr 3.000e-04 [train] loss 0.0470 acc 0.9842 (1.697 secs)
transformer:Transformer_Maj_GenBase step 33400 lr 3.000e-04 [train] loss 0.0589 acc 0.9788 (1.794 secs)
transformer:Transformer_Maj_GenBase step 33500 lr 3.000e-04 [train] loss 0.0608 acc 0.9798 (1.776 secs)
transformer:Transformer_Maj_GenBase step 33600 lr 3.000e-04 [train] loss 0.0489 acc 0.9841 (1.864 secs)
transformer:Transformer_Maj_GenBase step 33700 lr 3.000e-04 [train] loss 0.0545 acc 0.9803 (1.864 secs)
transformer:Transformer_Maj_GenBase step 33800 lr 3.000e-04 [train] loss 0.0743 acc 0.9749 (1.844 secs)
transformer:Transformer_Maj_GenBase step 33900 lr 3.000e-04 [train] loss 0.0605 acc 0.9780 (1.790 secs)
transformer:Transformer_Maj_GenBase step 34000 lr 3.000e-04 [train] loss 0.0620 acc 0.9792 (1.824 secs)
Evaluating on val
transformer: Transformer_Maj_GenBase[val] loss 1.1823 acc 0.7331 (13.763 secs)

transformer:Transformer_Maj_GenBase step 34100 lr 3.000e-04 [train] loss 0.0504 acc 0.9836 (15.709 secs)
transformer:Transformer_Maj_GenBase step 34200 lr 3.000e-04 [train] loss 0.0506 acc 0.9840 (1.898 secs)
transformer:Transformer_Maj_GenBase step 34300 lr 3.000e-04 [train] loss 0.0440 acc 0.9848 (1.974 secs)
transformer:Transformer_Maj_GenBase step 34400 lr 3.000e-04 [train] loss 0.0668 acc 0.9770 (1.936 secs)
transformer:Transformer_Maj_GenBase step 34500 lr 3.000e-04 [train] loss 0.0560 acc 0.9810 (1.818 secs)
transformer:Transformer_Maj_GenBase step 34600 lr 3.000e-04 [train] loss 0.0430 acc 0.9857 (1.764 secs)
transformer:Transformer_Maj_GenBase step 34700 lr 3.000e-04 [train] loss 0.0525 acc 0.9833 (1.780 secs)
transformer:Transformer_Maj_GenBase step 34800 lr 3.000e-04 [train] loss 0.0653 acc 0.9787 (1.799 secs)
transformer:Transformer_Maj_GenBase step 34900 lr 3.000e-04 [train] loss 0.0607 acc 0.9790 (1.936 secs)
transformer:Transformer_Maj_GenBase step 35000 lr 3.000e-04 [train] loss 0.0432 acc 0.9862 (1.704 secs)
Evaluating on val
transformer: Transformer_Maj_GenBase[val] loss 1.1171 acc 0.7450 (13.781 secs)

Early Stopping!
transformer:Transformer_Maj_GenBase step 35100 lr 3.000e-04 [train] loss 0.0479 acc 0.9832 (15.778 secs)
transformer:Transformer_Maj_GenBase step 35200 lr 3.000e-04 [train] loss 0.0415 acc 0.9865 (1.647 secs)
transformer:Transformer_Maj_GenBase step 35300 lr 3.000e-04 [train] loss 0.0447 acc 0.9845 (1.772 secs)
transformer:Transformer_Maj_GenBase step 35400 lr 3.000e-04 [train] loss 0.0445 acc 0.9853 (1.836 secs)
transformer:Transformer_Maj_GenBase step 35500 lr 3.000e-04 [train] loss 0.0566 acc 0.9803 (1.913 secs)
transformer:Transformer_Maj_GenBase step 35600 lr 3.000e-04 [train] loss 0.0521 acc 0.9832 (1.742 secs)
transformer:Transformer_Maj_GenBase step 35700 lr 3.000e-04 [train] loss 0.0569 acc 0.9800 (1.848 secs)
transformer:Transformer_Maj_GenBase step 35800 lr 3.000e-04 [train] loss 0.0564 acc 0.9811 (1.725 secs)
transformer:Transformer_Maj_GenBase step 35900 lr 3.000e-04 [train] loss 0.0665 acc 0.9787 (1.895 secs)
transformer:Transformer_Maj_GenBase step 36000 lr 3.000e-04 [train] loss 0.0619 acc 0.9781 (1.823 secs)
Evaluating on val
transformer: Transformer_Maj_GenBase[val] loss 1.1860 acc 0.7351 (13.799 secs)

transformer:Transformer_Maj_GenBase step 36100 lr 3.000e-04 [train] loss 0.0568 acc 0.9816 (15.795 secs)
transformer:Transformer_Maj_GenBase step 36200 lr 3.000e-04 [train] loss 0.0530 acc 0.9827 (1.852 secs)
transformer:Transformer_Maj_GenBase step 36300 lr 3.000e-04 [train] loss 0.0378 acc 0.9883 (1.845 secs)
transformer:Transformer_Maj_GenBase step 36400 lr 3.000e-04 [train] loss 0.0503 acc 0.9828 (1.875 secs)
transformer:Transformer_Maj_GenBase step 36500 lr 3.000e-04 [train] loss 0.0560 acc 0.9827 (1.796 secs)
transformer:Transformer_Maj_GenBase step 36600 lr 3.000e-04 [train] loss 0.0582 acc 0.9798 (1.780 secs)
transformer:Transformer_Maj_GenBase step 36700 lr 3.000e-04 [train] loss 0.0475 acc 0.9842 (1.874 secs)
transformer:Transformer_Maj_GenBase step 36800 lr 3.000e-04 [train] loss 0.0558 acc 0.9815 (1.832 secs)
transformer:Transformer_Maj_GenBase step 36900 lr 3.000e-04 [train] loss 0.0468 acc 0.9838 (1.863 secs)
transformer:Transformer_Maj_GenBase step 37000 lr 3.000e-04 [train] loss 0.0435 acc 0.9845 (1.707 secs)
Evaluating on val
transformer: Transformer_Maj_GenBase[val] loss 1.2018 acc 0.7366 (13.772 secs)

transformer:Transformer_Maj_GenBase step 37100 lr 3.000e-04 [train] loss 0.0395 acc 0.9875 (15.695 secs)
transformer:Transformer_Maj_GenBase step 37200 lr 3.000e-04 [train] loss 0.0413 acc 0.9862 (1.842 secs)
transformer:Transformer_Maj_GenBase step 37300 lr 3.000e-04 [train] loss 0.0562 acc 0.9805 (1.891 secs)
transformer:Transformer_Maj_GenBase step 37400 lr 3.000e-04 [train] loss 0.0658 acc 0.9787 (1.873 secs)
transformer:Transformer_Maj_GenBase step 37500 lr 3.000e-04 [train] loss 0.0608 acc 0.9803 (1.710 secs)
transformer:Transformer_Maj_GenBase step 37600 lr 3.000e-04 [train] loss 0.0619 acc 0.9792 (1.785 secs)
transformer:Transformer_Maj_GenBase step 37700 lr 3.000e-04 [train] loss 0.0549 acc 0.9817 (1.761 secs)
transformer:Transformer_Maj_GenBase step 37800 lr 3.000e-04 [train] loss 0.0528 acc 0.9818 (1.778 secs)
transformer:Transformer_Maj_GenBase step 37900 lr 3.000e-04 [train] loss 0.0419 acc 0.9867 (1.774 secs)
transformer:Transformer_Maj_GenBase step 38000 lr 3.000e-04 [train] loss 0.0468 acc 0.9852 (1.860 secs)
Evaluating on val
transformer: Transformer_Maj_GenBase[val] loss 1.0346 acc 0.7539 (13.775 secs)

Early Stopping!
transformer:Transformer_Maj_GenBase step 38100 lr 3.000e-04 [train] loss 0.0445 acc 0.9852 (15.783 secs)
transformer:Transformer_Maj_GenBase step 38200 lr 3.000e-04 [train] loss 0.0421 acc 0.9859 (1.795 secs)
transformer:Transformer_Maj_GenBase step 38300 lr 3.000e-04 [train] loss 0.0506 acc 0.9819 (1.819 secs)
transformer:Transformer_Maj_GenBase step 38400 lr 3.000e-04 [train] loss 0.0573 acc 0.9814 (1.726 secs)
transformer:Transformer_Maj_GenBase step 38500 lr 3.000e-04 [train] loss 0.0667 acc 0.9777 (1.882 secs)
transformer:Transformer_Maj_GenBase step 38600 lr 3.000e-04 [train] loss 0.0687 acc 0.9772 (1.899 secs)
transformer:Transformer_Maj_GenBase step 38700 lr 3.000e-04 [train] loss 0.0587 acc 0.9805 (1.882 secs)
transformer:Transformer_Maj_GenBase step 38800 lr 3.000e-04 [train] loss 0.0573 acc 0.9813 (1.836 secs)
transformer:Transformer_Maj_GenBase step 38900 lr 3.000e-04 [train] loss 0.0390 acc 0.9862 (1.711 secs)
transformer:Transformer_Maj_GenBase step 39000 lr 3.000e-04 [train] loss 0.0426 acc 0.9861 (1.855 secs)
Evaluating on val
transformer: Transformer_Maj_GenBase[val] loss 1.3482 acc 0.7214 (13.801 secs)

transformer:Transformer_Maj_GenBase step 39100 lr 3.000e-04 [train] loss 0.0346 acc 0.9891 (15.902 secs)
transformer:Transformer_Maj_GenBase step 39200 lr 3.000e-04 [train] loss 0.0326 acc 0.9895 (1.769 secs)
transformer:Transformer_Maj_GenBase step 39300 lr 3.000e-04 [train] loss 0.0631 acc 0.9782 (1.919 secs)
transformer:Transformer_Maj_GenBase step 39400 lr 3.000e-04 [train] loss 0.0678 acc 0.9756 (1.831 secs)
transformer:Transformer_Maj_GenBase step 39500 lr 3.000e-04 [train] loss 0.0873 acc 0.9705 (1.876 secs)
transformer:Transformer_Maj_GenBase step 39600 lr 3.000e-04 [train] loss 0.0457 acc 0.9846 (1.728 secs)
transformer:Transformer_Maj_GenBase step 39700 lr 3.000e-04 [train] loss 0.0524 acc 0.9816 (1.958 secs)
transformer:Transformer_Maj_GenBase step 39800 lr 3.000e-04 [train] loss 0.0616 acc 0.9791 (1.955 secs)
transformer:Transformer_Maj_GenBase step 39900 lr 3.000e-04 [train] loss 0.0476 acc 0.9844 (1.873 secs)
transformer:Transformer_Maj_GenBase step 40000 lr 3.000e-04 [train] loss 0.0302 acc 0.9902 (1.749 secs)
Evaluating on val
transformer: Transformer_Maj_GenBase[val] loss 1.3635 acc 0.7245 (13.774 secs)

transformer:Transformer_Maj_GenBase step 40100 lr 3.000e-04 [train] loss 0.0318 acc 0.9895 (15.578 secs)
transformer:Transformer_Maj_GenBase step 40200 lr 3.000e-04 [train] loss 0.0266 acc 0.9911 (1.818 secs)
transformer:Transformer_Maj_GenBase step 40300 lr 3.000e-04 [train] loss 0.0334 acc 0.9895 (1.848 secs)
transformer:Transformer_Maj_GenBase step 40400 lr 3.000e-04 [train] loss 0.0429 acc 0.9865 (1.766 secs)
transformer:Transformer_Maj_GenBase step 40500 lr 3.000e-04 [train] loss 0.0461 acc 0.9842 (1.718 secs)
transformer:Transformer_Maj_GenBase step 40600 lr 3.000e-04 [train] loss 0.0422 acc 0.9859 (1.638 secs)
transformer:Transformer_Maj_GenBase step 40700 lr 3.000e-04 [train] loss 0.0575 acc 0.9812 (1.674 secs)
transformer:Transformer_Maj_GenBase step 40800 lr 3.000e-04 [train] loss 0.0617 acc 0.9795 (1.813 secs)
transformer:Transformer_Maj_GenBase step 40900 lr 3.000e-04 [train] loss 0.0585 acc 0.9807 (1.746 secs)
transformer:Transformer_Maj_GenBase step 41000 lr 3.000e-04 [train] loss 0.0622 acc 0.9793 (1.980 secs)
Evaluating on val
transformer: Transformer_Maj_GenBase[val] loss 1.4439 acc 0.7045 (13.779 secs)

transformer:Transformer_Maj_GenBase step 41100 lr 3.000e-04 [train] loss 0.0634 acc 0.9787 (15.687 secs)
transformer:Transformer_Maj_GenBase step 41200 lr 3.000e-04 [train] loss 0.0564 acc 0.9805 (1.725 secs)
transformer:Transformer_Maj_GenBase step 41300 lr 3.000e-04 [train] loss 0.0483 acc 0.9845 (1.693 secs)
transformer:Transformer_Maj_GenBase step 41400 lr 3.000e-04 [train] loss 0.0562 acc 0.9795 (1.844 secs)
transformer:Transformer_Maj_GenBase step 41500 lr 3.000e-04 [train] loss 0.0516 acc 0.9819 (1.827 secs)
transformer:Transformer_Maj_GenBase step 41600 lr 3.000e-04 [train] loss 0.0460 acc 0.9836 (2.017 secs)
transformer:Transformer_Maj_GenBase step 41700 lr 3.000e-04 [train] loss 0.0367 acc 0.9890 (1.729 secs)
transformer:Transformer_Maj_GenBase step 41800 lr 3.000e-04 [train] loss 0.0442 acc 0.9855 (1.822 secs)
transformer:Transformer_Maj_GenBase step 41900 lr 3.000e-04 [train] loss 0.0510 acc 0.9830 (1.785 secs)
transformer:Transformer_Maj_GenBase step 42000 lr 3.000e-04 [train] loss 0.0465 acc 0.9840 (1.759 secs)
Evaluating on val
transformer: Transformer_Maj_GenBase[val] loss 1.1227 acc 0.7429 (13.786 secs)

transformer:Transformer_Maj_GenBase step 42100 lr 3.000e-04 [train] loss 0.0328 acc 0.9881 (15.680 secs)
transformer:Transformer_Maj_GenBase step 42200 lr 3.000e-04 [train] loss 0.0342 acc 0.9888 (1.891 secs)
transformer:Transformer_Maj_GenBase step 42300 lr 3.000e-04 [train] loss 0.0517 acc 0.9834 (1.796 secs)
transformer:Transformer_Maj_GenBase step 42400 lr 3.000e-04 [train] loss 0.0629 acc 0.9795 (1.858 secs)
transformer:Transformer_Maj_GenBase step 42500 lr 3.000e-04 [train] loss 0.0472 acc 0.9848 (1.781 secs)
transformer:Transformer_Maj_GenBase step 42600 lr 3.000e-04 [train] loss 0.0513 acc 0.9820 (1.816 secs)
transformer:Transformer_Maj_GenBase step 42700 lr 3.000e-04 [train] loss 0.0481 acc 0.9847 (1.743 secs)
transformer:Transformer_Maj_GenBase step 42800 lr 3.000e-04 [train] loss 0.0598 acc 0.9787 (1.850 secs)
transformer:Transformer_Maj_GenBase step 42900 lr 3.000e-04 [train] loss 0.0497 acc 0.9834 (1.786 secs)
transformer:Transformer_Maj_GenBase step 43000 lr 3.000e-04 [train] loss 0.0603 acc 0.9798 (1.905 secs)
Evaluating on val
transformer: Transformer_Maj_GenBase[val] loss 1.0720 acc 0.7531 (13.791 secs)

transformer:Transformer_Maj_GenBase step 43100 lr 3.000e-04 [train] loss 0.0528 acc 0.9820 (15.686 secs)
transformer:Transformer_Maj_GenBase step 43200 lr 3.000e-04 [train] loss 0.0638 acc 0.9801 (1.873 secs)
transformer:Transformer_Maj_GenBase step 43300 lr 3.000e-04 [train] loss 0.0491 acc 0.9836 (1.813 secs)
transformer:Transformer_Maj_GenBase step 43400 lr 3.000e-04 [train] loss 0.0406 acc 0.9850 (1.893 secs)
transformer:Transformer_Maj_GenBase step 43500 lr 3.000e-04 [train] loss 0.0500 acc 0.9834 (1.844 secs)
transformer:Transformer_Maj_GenBase step 43600 lr 3.000e-04 [train] loss 0.0353 acc 0.9881 (1.664 secs)
transformer:Transformer_Maj_GenBase step 43700 lr 3.000e-04 [train] loss 0.0434 acc 0.9855 (1.836 secs)
transformer:Transformer_Maj_GenBase step 43800 lr 3.000e-04 [train] loss 0.0380 acc 0.9875 (1.795 secs)
transformer:Transformer_Maj_GenBase step 43900 lr 3.000e-04 [train] loss 0.0637 acc 0.9776 (1.769 secs)
transformer:Transformer_Maj_GenBase step 44000 lr 3.000e-04 [train] loss 0.0715 acc 0.9766 (1.863 secs)
Evaluating on val
transformer: Transformer_Maj_GenBase[val] loss 1.3935 acc 0.7085 (13.771 secs)

transformer:Transformer_Maj_GenBase step 44100 lr 3.000e-04 [train] loss 0.0516 acc 0.9829 (15.663 secs)
transformer:Transformer_Maj_GenBase step 44200 lr 3.000e-04 [train] loss 0.0399 acc 0.9865 (1.691 secs)
transformer:Transformer_Maj_GenBase step 44300 lr 3.000e-04 [train] loss 0.0405 acc 0.9870 (1.825 secs)
transformer:Transformer_Maj_GenBase step 44400 lr 3.000e-04 [train] loss 0.0508 acc 0.9827 (1.807 secs)
transformer:Transformer_Maj_GenBase step 44500 lr 3.000e-04 [train] loss 0.0384 acc 0.9873 (1.720 secs)
transformer:Transformer_Maj_GenBase step 44600 lr 3.000e-04 [train] loss 0.0427 acc 0.9855 (1.742 secs)
transformer:Transformer_Maj_GenBase step 44700 lr 3.000e-04 [train] loss 0.0495 acc 0.9829 (1.888 secs)
transformer:Transformer_Maj_GenBase step 44800 lr 3.000e-04 [train] loss 0.0386 acc 0.9862 (1.740 secs)
transformer:Transformer_Maj_GenBase step 44900 lr 3.000e-04 [train] loss 0.0508 acc 0.9830 (1.786 secs)
transformer:Transformer_Maj_GenBase step 45000 lr 3.000e-04 [train] loss 0.0444 acc 0.9857 (1.760 secs)
Evaluating on val
transformer: Transformer_Maj_GenBase[val] loss 1.2587 acc 0.7297 (13.761 secs)

transformer:Transformer_Maj_GenBase step 45100 lr 3.000e-04 [train] loss 0.0505 acc 0.9823 (15.698 secs)
transformer:Transformer_Maj_GenBase step 45200 lr 3.000e-04 [train] loss 0.0570 acc 0.9795 (1.893 secs)
transformer:Transformer_Maj_GenBase step 45300 lr 3.000e-04 [train] loss 0.0539 acc 0.9813 (1.713 secs)
transformer:Transformer_Maj_GenBase step 45400 lr 3.000e-04 [train] loss 0.0520 acc 0.9821 (1.822 secs)
transformer:Transformer_Maj_GenBase step 45500 lr 3.000e-04 [train] loss 0.0488 acc 0.9834 (1.778 secs)
transformer:Transformer_Maj_GenBase step 45600 lr 3.000e-04 [train] loss 0.0696 acc 0.9760 (1.743 secs)
transformer:Transformer_Maj_GenBase step 45700 lr 3.000e-04 [train] loss 0.0749 acc 0.9752 (1.761 secs)
transformer:Transformer_Maj_GenBase step 45800 lr 3.000e-04 [train] loss 0.0573 acc 0.9806 (1.944 secs)
transformer:Transformer_Maj_GenBase step 45900 lr 3.000e-04 [train] loss 0.0408 acc 0.9859 (1.887 secs)
transformer:Transformer_Maj_GenBase step 46000 lr 3.000e-04 [train] loss 0.0288 acc 0.9920 (1.736 secs)
Evaluating on val
transformer: Transformer_Maj_GenBase[val] loss 0.9688 acc 0.7672 (13.753 secs)

Early Stopping!
transformer:Transformer_Maj_GenBase step 46100 lr 3.000e-04 [train] loss 0.0373 acc 0.9878 (15.676 secs)
transformer:Transformer_Maj_GenBase step 46200 lr 3.000e-04 [train] loss 0.0480 acc 0.9837 (1.927 secs)
transformer:Transformer_Maj_GenBase step 46300 lr 3.000e-04 [train] loss 0.0515 acc 0.9820 (1.831 secs)
transformer:Transformer_Maj_GenBase step 46400 lr 3.000e-04 [train] loss 0.0503 acc 0.9834 (1.883 secs)
transformer:Transformer_Maj_GenBase step 46500 lr 3.000e-04 [train] loss 0.0516 acc 0.9839 (1.826 secs)
transformer:Transformer_Maj_GenBase step 46600 lr 3.000e-04 [train] loss 0.0442 acc 0.9859 (1.682 secs)
transformer:Transformer_Maj_GenBase step 46700 lr 3.000e-04 [train] loss 0.0510 acc 0.9840 (1.759 secs)
transformer:Transformer_Maj_GenBase step 46800 lr 3.000e-04 [train] loss 0.0413 acc 0.9866 (1.885 secs)
transformer:Transformer_Maj_GenBase step 46900 lr 3.000e-04 [train] loss 0.0384 acc 0.9874 (1.681 secs)
transformer:Transformer_Maj_GenBase step 47000 lr 3.000e-04 [train] loss 0.0411 acc 0.9872 (1.806 secs)
Evaluating on val
transformer: Transformer_Maj_GenBase[val] loss 1.1125 acc 0.7519 (13.777 secs)

transformer:Transformer_Maj_GenBase step 47100 lr 3.000e-04 [train] loss 0.0512 acc 0.9828 (15.715 secs)
transformer:Transformer_Maj_GenBase step 47200 lr 3.000e-04 [train] loss 0.0574 acc 0.9808 (1.772 secs)
transformer:Transformer_Maj_GenBase step 47300 lr 3.000e-04 [train] loss 0.0639 acc 0.9782 (1.897 secs)
transformer:Transformer_Maj_GenBase step 47400 lr 3.000e-04 [train] loss 0.0430 acc 0.9862 (1.782 secs)
transformer:Transformer_Maj_GenBase step 47500 lr 3.000e-04 [train] loss 0.0390 acc 0.9859 (1.796 secs)
transformer:Transformer_Maj_GenBase step 47600 lr 3.000e-04 [train] loss 0.0394 acc 0.9870 (1.801 secs)
transformer:Transformer_Maj_GenBase step 47700 lr 3.000e-04 [train] loss 0.0427 acc 0.9868 (1.932 secs)
transformer:Transformer_Maj_GenBase step 47800 lr 3.000e-04 [train] loss 0.0393 acc 0.9874 (1.795 secs)
transformer:Transformer_Maj_GenBase step 47900 lr 3.000e-04 [train] loss 0.0294 acc 0.9896 (1.638 secs)
transformer:Transformer_Maj_GenBase step 48000 lr 3.000e-04 [train] loss 0.0579 acc 0.9802 (1.853 secs)
Evaluating on val
transformer: Transformer_Maj_GenBase[val] loss 1.2710 acc 0.7271 (13.778 secs)

transformer:Transformer_Maj_GenBase step 48100 lr 3.000e-04 [train] loss 0.0682 acc 0.9787 (15.708 secs)
transformer:Transformer_Maj_GenBase step 48200 lr 3.000e-04 [train] loss 0.0555 acc 0.9808 (1.802 secs)
transformer:Transformer_Maj_GenBase step 48300 lr 3.000e-04 [train] loss 0.0581 acc 0.9812 (1.915 secs)
transformer:Transformer_Maj_GenBase step 48400 lr 3.000e-04 [train] loss 0.0496 acc 0.9837 (1.774 secs)
transformer:Transformer_Maj_GenBase step 48500 lr 3.000e-04 [train] loss 0.0497 acc 0.9835 (1.852 secs)
transformer:Transformer_Maj_GenBase step 48600 lr 3.000e-04 [train] loss 0.0362 acc 0.9885 (1.749 secs)
transformer:Transformer_Maj_GenBase step 48700 lr 3.000e-04 [train] loss 0.0352 acc 0.9888 (1.834 secs)
transformer:Transformer_Maj_GenBase step 48800 lr 3.000e-04 [train] loss 0.0336 acc 0.9893 (1.811 secs)
transformer:Transformer_Maj_GenBase step 48900 lr 3.000e-04 [train] loss 0.0333 acc 0.9894 (1.927 secs)
transformer:Transformer_Maj_GenBase step 49000 lr 3.000e-04 [train] loss 0.0350 acc 0.9887 (1.800 secs)
Evaluating on val
transformer: Transformer_Maj_GenBase[val] loss 1.3905 acc 0.7187 (13.774 secs)

transformer:Transformer_Maj_GenBase step 49100 lr 3.000e-04 [train] loss 0.0535 acc 0.9824 (15.761 secs)
transformer:Transformer_Maj_GenBase step 49200 lr 3.000e-04 [train] loss 0.0634 acc 0.9793 (1.851 secs)
transformer:Transformer_Maj_GenBase step 49300 lr 3.000e-04 [train] loss 0.0845 acc 0.9705 (1.953 secs)
transformer:Transformer_Maj_GenBase step 49400 lr 3.000e-04 [train] loss 0.0675 acc 0.9780 (1.767 secs)
transformer:Transformer_Maj_GenBase step 49500 lr 3.000e-04 [train] loss 0.0470 acc 0.9842 (1.897 secs)
transformer:Transformer_Maj_GenBase step 49600 lr 3.000e-04 [train] loss 0.0403 acc 0.9861 (1.755 secs)
transformer:Transformer_Maj_GenBase step 49700 lr 3.000e-04 [train] loss 0.0322 acc 0.9900 (1.686 secs)
transformer:Transformer_Maj_GenBase step 49800 lr 3.000e-04 [train] loss 0.0400 acc 0.9870 (1.898 secs)
transformer:Transformer_Maj_GenBase step 49900 lr 3.000e-04 [train] loss 0.0328 acc 0.9884 (1.814 secs)
transformer:Transformer_Maj_GenBase step 50000 lr 3.000e-04 [train] loss 0.0423 acc 0.9861 (1.790 secs)
Evaluating on val
transformer: Transformer_Maj_GenBase[val] loss 1.1209 acc 0.7433 (13.781 secs)

transformer:Transformer_Maj_GenBase step 50100 lr 3.000e-04 [train] loss 0.0576 acc 0.9801 (15.867 secs)
transformer:Transformer_Maj_GenBase step 50200 lr 3.000e-04 [train] loss 0.0576 acc 0.9815 (1.873 secs)
transformer:Transformer_Maj_GenBase step 50300 lr 3.000e-04 [train] loss 0.0448 acc 0.9872 (1.696 secs)
transformer:Transformer_Maj_GenBase step 50400 lr 3.000e-04 [train] loss 0.0353 acc 0.9883 (1.667 secs)
transformer:Transformer_Maj_GenBase step 50500 lr 3.000e-04 [train] loss 0.0503 acc 0.9845 (1.777 secs)
transformer:Transformer_Maj_GenBase step 50600 lr 3.000e-04 [train] loss 0.0601 acc 0.9802 (1.911 secs)
transformer:Transformer_Maj_GenBase step 50700 lr 3.000e-04 [train] loss 0.0517 acc 0.9833 (1.847 secs)
transformer:Transformer_Maj_GenBase step 50800 lr 3.000e-04 [train] loss 0.0458 acc 0.9857 (1.807 secs)
transformer:Transformer_Maj_GenBase step 50900 lr 3.000e-04 [train] loss 0.0380 acc 0.9867 (1.792 secs)
transformer:Transformer_Maj_GenBase step 51000 lr 3.000e-04 [train] loss 0.0384 acc 0.9879 (1.745 secs)
Evaluating on val
transformer: Transformer_Maj_GenBase[val] loss 0.9665 acc 0.7699 (13.771 secs)

Early Stopping!
transformer:Transformer_Maj_GenBase step 51100 lr 3.000e-04 [train] loss 0.0351 acc 0.9883 (15.718 secs)
transformer:Transformer_Maj_GenBase step 51200 lr 3.000e-04 [train] loss 0.0418 acc 0.9867 (1.920 secs)
transformer:Transformer_Maj_GenBase step 51300 lr 3.000e-04 [train] loss 0.0446 acc 0.9847 (1.911 secs)
transformer:Transformer_Maj_GenBase step 51400 lr 3.000e-04 [train] loss 0.0489 acc 0.9840 (1.876 secs)
transformer:Transformer_Maj_GenBase step 51500 lr 3.000e-04 [train] loss 0.0600 acc 0.9796 (1.787 secs)
transformer:Transformer_Maj_GenBase step 51600 lr 3.000e-04 [train] loss 0.0608 acc 0.9799 (1.851 secs)
transformer:Transformer_Maj_GenBase step 51700 lr 3.000e-04 [train] loss 0.0560 acc 0.9803 (1.778 secs)
transformer:Transformer_Maj_GenBase step 51800 lr 3.000e-04 [train] loss 0.0489 acc 0.9829 (1.784 secs)
transformer:Transformer_Maj_GenBase step 51900 lr 3.000e-04 [train] loss 0.0466 acc 0.9848 (1.724 secs)
transformer:Transformer_Maj_GenBase step 52000 lr 3.000e-04 [train] loss 0.0517 acc 0.9830 (2.011 secs)
Evaluating on val
transformer: Transformer_Maj_GenBase[val] loss 1.1822 acc 0.7416 (13.786 secs)

transformer:Transformer_Maj_GenBase step 52100 lr 3.000e-04 [train] loss 0.0483 acc 0.9836 (15.837 secs)
transformer:Transformer_Maj_GenBase step 52200 lr 3.000e-04 [train] loss 0.0459 acc 0.9848 (1.811 secs)
transformer:Transformer_Maj_GenBase step 52300 lr 3.000e-04 [train] loss 0.0472 acc 0.9840 (1.799 secs)
transformer:Transformer_Maj_GenBase step 52400 lr 3.000e-04 [train] loss 0.0449 acc 0.9854 (1.792 secs)
transformer:Transformer_Maj_GenBase step 52500 lr 3.000e-04 [train] loss 0.0456 acc 0.9851 (1.890 secs)
transformer:Transformer_Maj_GenBase step 52600 lr 3.000e-04 [train] loss 0.0371 acc 0.9884 (1.959 secs)
transformer:Transformer_Maj_GenBase step 52700 lr 3.000e-04 [train] loss 0.0455 acc 0.9859 (1.736 secs)
transformer:Transformer_Maj_GenBase step 52800 lr 3.000e-04 [train] loss 0.0428 acc 0.9860 (1.801 secs)
transformer:Transformer_Maj_GenBase step 52900 lr 3.000e-04 [train] loss 0.0352 acc 0.9885 (1.768 secs)
transformer:Transformer_Maj_GenBase step 53000 lr 3.000e-04 [train] loss 0.0518 acc 0.9830 (1.887 secs)
Evaluating on val
transformer: Transformer_Maj_GenBase[val] loss 1.2820 acc 0.7352 (13.778 secs)

transformer:Transformer_Maj_GenBase step 53100 lr 3.000e-04 [train] loss 0.0412 acc 0.9862 (15.787 secs)
transformer:Transformer_Maj_GenBase step 53200 lr 3.000e-04 [train] loss 0.0554 acc 0.9817 (1.835 secs)
transformer:Transformer_Maj_GenBase step 53300 lr 3.000e-04 [train] loss 0.0576 acc 0.9796 (1.793 secs)
transformer:Transformer_Maj_GenBase step 53400 lr 3.000e-04 [train] loss 0.0542 acc 0.9820 (1.789 secs)
transformer:Transformer_Maj_GenBase step 53500 lr 3.000e-04 [train] loss 0.0444 acc 0.9848 (1.681 secs)
transformer:Transformer_Maj_GenBase step 53600 lr 3.000e-04 [train] loss 0.0437 acc 0.9862 (1.760 secs)
transformer:Transformer_Maj_GenBase step 53700 lr 3.000e-04 [train] loss 0.0536 acc 0.9819 (1.902 secs)
transformer:Transformer_Maj_GenBase step 53800 lr 3.000e-04 [train] loss 0.0549 acc 0.9814 (1.997 secs)
transformer:Transformer_Maj_GenBase step 53900 lr 3.000e-04 [train] loss 0.0425 acc 0.9849 (1.842 secs)
transformer:Transformer_Maj_GenBase step 54000 lr 3.000e-04 [train] loss 0.0509 acc 0.9830 (1.864 secs)
Evaluating on val
transformer: Transformer_Maj_GenBase[val] loss 1.0731 acc 0.7527 (13.782 secs)

transformer:Transformer_Maj_GenBase step 54100 lr 3.000e-04 [train] loss 0.0443 acc 0.9852 (15.678 secs)
transformer:Transformer_Maj_GenBase step 54200 lr 3.000e-04 [train] loss 0.0387 acc 0.9883 (1.749 secs)
transformer:Transformer_Maj_GenBase step 54300 lr 3.000e-04 [train] loss 0.0412 acc 0.9861 (1.942 secs)
transformer:Transformer_Maj_GenBase step 54400 lr 3.000e-04 [train] loss 0.0385 acc 0.9864 (1.858 secs)
transformer:Transformer_Maj_GenBase step 54500 lr 3.000e-04 [train] loss 0.0393 acc 0.9875 (1.906 secs)
transformer:Transformer_Maj_GenBase step 54600 lr 3.000e-04 [train] loss 0.0343 acc 0.9890 (1.648 secs)
transformer:Transformer_Maj_GenBase step 54700 lr 3.000e-04 [train] loss 0.0505 acc 0.9831 (1.761 secs)
transformer:Transformer_Maj_GenBase step 54800 lr 3.000e-04 [train] loss 0.0557 acc 0.9809 (1.823 secs)
transformer:Transformer_Maj_GenBase step 54900 lr 3.000e-04 [train] loss 0.0513 acc 0.9834 (1.736 secs)
transformer:Transformer_Maj_GenBase step 55000 lr 3.000e-04 [train] loss 0.0400 acc 0.9862 (1.905 secs)
Evaluating on val
transformer: Transformer_Maj_GenBase[val] loss 1.0267 acc 0.7613 (13.782 secs)

transformer:Transformer_Maj_GenBase step 55100 lr 3.000e-04 [train] loss 0.0474 acc 0.9838 (15.720 secs)
transformer:Transformer_Maj_GenBase step 55200 lr 3.000e-04 [train] loss 0.0435 acc 0.9849 (1.698 secs)
transformer:Transformer_Maj_GenBase step 55300 lr 3.000e-04 [train] loss 0.0365 acc 0.9885 (1.684 secs)
transformer:Transformer_Maj_GenBase step 55400 lr 3.000e-04 [train] loss 0.0419 acc 0.9855 (1.764 secs)
transformer:Transformer_Maj_GenBase step 55500 lr 3.000e-04 [train] loss 0.0412 acc 0.9862 (1.774 secs)
transformer:Transformer_Maj_GenBase step 55600 lr 3.000e-04 [train] loss 0.0463 acc 0.9843 (1.773 secs)
transformer:Transformer_Maj_GenBase step 55700 lr 3.000e-04 [train] loss 0.0589 acc 0.9801 (1.859 secs)
transformer:Transformer_Maj_GenBase step 55800 lr 3.000e-04 [train] loss 0.0589 acc 0.9791 (1.857 secs)
transformer:Transformer_Maj_GenBase step 55900 lr 3.000e-04 [train] loss 0.0503 acc 0.9828 (1.837 secs)
transformer:Transformer_Maj_GenBase step 56000 lr 3.000e-04 [train] loss 0.0433 acc 0.9857 (1.771 secs)
Evaluating on val
transformer: Transformer_Maj_GenBase[val] loss 1.0143 acc 0.7643 (13.745 secs)

transformer:Transformer_Maj_GenBase step 56100 lr 3.000e-04 [train] loss 0.0507 acc 0.9829 (15.710 secs)
transformer:Transformer_Maj_GenBase step 56200 lr 3.000e-04 [train] loss 0.0459 acc 0.9853 (1.854 secs)
transformer:Transformer_Maj_GenBase step 56300 lr 3.000e-04 [train] loss 0.0562 acc 0.9816 (1.816 secs)
transformer:Transformer_Maj_GenBase step 56400 lr 3.000e-04 [train] loss 0.0327 acc 0.9897 (1.648 secs)
transformer:Transformer_Maj_GenBase step 56500 lr 3.000e-04 [train] loss 0.0405 acc 0.9867 (1.779 secs)
transformer:Transformer_Maj_GenBase step 56600 lr 3.000e-04 [train] loss 0.0425 acc 0.9860 (1.753 secs)
transformer:Transformer_Maj_GenBase step 56700 lr 3.000e-04 [train] loss 0.0471 acc 0.9840 (1.679 secs)
transformer:Transformer_Maj_GenBase step 56800 lr 3.000e-04 [train] loss 0.0516 acc 0.9825 (1.959 secs)
transformer:Transformer_Maj_GenBase step 56900 lr 3.000e-04 [train] loss 0.0494 acc 0.9832 (1.882 secs)
transformer:Transformer_Maj_GenBase step 57000 lr 3.000e-04 [train] loss 0.0561 acc 0.9810 (1.810 secs)
Evaluating on val
transformer: Transformer_Maj_GenBase[val] loss 1.1348 acc 0.7495 (13.766 secs)

transformer:Transformer_Maj_GenBase step 57100 lr 3.000e-04 [train] loss 0.0494 acc 0.9838 (15.745 secs)
transformer:Transformer_Maj_GenBase step 57200 lr 3.000e-04 [train] loss 0.0474 acc 0.9830 (1.825 secs)
transformer:Transformer_Maj_GenBase step 57300 lr 3.000e-04 [train] loss 0.0373 acc 0.9887 (1.824 secs)
transformer:Transformer_Maj_GenBase step 57400 lr 3.000e-04 [train] loss 0.0408 acc 0.9860 (1.920 secs)
transformer:Transformer_Maj_GenBase step 57500 lr 3.000e-04 [train] loss 0.0458 acc 0.9850 (1.809 secs)
transformer:Transformer_Maj_GenBase step 57600 lr 3.000e-04 [train] loss 0.0489 acc 0.9841 (1.776 secs)
transformer:Transformer_Maj_GenBase step 57700 lr 3.000e-04 [train] loss 0.0493 acc 0.9833 (1.772 secs)
transformer:Transformer_Maj_GenBase step 57800 lr 3.000e-04 [train] loss 0.0515 acc 0.9828 (1.730 secs)
transformer:Transformer_Maj_GenBase step 57900 lr 3.000e-04 [train] loss 0.0458 acc 0.9848 (1.832 secs)
transformer:Transformer_Maj_GenBase step 58000 lr 3.000e-04 [train] loss 0.0512 acc 0.9838 (1.855 secs)
Evaluating on val
transformer: Transformer_Maj_GenBase[val] loss 1.2134 acc 0.7392 (13.750 secs)

transformer:Transformer_Maj_GenBase step 58100 lr 3.000e-04 [train] loss 0.0546 acc 0.9822 (15.784 secs)
transformer:Transformer_Maj_GenBase step 58200 lr 3.000e-04 [train] loss 0.0496 acc 0.9834 (1.826 secs)
transformer:Transformer_Maj_GenBase step 58300 lr 3.000e-04 [train] loss 0.0379 acc 0.9875 (1.767 secs)
transformer:Transformer_Maj_GenBase step 58400 lr 3.000e-04 [train] loss 0.0295 acc 0.9895 (1.746 secs)
transformer:Transformer_Maj_GenBase step 58500 lr 3.000e-04 [train] loss 0.0406 acc 0.9863 (1.736 secs)
transformer:Transformer_Maj_GenBase step 58600 lr 3.000e-04 [train] loss 0.0581 acc 0.9805 (1.810 secs)
transformer:Transformer_Maj_GenBase step 58700 lr 3.000e-04 [train] loss 0.0566 acc 0.9818 (1.821 secs)
transformer:Transformer_Maj_GenBase step 58800 lr 3.000e-04 [train] loss 0.0486 acc 0.9837 (1.823 secs)
transformer:Transformer_Maj_GenBase step 58900 lr 3.000e-04 [train] loss 0.0599 acc 0.9798 (2.052 secs)
transformer:Transformer_Maj_GenBase step 59000 lr 3.000e-04 [train] loss 0.0558 acc 0.9823 (1.932 secs)
Evaluating on val
transformer: Transformer_Maj_GenBase[val] loss 1.1332 acc 0.7499 (13.760 secs)

transformer:Transformer_Maj_GenBase step 59100 lr 3.000e-04 [train] loss 0.0487 acc 0.9845 (15.652 secs)
transformer:Transformer_Maj_GenBase step 59200 lr 3.000e-04 [train] loss 0.0492 acc 0.9847 (1.940 secs)
transformer:Transformer_Maj_GenBase step 59300 lr 3.000e-04 [train] loss 0.0348 acc 0.9885 (1.849 secs)
transformer:Transformer_Maj_GenBase step 59400 lr 3.000e-04 [train] loss 0.0427 acc 0.9852 (1.903 secs)
transformer:Transformer_Maj_GenBase step 59500 lr 3.000e-04 [train] loss 0.0337 acc 0.9894 (1.816 secs)
transformer:Transformer_Maj_GenBase step 59600 lr 3.000e-04 [train] loss 0.0313 acc 0.9895 (1.748 secs)
transformer:Transformer_Maj_GenBase step 59700 lr 3.000e-04 [train] loss 0.0414 acc 0.9877 (1.777 secs)
transformer:Transformer_Maj_GenBase step 59800 lr 3.000e-04 [train] loss 0.0489 acc 0.9822 (1.853 secs)
transformer:Transformer_Maj_GenBase step 59900 lr 3.000e-04 [train] loss 0.0559 acc 0.9828 (1.876 secs)
transformer:Transformer_Maj_GenBase step 60000 lr 3.000e-04 [train] loss 0.0474 acc 0.9841 (1.849 secs)
Evaluating on val
transformer: Transformer_Maj_GenBase[val] loss 1.1665 acc 0.7475 (13.751 secs)

transformer:Transformer_Maj_GenBase step 60100 lr 3.000e-04 [train] loss 0.0446 acc 0.9854 (15.611 secs)
transformer:Transformer_Maj_GenBase step 60200 lr 3.000e-04 [train] loss 0.0560 acc 0.9813 (1.762 secs)
transformer:Transformer_Maj_GenBase step 60300 lr 3.000e-04 [train] loss 0.0505 acc 0.9828 (1.705 secs)
transformer:Transformer_Maj_GenBase step 60400 lr 3.000e-04 [train] loss 0.0430 acc 0.9858 (1.768 secs)
transformer:Transformer_Maj_GenBase step 60500 lr 3.000e-04 [train] loss 0.0585 acc 0.9801 (1.908 secs)
transformer:Transformer_Maj_GenBase step 60600 lr 3.000e-04 [train] loss 0.0523 acc 0.9834 (1.875 secs)
transformer:Transformer_Maj_GenBase step 60700 lr 3.000e-04 [train] loss 0.0378 acc 0.9865 (1.712 secs)
transformer:Transformer_Maj_GenBase step 60800 lr 3.000e-04 [train] loss 0.0395 acc 0.9863 (1.779 secs)
