Experiment: LSTM_Maj_GenBase
Total number of parameters: 1814528

lstm:LSTM_Maj_GenBase step 0 lr 3.000e-04 [train] loss 4.2155 acc 0.0156 (0.418 secs)
Evaluating on val
lstm: LSTM_Maj_GenBase[val] loss 4.2643 acc 0.0175 (16.584 secs)

Early Stopping!
lstm:LSTM_Maj_GenBase step 100 lr 3.000e-04 [train] loss 3.3751 acc 0.2229 (18.550 secs)
lstm:LSTM_Maj_GenBase step 200 lr 3.000e-04 [train] loss 1.9675 acc 0.5107 (1.744 secs)
lstm:LSTM_Maj_GenBase step 300 lr 3.000e-04 [train] loss 1.5010 acc 0.6087 (1.758 secs)
lstm:LSTM_Maj_GenBase step 400 lr 3.000e-04 [train] loss 1.3308 acc 0.6382 (1.865 secs)
lstm:LSTM_Maj_GenBase step 500 lr 3.000e-04 [train] loss 1.1266 acc 0.6849 (1.890 secs)
lstm:LSTM_Maj_GenBase step 600 lr 3.000e-04 [train] loss 1.0200 acc 0.7092 (1.894 secs)
lstm:LSTM_Maj_GenBase step 700 lr 3.000e-04 [train] loss 0.8532 acc 0.7570 (1.766 secs)
lstm:LSTM_Maj_GenBase step 800 lr 3.000e-04 [train] loss 0.8297 acc 0.7561 (1.808 secs)
lstm:LSTM_Maj_GenBase step 900 lr 3.000e-04 [train] loss 0.7558 acc 0.7726 (1.811 secs)
lstm:LSTM_Maj_GenBase step 1000 lr 3.000e-04 [train] loss 0.7104 acc 0.7957 (1.778 secs)
Evaluating on val
lstm: LSTM_Maj_GenBase[val] loss 2.6772 acc 0.3378 (16.496 secs)

Early Stopping!
lstm:LSTM_Maj_GenBase step 1100 lr 3.000e-04 [train] loss 0.6473 acc 0.8075 (18.480 secs)
lstm:LSTM_Maj_GenBase step 1200 lr 3.000e-04 [train] loss 0.6539 acc 0.8052 (1.880 secs)
lstm:LSTM_Maj_GenBase step 1300 lr 3.000e-04 [train] loss 0.5315 acc 0.8415 (1.669 secs)
lstm:LSTM_Maj_GenBase step 1400 lr 3.000e-04 [train] loss 0.5892 acc 0.8180 (1.888 secs)
lstm:LSTM_Maj_GenBase step 1500 lr 3.000e-04 [train] loss 0.5502 acc 0.8277 (1.805 secs)
lstm:LSTM_Maj_GenBase step 1600 lr 3.000e-04 [train] loss 0.4879 acc 0.8526 (1.760 secs)
lstm:LSTM_Maj_GenBase step 1700 lr 3.000e-04 [train] loss 0.5075 acc 0.8433 (1.939 secs)
lstm:LSTM_Maj_GenBase step 1800 lr 3.000e-04 [train] loss 0.4697 acc 0.8558 (1.761 secs)
lstm:LSTM_Maj_GenBase step 1900 lr 3.000e-04 [train] loss 0.4425 acc 0.8658 (1.733 secs)
lstm:LSTM_Maj_GenBase step 2000 lr 3.000e-04 [train] loss 0.4232 acc 0.8672 (1.717 secs)
Evaluating on val
lstm: LSTM_Maj_GenBase[val] loss 2.3352 acc 0.4204 (16.444 secs)

Early Stopping!
lstm:LSTM_Maj_GenBase step 2100 lr 3.000e-04 [train] loss 0.4418 acc 0.8610 (18.489 secs)
lstm:LSTM_Maj_GenBase step 2200 lr 3.000e-04 [train] loss 0.4467 acc 0.8536 (1.899 secs)
lstm:LSTM_Maj_GenBase step 2300 lr 3.000e-04 [train] loss 0.3916 acc 0.8780 (1.700 secs)
lstm:LSTM_Maj_GenBase step 2400 lr 3.000e-04 [train] loss 0.3835 acc 0.8767 (1.687 secs)
lstm:LSTM_Maj_GenBase step 2500 lr 3.000e-04 [train] loss 0.3759 acc 0.8811 (1.738 secs)
lstm:LSTM_Maj_GenBase step 2600 lr 3.000e-04 [train] loss 0.3879 acc 0.8754 (1.807 secs)
lstm:LSTM_Maj_GenBase step 2700 lr 3.000e-04 [train] loss 0.4027 acc 0.8677 (1.951 secs)
lstm:LSTM_Maj_GenBase step 2800 lr 3.000e-04 [train] loss 0.3493 acc 0.8891 (1.742 secs)
lstm:LSTM_Maj_GenBase step 2900 lr 3.000e-04 [train] loss 0.3918 acc 0.8693 (1.963 secs)
lstm:LSTM_Maj_GenBase step 3000 lr 3.000e-04 [train] loss 0.3325 acc 0.8915 (1.738 secs)
Evaluating on val
lstm: LSTM_Maj_GenBase[val] loss 2.2092 acc 0.4591 (16.529 secs)

Early Stopping!
lstm:LSTM_Maj_GenBase step 3100 lr 3.000e-04 [train] loss 0.3228 acc 0.8995 (18.471 secs)
lstm:LSTM_Maj_GenBase step 3200 lr 3.000e-04 [train] loss 0.3575 acc 0.8798 (1.928 secs)
lstm:LSTM_Maj_GenBase step 3300 lr 3.000e-04 [train] loss 0.3529 acc 0.8808 (1.904 secs)
lstm:LSTM_Maj_GenBase step 3400 lr 3.000e-04 [train] loss 0.3121 acc 0.9004 (1.763 secs)
lstm:LSTM_Maj_GenBase step 3500 lr 3.000e-04 [train] loss 0.3197 acc 0.8979 (1.756 secs)
lstm:LSTM_Maj_GenBase step 3600 lr 3.000e-04 [train] loss 0.3160 acc 0.8959 (1.821 secs)
lstm:LSTM_Maj_GenBase step 3700 lr 3.000e-04 [train] loss 0.3115 acc 0.8970 (1.790 secs)
lstm:LSTM_Maj_GenBase step 3800 lr 3.000e-04 [train] loss 0.3059 acc 0.8962 (1.876 secs)
lstm:LSTM_Maj_GenBase step 3900 lr 3.000e-04 [train] loss 0.3183 acc 0.8919 (1.823 secs)
lstm:LSTM_Maj_GenBase step 4000 lr 3.000e-04 [train] loss 0.2844 acc 0.9088 (1.697 secs)
Evaluating on val
lstm: LSTM_Maj_GenBase[val] loss 1.9067 acc 0.5093 (16.527 secs)

Early Stopping!
lstm:LSTM_Maj_GenBase step 4100 lr 3.000e-04 [train] loss 0.2845 acc 0.9061 (18.418 secs)
lstm:LSTM_Maj_GenBase step 4200 lr 3.000e-04 [train] loss 0.2889 acc 0.9030 (1.890 secs)
lstm:LSTM_Maj_GenBase step 4300 lr 3.000e-04 [train] loss 0.2629 acc 0.9171 (1.759 secs)
lstm:LSTM_Maj_GenBase step 4400 lr 3.000e-04 [train] loss 0.3193 acc 0.8897 (1.956 secs)
lstm:LSTM_Maj_GenBase step 4500 lr 3.000e-04 [train] loss 0.2770 acc 0.9060 (1.798 secs)
lstm:LSTM_Maj_GenBase step 4600 lr 3.000e-04 [train] loss 0.2582 acc 0.9147 (1.732 secs)
lstm:LSTM_Maj_GenBase step 4700 lr 3.000e-04 [train] loss 0.2595 acc 0.9123 (1.752 secs)
lstm:LSTM_Maj_GenBase step 4800 lr 3.000e-04 [train] loss 0.2451 acc 0.9187 (1.683 secs)
lstm:LSTM_Maj_GenBase step 4900 lr 3.000e-04 [train] loss 0.2537 acc 0.9169 (1.867 secs)
lstm:LSTM_Maj_GenBase step 5000 lr 3.000e-04 [train] loss 0.2464 acc 0.9197 (1.746 secs)
Evaluating on val
lstm: LSTM_Maj_GenBase[val] loss 1.7515 acc 0.5437 (16.486 secs)

Early Stopping!
lstm:LSTM_Maj_GenBase step 5100 lr 3.000e-04 [train] loss 0.2489 acc 0.9179 (18.424 secs)
lstm:LSTM_Maj_GenBase step 5200 lr 3.000e-04 [train] loss 0.2699 acc 0.9073 (1.857 secs)
lstm:LSTM_Maj_GenBase step 5300 lr 3.000e-04 [train] loss 0.2437 acc 0.9191 (1.904 secs)
lstm:LSTM_Maj_GenBase step 5400 lr 3.000e-04 [train] loss 0.2492 acc 0.9146 (1.802 secs)
lstm:LSTM_Maj_GenBase step 5500 lr 3.000e-04 [train] loss 0.2391 acc 0.9180 (1.791 secs)
lstm:LSTM_Maj_GenBase step 5600 lr 3.000e-04 [train] loss 0.2322 acc 0.9214 (1.680 secs)
lstm:LSTM_Maj_GenBase step 5700 lr 3.000e-04 [train] loss 0.2096 acc 0.9322 (1.670 secs)
lstm:LSTM_Maj_GenBase step 5800 lr 3.000e-04 [train] loss 0.2335 acc 0.9197 (1.751 secs)
lstm:LSTM_Maj_GenBase step 5900 lr 3.000e-04 [train] loss 0.2085 acc 0.9309 (1.651 secs)
lstm:LSTM_Maj_GenBase step 6000 lr 3.000e-04 [train] loss 0.1981 acc 0.9380 (1.759 secs)
Evaluating on val
lstm: LSTM_Maj_GenBase[val] loss 1.7701 acc 0.5481 (16.498 secs)

Early Stopping!
lstm:LSTM_Maj_GenBase step 6100 lr 3.000e-04 [train] loss 0.2039 acc 0.9347 (18.364 secs)
lstm:LSTM_Maj_GenBase step 6200 lr 3.000e-04 [train] loss 0.2215 acc 0.9223 (1.786 secs)
lstm:LSTM_Maj_GenBase step 6300 lr 3.000e-04 [train] loss 0.2386 acc 0.9196 (1.863 secs)
lstm:LSTM_Maj_GenBase step 6400 lr 3.000e-04 [train] loss 0.2481 acc 0.9146 (1.985 secs)
lstm:LSTM_Maj_GenBase step 6500 lr 3.000e-04 [train] loss 0.2079 acc 0.9309 (1.764 secs)
lstm:LSTM_Maj_GenBase step 6600 lr 3.000e-04 [train] loss 0.2127 acc 0.9286 (1.782 secs)
lstm:LSTM_Maj_GenBase step 6700 lr 3.000e-04 [train] loss 0.2125 acc 0.9303 (1.860 secs)
lstm:LSTM_Maj_GenBase step 6800 lr 3.000e-04 [train] loss 0.2194 acc 0.9279 (1.828 secs)
lstm:LSTM_Maj_GenBase step 6900 lr 3.000e-04 [train] loss 0.1954 acc 0.9358 (1.776 secs)
lstm:LSTM_Maj_GenBase step 7000 lr 3.000e-04 [train] loss 0.2008 acc 0.9347 (1.759 secs)
Evaluating on val
lstm: LSTM_Maj_GenBase[val] loss 1.6168 acc 0.5783 (16.494 secs)

Early Stopping!
lstm:LSTM_Maj_GenBase step 7100 lr 3.000e-04 [train] loss 0.2286 acc 0.9220 (18.563 secs)
lstm:LSTM_Maj_GenBase step 7200 lr 3.000e-04 [train] loss 0.1793 acc 0.9406 (1.678 secs)
lstm:LSTM_Maj_GenBase step 7300 lr 3.000e-04 [train] loss 0.2245 acc 0.9206 (1.903 secs)
lstm:LSTM_Maj_GenBase step 7400 lr 3.000e-04 [train] loss 0.1873 acc 0.9385 (1.792 secs)
lstm:LSTM_Maj_GenBase step 7500 lr 3.000e-04 [train] loss 0.2047 acc 0.9309 (1.943 secs)
lstm:LSTM_Maj_GenBase step 7600 lr 3.000e-04 [train] loss 0.1823 acc 0.9401 (1.734 secs)
lstm:LSTM_Maj_GenBase step 7700 lr 3.000e-04 [train] loss 0.1712 acc 0.9441 (1.666 secs)
lstm:LSTM_Maj_GenBase step 7800 lr 3.000e-04 [train] loss 0.1970 acc 0.9329 (1.820 secs)
lstm:LSTM_Maj_GenBase step 7900 lr 3.000e-04 [train] loss 0.2035 acc 0.9291 (1.878 secs)
lstm:LSTM_Maj_GenBase step 8000 lr 3.000e-04 [train] loss 0.1996 acc 0.9308 (1.843 secs)
Evaluating on val
lstm: LSTM_Maj_GenBase[val] loss 1.3113 acc 0.6270 (16.487 secs)

Early Stopping!
lstm:LSTM_Maj_GenBase step 8100 lr 3.000e-04 [train] loss 0.1767 acc 0.9441 (18.440 secs)
lstm:LSTM_Maj_GenBase step 8200 lr 3.000e-04 [train] loss 0.1637 acc 0.9465 (1.690 secs)
lstm:LSTM_Maj_GenBase step 8300 lr 3.000e-04 [train] loss 0.1932 acc 0.9346 (1.877 secs)
lstm:LSTM_Maj_GenBase step 8400 lr 3.000e-04 [train] loss 0.1892 acc 0.9343 (1.892 secs)
lstm:LSTM_Maj_GenBase step 8500 lr 3.000e-04 [train] loss 0.1768 acc 0.9397 (1.832 secs)
lstm:LSTM_Maj_GenBase step 8600 lr 3.000e-04 [train] loss 0.1658 acc 0.9462 (1.878 secs)
lstm:LSTM_Maj_GenBase step 8700 lr 3.000e-04 [train] loss 0.1639 acc 0.9471 (1.764 secs)
lstm:LSTM_Maj_GenBase step 8800 lr 3.000e-04 [train] loss 0.1841 acc 0.9390 (1.878 secs)
lstm:LSTM_Maj_GenBase step 8900 lr 3.000e-04 [train] loss 0.1614 acc 0.9471 (1.757 secs)
lstm:LSTM_Maj_GenBase step 9000 lr 3.000e-04 [train] loss 0.1910 acc 0.9349 (1.891 secs)
Evaluating on val
lstm: LSTM_Maj_GenBase[val] loss 1.3359 acc 0.6314 (16.485 secs)

Early Stopping!
lstm:LSTM_Maj_GenBase step 9100 lr 3.000e-04 [train] loss 0.1681 acc 0.9434 (18.531 secs)
lstm:LSTM_Maj_GenBase step 9200 lr 3.000e-04 [train] loss 0.1712 acc 0.9432 (1.855 secs)
lstm:LSTM_Maj_GenBase step 9300 lr 3.000e-04 [train] loss 0.1765 acc 0.9382 (1.905 secs)
lstm:LSTM_Maj_GenBase step 9400 lr 3.000e-04 [train] loss 0.1842 acc 0.9355 (1.926 secs)
lstm:LSTM_Maj_GenBase step 9500 lr 3.000e-04 [train] loss 0.1699 acc 0.9401 (1.831 secs)
lstm:LSTM_Maj_GenBase step 9600 lr 3.000e-04 [train] loss 0.1660 acc 0.9436 (1.954 secs)
lstm:LSTM_Maj_GenBase step 9700 lr 3.000e-04 [train] loss 0.1471 acc 0.9519 (1.829 secs)
lstm:LSTM_Maj_GenBase step 9800 lr 3.000e-04 [train] loss 0.1579 acc 0.9479 (1.853 secs)
lstm:LSTM_Maj_GenBase step 9900 lr 3.000e-04 [train] loss 0.1678 acc 0.9426 (1.869 secs)
lstm:LSTM_Maj_GenBase step 10000 lr 3.000e-04 [train] loss 0.1388 acc 0.9562 (1.747 secs)
Evaluating on val
lstm: LSTM_Maj_GenBase[val] loss 1.4189 acc 0.6263 (16.536 secs)

lstm:LSTM_Maj_GenBase step 10100 lr 3.000e-04 [train] loss 0.1523 acc 0.9479 (18.599 secs)
lstm:LSTM_Maj_GenBase step 10200 lr 3.000e-04 [train] loss 0.1464 acc 0.9504 (1.811 secs)
lstm:LSTM_Maj_GenBase step 10300 lr 3.000e-04 [train] loss 0.1454 acc 0.9493 (1.857 secs)
lstm:LSTM_Maj_GenBase step 10400 lr 3.000e-04 [train] loss 0.1428 acc 0.9515 (1.741 secs)
lstm:LSTM_Maj_GenBase step 10500 lr 3.000e-04 [train] loss 0.1343 acc 0.9568 (1.775 secs)
lstm:LSTM_Maj_GenBase step 10600 lr 3.000e-04 [train] loss 0.1412 acc 0.9524 (1.804 secs)
lstm:LSTM_Maj_GenBase step 10700 lr 3.000e-04 [train] loss 0.1306 acc 0.9577 (1.815 secs)
lstm:LSTM_Maj_GenBase step 10800 lr 3.000e-04 [train] loss 0.1431 acc 0.9506 (1.910 secs)
lstm:LSTM_Maj_GenBase step 10900 lr 3.000e-04 [train] loss 0.1250 acc 0.9594 (1.683 secs)
lstm:LSTM_Maj_GenBase step 11000 lr 3.000e-04 [train] loss 0.1388 acc 0.9552 (1.850 secs)
Evaluating on val
lstm: LSTM_Maj_GenBase[val] loss 1.4701 acc 0.6253 (16.474 secs)

lstm:LSTM_Maj_GenBase step 11100 lr 3.000e-04 [train] loss 0.1318 acc 0.9545 (18.361 secs)
lstm:LSTM_Maj_GenBase step 11200 lr 3.000e-04 [train] loss 0.1307 acc 0.9578 (1.851 secs)
lstm:LSTM_Maj_GenBase step 11300 lr 3.000e-04 [train] loss 0.1342 acc 0.9533 (1.809 secs)
lstm:LSTM_Maj_GenBase step 11400 lr 3.000e-04 [train] loss 0.1324 acc 0.9559 (1.760 secs)
lstm:LSTM_Maj_GenBase step 11500 lr 3.000e-04 [train] loss 0.1526 acc 0.9471 (1.918 secs)
lstm:LSTM_Maj_GenBase step 11600 lr 3.000e-04 [train] loss 0.1184 acc 0.9613 (1.745 secs)
lstm:LSTM_Maj_GenBase step 11700 lr 3.000e-04 [train] loss 0.1369 acc 0.9538 (1.914 secs)
lstm:LSTM_Maj_GenBase step 11800 lr 3.000e-04 [train] loss 0.1145 acc 0.9622 (1.743 secs)
lstm:LSTM_Maj_GenBase step 11900 lr 3.000e-04 [train] loss 0.1220 acc 0.9577 (1.811 secs)
lstm:LSTM_Maj_GenBase step 12000 lr 3.000e-04 [train] loss 0.1359 acc 0.9539 (1.871 secs)
Evaluating on val
lstm: LSTM_Maj_GenBase[val] loss 1.5056 acc 0.6288 (16.504 secs)

lstm:LSTM_Maj_GenBase step 12100 lr 3.000e-04 [train] loss 0.1380 acc 0.9544 (18.499 secs)
lstm:LSTM_Maj_GenBase step 12200 lr 3.000e-04 [train] loss 0.1184 acc 0.9603 (1.843 secs)
lstm:LSTM_Maj_GenBase step 12300 lr 3.000e-04 [train] loss 0.1204 acc 0.9610 (1.885 secs)
lstm:LSTM_Maj_GenBase step 12400 lr 3.000e-04 [train] loss 0.1280 acc 0.9577 (1.957 secs)
lstm:LSTM_Maj_GenBase step 12500 lr 3.000e-04 [train] loss 0.1191 acc 0.9607 (1.814 secs)
lstm:LSTM_Maj_GenBase step 12600 lr 3.000e-04 [train] loss 0.1129 acc 0.9617 (1.729 secs)
lstm:LSTM_Maj_GenBase step 12700 lr 3.000e-04 [train] loss 0.1160 acc 0.9603 (1.817 secs)
lstm:LSTM_Maj_GenBase step 12800 lr 3.000e-04 [train] loss 0.1117 acc 0.9634 (1.773 secs)
lstm:LSTM_Maj_GenBase step 12900 lr 3.000e-04 [train] loss 0.1291 acc 0.9555 (1.953 secs)
lstm:LSTM_Maj_GenBase step 13000 lr 3.000e-04 [train] loss 0.1182 acc 0.9609 (1.887 secs)
Evaluating on val
lstm: LSTM_Maj_GenBase[val] loss 1.3931 acc 0.6448 (16.568 secs)

Early Stopping!
lstm:LSTM_Maj_GenBase step 13100 lr 3.000e-04 [train] loss 0.1196 acc 0.9581 (18.440 secs)
lstm:LSTM_Maj_GenBase step 13200 lr 3.000e-04 [train] loss 0.1179 acc 0.9585 (1.769 secs)
lstm:LSTM_Maj_GenBase step 13300 lr 3.000e-04 [train] loss 0.1046 acc 0.9672 (1.830 secs)
lstm:LSTM_Maj_GenBase step 13400 lr 3.000e-04 [train] loss 0.1217 acc 0.9569 (1.906 secs)
lstm:LSTM_Maj_GenBase step 13500 lr 3.000e-04 [train] loss 0.1092 acc 0.9640 (1.809 secs)
lstm:LSTM_Maj_GenBase step 13600 lr 3.000e-04 [train] loss 0.1083 acc 0.9642 (1.827 secs)
lstm:LSTM_Maj_GenBase step 13700 lr 3.000e-04 [train] loss 0.1026 acc 0.9662 (1.765 secs)
lstm:LSTM_Maj_GenBase step 13800 lr 3.000e-04 [train] loss 0.1242 acc 0.9567 (1.897 secs)
lstm:LSTM_Maj_GenBase step 13900 lr 3.000e-04 [train] loss 0.1121 acc 0.9631 (1.852 secs)
lstm:LSTM_Maj_GenBase step 14000 lr 3.000e-04 [train] loss 0.0997 acc 0.9668 (1.839 secs)
Evaluating on val
lstm: LSTM_Maj_GenBase[val] loss 1.5919 acc 0.6261 (16.508 secs)

lstm:LSTM_Maj_GenBase step 14100 lr 3.000e-04 [train] loss 0.0992 acc 0.9678 (18.417 secs)
lstm:LSTM_Maj_GenBase step 14200 lr 3.000e-04 [train] loss 0.1210 acc 0.9597 (1.904 secs)
lstm:LSTM_Maj_GenBase step 14300 lr 3.000e-04 [train] loss 0.1243 acc 0.9572 (1.916 secs)
lstm:LSTM_Maj_GenBase step 14400 lr 3.000e-04 [train] loss 0.1088 acc 0.9648 (1.983 secs)
lstm:LSTM_Maj_GenBase step 14500 lr 3.000e-04 [train] loss 0.1120 acc 0.9627 (1.926 secs)
lstm:LSTM_Maj_GenBase step 14600 lr 3.000e-04 [train] loss 0.1081 acc 0.9648 (1.834 secs)
lstm:LSTM_Maj_GenBase step 14700 lr 3.000e-04 [train] loss 0.0863 acc 0.9723 (1.692 secs)
lstm:LSTM_Maj_GenBase step 14800 lr 3.000e-04 [train] loss 0.0959 acc 0.9680 (1.775 secs)
lstm:LSTM_Maj_GenBase step 14900 lr 3.000e-04 [train] loss 0.1026 acc 0.9641 (1.818 secs)
lstm:LSTM_Maj_GenBase step 15000 lr 3.000e-04 [train] loss 0.1129 acc 0.9626 (1.950 secs)
Evaluating on val
lstm: LSTM_Maj_GenBase[val] loss 1.5412 acc 0.6362 (16.491 secs)

lstm:LSTM_Maj_GenBase step 15100 lr 3.000e-04 [train] loss 0.1031 acc 0.9658 (18.482 secs)
lstm:LSTM_Maj_GenBase step 15200 lr 3.000e-04 [train] loss 0.1019 acc 0.9666 (1.861 secs)
lstm:LSTM_Maj_GenBase step 15300 lr 3.000e-04 [train] loss 0.0866 acc 0.9720 (1.701 secs)
lstm:LSTM_Maj_GenBase step 15400 lr 3.000e-04 [train] loss 0.0985 acc 0.9680 (1.894 secs)
lstm:LSTM_Maj_GenBase step 15500 lr 3.000e-04 [train] loss 0.0888 acc 0.9700 (1.864 secs)
lstm:LSTM_Maj_GenBase step 15600 lr 3.000e-04 [train] loss 0.0987 acc 0.9676 (1.881 secs)
lstm:LSTM_Maj_GenBase step 15700 lr 3.000e-04 [train] loss 0.0925 acc 0.9699 (1.792 secs)
lstm:LSTM_Maj_GenBase step 15800 lr 3.000e-04 [train] loss 0.0834 acc 0.9725 (1.711 secs)
lstm:LSTM_Maj_GenBase step 15900 lr 3.000e-04 [train] loss 0.0934 acc 0.9685 (1.820 secs)
lstm:LSTM_Maj_GenBase step 16000 lr 3.000e-04 [train] loss 0.0869 acc 0.9718 (1.761 secs)
Evaluating on val
lstm: LSTM_Maj_GenBase[val] loss 1.4252 acc 0.6569 (16.483 secs)

Early Stopping!
lstm:LSTM_Maj_GenBase step 16100 lr 3.000e-04 [train] loss 0.0721 acc 0.9788 (18.314 secs)
lstm:LSTM_Maj_GenBase step 16200 lr 3.000e-04 [train] loss 0.0870 acc 0.9712 (1.800 secs)
lstm:LSTM_Maj_GenBase step 16300 lr 3.000e-04 [train] loss 0.0950 acc 0.9672 (1.854 secs)
lstm:LSTM_Maj_GenBase step 16400 lr 3.000e-04 [train] loss 0.0880 acc 0.9715 (1.799 secs)
lstm:LSTM_Maj_GenBase step 16500 lr 3.000e-04 [train] loss 0.0850 acc 0.9724 (1.951 secs)
lstm:LSTM_Maj_GenBase step 16600 lr 3.000e-04 [train] loss 0.0834 acc 0.9720 (1.801 secs)
lstm:LSTM_Maj_GenBase step 16700 lr 3.000e-04 [train] loss 0.0782 acc 0.9749 (1.707 secs)
lstm:LSTM_Maj_GenBase step 16800 lr 3.000e-04 [train] loss 0.0896 acc 0.9700 (1.775 secs)
lstm:LSTM_Maj_GenBase step 16900 lr 3.000e-04 [train] loss 0.0751 acc 0.9759 (1.624 secs)
lstm:LSTM_Maj_GenBase step 17000 lr 3.000e-04 [train] loss 0.0794 acc 0.9738 (1.740 secs)
Evaluating on val
lstm: LSTM_Maj_GenBase[val] loss 1.5266 acc 0.6468 (16.485 secs)

lstm:LSTM_Maj_GenBase step 17100 lr 3.000e-04 [train] loss 0.0826 acc 0.9719 (18.480 secs)
lstm:LSTM_Maj_GenBase step 17200 lr 3.000e-04 [train] loss 0.0844 acc 0.9711 (1.774 secs)
lstm:LSTM_Maj_GenBase step 17300 lr 3.000e-04 [train] loss 0.0924 acc 0.9698 (1.881 secs)
lstm:LSTM_Maj_GenBase step 17400 lr 3.000e-04 [train] loss 0.0801 acc 0.9730 (1.771 secs)
lstm:LSTM_Maj_GenBase step 17500 lr 3.000e-04 [train] loss 0.0786 acc 0.9746 (1.763 secs)
lstm:LSTM_Maj_GenBase step 17600 lr 3.000e-04 [train] loss 0.0904 acc 0.9683 (1.904 secs)
lstm:LSTM_Maj_GenBase step 17700 lr 3.000e-04 [train] loss 0.0879 acc 0.9696 (2.009 secs)
lstm:LSTM_Maj_GenBase step 17800 lr 3.000e-04 [train] loss 0.0819 acc 0.9734 (1.748 secs)
lstm:LSTM_Maj_GenBase step 17900 lr 3.000e-04 [train] loss 0.0899 acc 0.9703 (1.942 secs)
lstm:LSTM_Maj_GenBase step 18000 lr 3.000e-04 [train] loss 0.0940 acc 0.9698 (1.921 secs)
Evaluating on val
lstm: LSTM_Maj_GenBase[val] loss 1.3955 acc 0.6679 (16.480 secs)

Early Stopping!
lstm:LSTM_Maj_GenBase step 18100 lr 3.000e-04 [train] loss 0.0762 acc 0.9737 (18.478 secs)
lstm:LSTM_Maj_GenBase step 18200 lr 3.000e-04 [train] loss 0.0665 acc 0.9778 (1.721 secs)
lstm:LSTM_Maj_GenBase step 18300 lr 3.000e-04 [train] loss 0.0878 acc 0.9711 (1.903 secs)
lstm:LSTM_Maj_GenBase step 18400 lr 3.000e-04 [train] loss 0.0663 acc 0.9780 (1.640 secs)
lstm:LSTM_Maj_GenBase step 18500 lr 3.000e-04 [train] loss 0.0816 acc 0.9737 (1.916 secs)
lstm:LSTM_Maj_GenBase step 18600 lr 3.000e-04 [train] loss 0.0835 acc 0.9731 (1.843 secs)
lstm:LSTM_Maj_GenBase step 18700 lr 3.000e-04 [train] loss 0.0803 acc 0.9711 (1.866 secs)
lstm:LSTM_Maj_GenBase step 18800 lr 3.000e-04 [train] loss 0.0759 acc 0.9752 (1.839 secs)
lstm:LSTM_Maj_GenBase step 18900 lr 3.000e-04 [train] loss 0.0822 acc 0.9711 (1.811 secs)
lstm:LSTM_Maj_GenBase step 19000 lr 3.000e-04 [train] loss 0.0755 acc 0.9748 (1.827 secs)
Evaluating on val
lstm: LSTM_Maj_GenBase[val] loss 1.4694 acc 0.6583 (16.478 secs)

lstm:LSTM_Maj_GenBase step 19100 lr 3.000e-04 [train] loss 0.0781 acc 0.9743 (18.559 secs)
lstm:LSTM_Maj_GenBase step 19200 lr 3.000e-04 [train] loss 0.0696 acc 0.9769 (1.880 secs)
lstm:LSTM_Maj_GenBase step 19300 lr 3.000e-04 [train] loss 0.0670 acc 0.9788 (1.770 secs)
lstm:LSTM_Maj_GenBase step 19400 lr 3.000e-04 [train] loss 0.0647 acc 0.9777 (1.683 secs)
lstm:LSTM_Maj_GenBase step 19500 lr 3.000e-04 [train] loss 0.0597 acc 0.9805 (1.669 secs)
lstm:LSTM_Maj_GenBase step 19600 lr 3.000e-04 [train] loss 0.0711 acc 0.9759 (1.866 secs)
lstm:LSTM_Maj_GenBase step 19700 lr 3.000e-04 [train] loss 0.0780 acc 0.9740 (1.866 secs)
lstm:LSTM_Maj_GenBase step 19800 lr 3.000e-04 [train] loss 0.0709 acc 0.9759 (1.854 secs)
lstm:LSTM_Maj_GenBase step 19900 lr 3.000e-04 [train] loss 0.0810 acc 0.9728 (1.887 secs)
lstm:LSTM_Maj_GenBase step 20000 lr 3.000e-04 [train] loss 0.0647 acc 0.9800 (1.761 secs)
Evaluating on val
lstm: LSTM_Maj_GenBase[val] loss 1.5601 acc 0.6483 (16.480 secs)

lstm:LSTM_Maj_GenBase step 20100 lr 3.000e-04 [train] loss 0.0805 acc 0.9728 (18.626 secs)
lstm:LSTM_Maj_GenBase step 20200 lr 3.000e-04 [train] loss 0.0630 acc 0.9784 (1.773 secs)
lstm:LSTM_Maj_GenBase step 20300 lr 3.000e-04 [train] loss 0.0611 acc 0.9799 (1.694 secs)
lstm:LSTM_Maj_GenBase step 20400 lr 3.000e-04 [train] loss 0.0608 acc 0.9798 (1.771 secs)
lstm:LSTM_Maj_GenBase step 20500 lr 3.000e-04 [train] loss 0.0557 acc 0.9831 (1.678 secs)
lstm:LSTM_Maj_GenBase step 20600 lr 3.000e-04 [train] loss 0.0653 acc 0.9774 (1.758 secs)
lstm:LSTM_Maj_GenBase step 20700 lr 3.000e-04 [train] loss 0.0682 acc 0.9766 (1.758 secs)
lstm:LSTM_Maj_GenBase step 20800 lr 3.000e-04 [train] loss 0.0722 acc 0.9758 (1.884 secs)
lstm:LSTM_Maj_GenBase step 20900 lr 3.000e-04 [train] loss 0.0784 acc 0.9744 (2.016 secs)
lstm:LSTM_Maj_GenBase step 21000 lr 3.000e-04 [train] loss 0.0626 acc 0.9796 (1.699 secs)
Evaluating on val
lstm: LSTM_Maj_GenBase[val] loss 1.5581 acc 0.6519 (16.528 secs)

lstm:LSTM_Maj_GenBase step 21100 lr 3.000e-04 [train] loss 0.0672 acc 0.9784 (18.471 secs)
lstm:LSTM_Maj_GenBase step 21200 lr 3.000e-04 [train] loss 0.0567 acc 0.9816 (1.696 secs)
lstm:LSTM_Maj_GenBase step 21300 lr 3.000e-04 [train] loss 0.0641 acc 0.9778 (1.908 secs)
lstm:LSTM_Maj_GenBase step 21400 lr 3.000e-04 [train] loss 0.0564 acc 0.9820 (1.701 secs)
lstm:LSTM_Maj_GenBase step 21500 lr 3.000e-04 [train] loss 0.0606 acc 0.9803 (1.793 secs)
lstm:LSTM_Maj_GenBase step 21600 lr 3.000e-04 [train] loss 0.0699 acc 0.9768 (1.831 secs)
lstm:LSTM_Maj_GenBase step 21700 lr 3.000e-04 [train] loss 0.0667 acc 0.9777 (1.767 secs)
lstm:LSTM_Maj_GenBase step 21800 lr 3.000e-04 [train] loss 0.0664 acc 0.9774 (1.847 secs)
lstm:LSTM_Maj_GenBase step 21900 lr 3.000e-04 [train] loss 0.0710 acc 0.9761 (1.964 secs)
lstm:LSTM_Maj_GenBase step 22000 lr 3.000e-04 [train] loss 0.0617 acc 0.9791 (1.863 secs)
Evaluating on val
lstm: LSTM_Maj_GenBase[val] loss 1.6081 acc 0.6516 (16.483 secs)

lstm:LSTM_Maj_GenBase step 22100 lr 3.000e-04 [train] loss 0.0721 acc 0.9761 (18.471 secs)
lstm:LSTM_Maj_GenBase step 22200 lr 3.000e-04 [train] loss 0.0628 acc 0.9789 (1.841 secs)
lstm:LSTM_Maj_GenBase step 22300 lr 3.000e-04 [train] loss 0.0593 acc 0.9812 (1.885 secs)
lstm:LSTM_Maj_GenBase step 22400 lr 3.000e-04 [train] loss 0.0594 acc 0.9807 (1.856 secs)
lstm:LSTM_Maj_GenBase step 22500 lr 3.000e-04 [train] loss 0.0555 acc 0.9823 (1.800 secs)
lstm:LSTM_Maj_GenBase step 22600 lr 3.000e-04 [train] loss 0.0693 acc 0.9766 (1.936 secs)
lstm:LSTM_Maj_GenBase step 22700 lr 3.000e-04 [train] loss 0.0675 acc 0.9770 (1.831 secs)
lstm:LSTM_Maj_GenBase step 22800 lr 3.000e-04 [train] loss 0.0620 acc 0.9792 (1.859 secs)
lstm:LSTM_Maj_GenBase step 22900 lr 3.000e-04 [train] loss 0.0588 acc 0.9802 (1.822 secs)
lstm:LSTM_Maj_GenBase step 23000 lr 3.000e-04 [train] loss 0.0687 acc 0.9759 (1.961 secs)
Evaluating on val
lstm: LSTM_Maj_GenBase[val] loss 1.4341 acc 0.6764 (16.503 secs)

Early Stopping!
lstm:LSTM_Maj_GenBase step 23100 lr 3.000e-04 [train] loss 0.0499 acc 0.9833 (18.332 secs)
lstm:LSTM_Maj_GenBase step 23200 lr 3.000e-04 [train] loss 0.0484 acc 0.9839 (1.689 secs)
lstm:LSTM_Maj_GenBase step 23300 lr 3.000e-04 [train] loss 0.0634 acc 0.9794 (1.882 secs)
lstm:LSTM_Maj_GenBase step 23400 lr 3.000e-04 [train] loss 0.0666 acc 0.9780 (1.993 secs)
lstm:LSTM_Maj_GenBase step 23500 lr 3.000e-04 [train] loss 0.0545 acc 0.9818 (1.863 secs)
lstm:LSTM_Maj_GenBase step 23600 lr 3.000e-04 [train] loss 0.0562 acc 0.9808 (1.770 secs)
lstm:LSTM_Maj_GenBase step 23700 lr 3.000e-04 [train] loss 0.0470 acc 0.9853 (1.660 secs)
lstm:LSTM_Maj_GenBase step 23800 lr 3.000e-04 [train] loss 0.0612 acc 0.9805 (1.895 secs)
lstm:LSTM_Maj_GenBase step 23900 lr 3.000e-04 [train] loss 0.0524 acc 0.9832 (1.730 secs)
lstm:LSTM_Maj_GenBase step 24000 lr 3.000e-04 [train] loss 0.0519 acc 0.9832 (1.910 secs)
Evaluating on val
lstm: LSTM_Maj_GenBase[val] loss 1.6383 acc 0.6598 (16.482 secs)

lstm:LSTM_Maj_GenBase step 24100 lr 3.000e-04 [train] loss 0.0522 acc 0.9841 (18.354 secs)
lstm:LSTM_Maj_GenBase step 24200 lr 3.000e-04 [train] loss 0.0594 acc 0.9793 (1.859 secs)
lstm:LSTM_Maj_GenBase step 24300 lr 3.000e-04 [train] loss 0.0507 acc 0.9828 (1.690 secs)
lstm:LSTM_Maj_GenBase step 24400 lr 3.000e-04 [train] loss 0.0485 acc 0.9836 (1.742 secs)
lstm:LSTM_Maj_GenBase step 24500 lr 3.000e-04 [train] loss 0.0501 acc 0.9839 (1.850 secs)
lstm:LSTM_Maj_GenBase step 24600 lr 3.000e-04 [train] loss 0.0487 acc 0.9841 (1.808 secs)
lstm:LSTM_Maj_GenBase step 24700 lr 3.000e-04 [train] loss 0.0542 acc 0.9819 (1.881 secs)
lstm:LSTM_Maj_GenBase step 24800 lr 3.000e-04 [train] loss 0.0455 acc 0.9855 (1.689 secs)
lstm:LSTM_Maj_GenBase step 24900 lr 3.000e-04 [train] loss 0.0431 acc 0.9866 (1.667 secs)
lstm:LSTM_Maj_GenBase step 25000 lr 3.000e-04 [train] loss 0.0581 acc 0.9809 (1.788 secs)
Evaluating on val
lstm: LSTM_Maj_GenBase[val] loss 1.4802 acc 0.6758 (16.487 secs)

lstm:LSTM_Maj_GenBase step 25100 lr 3.000e-04 [train] loss 0.0569 acc 0.9798 (18.448 secs)
lstm:LSTM_Maj_GenBase step 25200 lr 3.000e-04 [train] loss 0.0598 acc 0.9804 (1.849 secs)
lstm:LSTM_Maj_GenBase step 25300 lr 3.000e-04 [train] loss 0.0514 acc 0.9827 (1.722 secs)
lstm:LSTM_Maj_GenBase step 25400 lr 3.000e-04 [train] loss 0.0582 acc 0.9793 (1.793 secs)
lstm:LSTM_Maj_GenBase step 25500 lr 3.000e-04 [train] loss 0.0470 acc 0.9853 (1.754 secs)
lstm:LSTM_Maj_GenBase step 25600 lr 3.000e-04 [train] loss 0.0444 acc 0.9873 (1.793 secs)
lstm:LSTM_Maj_GenBase step 25700 lr 3.000e-04 [train] loss 0.0507 acc 0.9841 (1.885 secs)
lstm:LSTM_Maj_GenBase step 25800 lr 3.000e-04 [train] loss 0.0419 acc 0.9868 (1.652 secs)
lstm:LSTM_Maj_GenBase step 25900 lr 3.000e-04 [train] loss 0.0630 acc 0.9799 (1.931 secs)
lstm:LSTM_Maj_GenBase step 26000 lr 3.000e-04 [train] loss 0.0593 acc 0.9805 (1.882 secs)
Evaluating on val
lstm: LSTM_Maj_GenBase[val] loss 1.4672 acc 0.6795 (16.484 secs)

Early Stopping!
lstm:LSTM_Maj_GenBase step 26100 lr 3.000e-04 [train] loss 0.0436 acc 0.9861 (18.480 secs)
lstm:LSTM_Maj_GenBase step 26200 lr 3.000e-04 [train] loss 0.0578 acc 0.9805 (1.868 secs)
lstm:LSTM_Maj_GenBase step 26300 lr 3.000e-04 [train] loss 0.0404 acc 0.9864 (1.686 secs)
lstm:LSTM_Maj_GenBase step 26400 lr 3.000e-04 [train] loss 0.0455 acc 0.9855 (1.765 secs)
lstm:LSTM_Maj_GenBase step 26500 lr 3.000e-04 [train] loss 0.0593 acc 0.9813 (1.939 secs)
lstm:LSTM_Maj_GenBase step 26600 lr 3.000e-04 [train] loss 0.0508 acc 0.9834 (1.887 secs)
lstm:LSTM_Maj_GenBase step 26700 lr 3.000e-04 [train] loss 0.0422 acc 0.9870 (1.843 secs)
lstm:LSTM_Maj_GenBase step 26800 lr 3.000e-04 [train] loss 0.0512 acc 0.9834 (1.824 secs)
lstm:LSTM_Maj_GenBase step 26900 lr 3.000e-04 [train] loss 0.0357 acc 0.9890 (1.619 secs)
lstm:LSTM_Maj_GenBase step 27000 lr 3.000e-04 [train] loss 0.0430 acc 0.9858 (1.713 secs)
Evaluating on val
lstm: LSTM_Maj_GenBase[val] loss 1.5376 acc 0.6740 (16.472 secs)

lstm:LSTM_Maj_GenBase step 27100 lr 3.000e-04 [train] loss 0.0623 acc 0.9773 (18.658 secs)
lstm:LSTM_Maj_GenBase step 27200 lr 3.000e-04 [train] loss 0.0486 acc 0.9843 (1.884 secs)
lstm:LSTM_Maj_GenBase step 27300 lr 3.000e-04 [train] loss 0.0411 acc 0.9871 (1.672 secs)
lstm:LSTM_Maj_GenBase step 27400 lr 3.000e-04 [train] loss 0.0569 acc 0.9797 (1.784 secs)
lstm:LSTM_Maj_GenBase step 27500 lr 3.000e-04 [train] loss 0.0502 acc 0.9832 (1.797 secs)
lstm:LSTM_Maj_GenBase step 27600 lr 3.000e-04 [train] loss 0.0469 acc 0.9833 (1.778 secs)
lstm:LSTM_Maj_GenBase step 27700 lr 3.000e-04 [train] loss 0.0477 acc 0.9845 (1.734 secs)
lstm:LSTM_Maj_GenBase step 27800 lr 3.000e-04 [train] loss 0.0460 acc 0.9856 (2.057 secs)
lstm:LSTM_Maj_GenBase step 27900 lr 3.000e-04 [train] loss 0.0393 acc 0.9868 (1.731 secs)
lstm:LSTM_Maj_GenBase step 28000 lr 3.000e-04 [train] loss 0.0426 acc 0.9877 (1.781 secs)
Evaluating on val
lstm: LSTM_Maj_GenBase[val] loss 1.4677 acc 0.6855 (16.473 secs)

Early Stopping!
lstm:LSTM_Maj_GenBase step 28100 lr 3.000e-04 [train] loss 0.0375 acc 0.9881 (18.432 secs)
lstm:LSTM_Maj_GenBase step 28200 lr 3.000e-04 [train] loss 0.0393 acc 0.9875 (1.890 secs)
lstm:LSTM_Maj_GenBase step 28300 lr 3.000e-04 [train] loss 0.0441 acc 0.9846 (1.850 secs)
lstm:LSTM_Maj_GenBase step 28400 lr 3.000e-04 [train] loss 0.0472 acc 0.9851 (1.855 secs)
lstm:LSTM_Maj_GenBase step 28500 lr 3.000e-04 [train] loss 0.0559 acc 0.9816 (1.905 secs)
lstm:LSTM_Maj_GenBase step 28600 lr 3.000e-04 [train] loss 0.0425 acc 0.9855 (1.768 secs)
lstm:LSTM_Maj_GenBase step 28700 lr 3.000e-04 [train] loss 0.0536 acc 0.9814 (1.959 secs)
lstm:LSTM_Maj_GenBase step 28800 lr 3.000e-04 [train] loss 0.0539 acc 0.9823 (1.756 secs)
lstm:LSTM_Maj_GenBase step 28900 lr 3.000e-04 [train] loss 0.0503 acc 0.9832 (1.976 secs)
lstm:LSTM_Maj_GenBase step 29000 lr 3.000e-04 [train] loss 0.0461 acc 0.9846 (1.731 secs)
Evaluating on val
lstm: LSTM_Maj_GenBase[val] loss 1.3228 acc 0.6994 (16.489 secs)

Early Stopping!
lstm:LSTM_Maj_GenBase step 29100 lr 3.000e-04 [train] loss 0.0541 acc 0.9816 (18.463 secs)
lstm:LSTM_Maj_GenBase step 29200 lr 3.000e-04 [train] loss 0.0392 acc 0.9884 (1.850 secs)
lstm:LSTM_Maj_GenBase step 29300 lr 3.000e-04 [train] loss 0.0419 acc 0.9870 (1.858 secs)
lstm:LSTM_Maj_GenBase step 29400 lr 3.000e-04 [train] loss 0.0439 acc 0.9849 (1.823 secs)
lstm:LSTM_Maj_GenBase step 29500 lr 3.000e-04 [train] loss 0.0404 acc 0.9873 (1.708 secs)
lstm:LSTM_Maj_GenBase step 29600 lr 3.000e-04 [train] loss 0.0389 acc 0.9873 (1.735 secs)
lstm:LSTM_Maj_GenBase step 29700 lr 3.000e-04 [train] loss 0.0320 acc 0.9901 (1.685 secs)
lstm:LSTM_Maj_GenBase step 29800 lr 3.000e-04 [train] loss 0.0390 acc 0.9885 (1.791 secs)
lstm:LSTM_Maj_GenBase step 29900 lr 3.000e-04 [train] loss 0.0401 acc 0.9870 (1.785 secs)
lstm:LSTM_Maj_GenBase step 30000 lr 3.000e-04 [train] loss 0.0348 acc 0.9898 (1.911 secs)
Evaluating on val
lstm: LSTM_Maj_GenBase[val] loss 1.6247 acc 0.6697 (16.503 secs)

lstm:LSTM_Maj_GenBase step 30100 lr 3.000e-04 [train] loss 0.0470 acc 0.9841 (18.487 secs)
lstm:LSTM_Maj_GenBase step 30200 lr 3.000e-04 [train] loss 0.0296 acc 0.9904 (1.636 secs)
lstm:LSTM_Maj_GenBase step 30300 lr 3.000e-04 [train] loss 0.0430 acc 0.9864 (1.824 secs)
lstm:LSTM_Maj_GenBase step 30400 lr 3.000e-04 [train] loss 0.0396 acc 0.9873 (1.926 secs)
lstm:LSTM_Maj_GenBase step 30500 lr 3.000e-04 [train] loss 0.0493 acc 0.9828 (1.946 secs)
lstm:LSTM_Maj_GenBase step 30600 lr 3.000e-04 [train] loss 0.0427 acc 0.9859 (1.787 secs)
lstm:LSTM_Maj_GenBase step 30700 lr 3.000e-04 [train] loss 0.0496 acc 0.9836 (1.976 secs)
lstm:LSTM_Maj_GenBase step 30800 lr 3.000e-04 [train] loss 0.0441 acc 0.9851 (1.823 secs)
lstm:LSTM_Maj_GenBase step 30900 lr 3.000e-04 [train] loss 0.0393 acc 0.9867 (1.752 secs)
lstm:LSTM_Maj_GenBase step 31000 lr 3.000e-04 [train] loss 0.0391 acc 0.9872 (1.909 secs)
Evaluating on val
lstm: LSTM_Maj_GenBase[val] loss 1.4592 acc 0.6885 (16.523 secs)

lstm:LSTM_Maj_GenBase step 31100 lr 3.000e-04 [train] loss 0.0400 acc 0.9866 (18.498 secs)
lstm:LSTM_Maj_GenBase step 31200 lr 3.000e-04 [train] loss 0.0461 acc 0.9851 (1.820 secs)
lstm:LSTM_Maj_GenBase step 31300 lr 3.000e-04 [train] loss 0.0434 acc 0.9855 (1.879 secs)
lstm:LSTM_Maj_GenBase step 31400 lr 3.000e-04 [train] loss 0.0415 acc 0.9868 (1.839 secs)
lstm:LSTM_Maj_GenBase step 31500 lr 3.000e-04 [train] loss 0.0335 acc 0.9898 (1.844 secs)
lstm:LSTM_Maj_GenBase step 31600 lr 3.000e-04 [train] loss 0.0369 acc 0.9876 (1.781 secs)
lstm:LSTM_Maj_GenBase step 31700 lr 3.000e-04 [train] loss 0.0327 acc 0.9903 (1.689 secs)
lstm:LSTM_Maj_GenBase step 31800 lr 3.000e-04 [train] loss 0.0440 acc 0.9846 (1.835 secs)
lstm:LSTM_Maj_GenBase step 31900 lr 3.000e-04 [train] loss 0.0387 acc 0.9866 (1.730 secs)
lstm:LSTM_Maj_GenBase step 32000 lr 3.000e-04 [train] loss 0.0309 acc 0.9901 (1.676 secs)
Evaluating on val
lstm: LSTM_Maj_GenBase[val] loss 1.5559 acc 0.6822 (16.494 secs)

lstm:LSTM_Maj_GenBase step 32100 lr 3.000e-04 [train] loss 0.0316 acc 0.9903 (18.352 secs)
lstm:LSTM_Maj_GenBase step 32200 lr 3.000e-04 [train] loss 0.0326 acc 0.9901 (1.753 secs)
lstm:LSTM_Maj_GenBase step 32300 lr 3.000e-04 [train] loss 0.0430 acc 0.9849 (1.769 secs)
lstm:LSTM_Maj_GenBase step 32400 lr 3.000e-04 [train] loss 0.0364 acc 0.9901 (1.672 secs)
lstm:LSTM_Maj_GenBase step 32500 lr 3.000e-04 [train] loss 0.0347 acc 0.9895 (1.739 secs)
lstm:LSTM_Maj_GenBase step 32600 lr 3.000e-04 [train] loss 0.0414 acc 0.9862 (2.005 secs)
lstm:LSTM_Maj_GenBase step 32700 lr 3.000e-04 [train] loss 0.0413 acc 0.9859 (1.832 secs)
lstm:LSTM_Maj_GenBase step 32800 lr 3.000e-04 [train] loss 0.0476 acc 0.9827 (1.835 secs)
lstm:LSTM_Maj_GenBase step 32900 lr 3.000e-04 [train] loss 0.0365 acc 0.9882 (1.765 secs)
lstm:LSTM_Maj_GenBase step 33000 lr 3.000e-04 [train] loss 0.0387 acc 0.9880 (1.729 secs)
Evaluating on val
lstm: LSTM_Maj_GenBase[val] loss 1.4210 acc 0.6971 (16.482 secs)

lstm:LSTM_Maj_GenBase step 33100 lr 3.000e-04 [train] loss 0.0355 acc 0.9877 (18.415 secs)
lstm:LSTM_Maj_GenBase step 33200 lr 3.000e-04 [train] loss 0.0358 acc 0.9885 (1.731 secs)
lstm:LSTM_Maj_GenBase step 33300 lr 3.000e-04 [train] loss 0.0382 acc 0.9877 (1.798 secs)
lstm:LSTM_Maj_GenBase step 33400 lr 3.000e-04 [train] loss 0.0452 acc 0.9844 (1.837 secs)
lstm:LSTM_Maj_GenBase step 33500 lr 3.000e-04 [train] loss 0.0232 acc 0.9931 (1.533 secs)
lstm:LSTM_Maj_GenBase step 33600 lr 3.000e-04 [train] loss 0.0297 acc 0.9908 (1.677 secs)
lstm:LSTM_Maj_GenBase step 33700 lr 3.000e-04 [train] loss 0.0381 acc 0.9869 (1.935 secs)
lstm:LSTM_Maj_GenBase step 33800 lr 3.000e-04 [train] loss 0.0340 acc 0.9888 (1.807 secs)
lstm:LSTM_Maj_GenBase step 33900 lr 3.000e-04 [train] loss 0.0446 acc 0.9852 (1.860 secs)
lstm:LSTM_Maj_GenBase step 34000 lr 3.000e-04 [train] loss 0.0376 acc 0.9865 (1.666 secs)
Evaluating on val
lstm: LSTM_Maj_GenBase[val] loss 1.3268 acc 0.7096 (16.468 secs)

Early Stopping!
lstm:LSTM_Maj_GenBase step 34100 lr 3.000e-04 [train] loss 0.0394 acc 0.9875 (18.499 secs)
lstm:LSTM_Maj_GenBase step 34200 lr 3.000e-04 [train] loss 0.0446 acc 0.9855 (2.007 secs)
lstm:LSTM_Maj_GenBase step 34300 lr 3.000e-04 [train] loss 0.0387 acc 0.9877 (1.769 secs)
lstm:LSTM_Maj_GenBase step 34400 lr 3.000e-04 [train] loss 0.0373 acc 0.9891 (1.783 secs)
lstm:LSTM_Maj_GenBase step 34500 lr 3.000e-04 [train] loss 0.0334 acc 0.9896 (1.725 secs)
lstm:LSTM_Maj_GenBase step 34600 lr 3.000e-04 [train] loss 0.0439 acc 0.9855 (1.975 secs)
lstm:LSTM_Maj_GenBase step 34700 lr 3.000e-04 [train] loss 0.0389 acc 0.9878 (1.865 secs)
lstm:LSTM_Maj_GenBase step 34800 lr 3.000e-04 [train] loss 0.0279 acc 0.9904 (1.811 secs)
lstm:LSTM_Maj_GenBase step 34900 lr 3.000e-04 [train] loss 0.0290 acc 0.9911 (1.754 secs)
lstm:LSTM_Maj_GenBase step 35000 lr 3.000e-04 [train] loss 0.0457 acc 0.9843 (1.825 secs)
Evaluating on val
lstm: LSTM_Maj_GenBase[val] loss 1.4426 acc 0.7010 (16.483 secs)

lstm:LSTM_Maj_GenBase step 35100 lr 3.000e-04 [train] loss 0.0421 acc 0.9868 (18.470 secs)
lstm:LSTM_Maj_GenBase step 35200 lr 3.000e-04 [train] loss 0.0436 acc 0.9852 (2.084 secs)
lstm:LSTM_Maj_GenBase step 35300 lr 3.000e-04 [train] loss 0.0320 acc 0.9892 (1.800 secs)
lstm:LSTM_Maj_GenBase step 35400 lr 3.000e-04 [train] loss 0.0292 acc 0.9915 (1.678 secs)
lstm:LSTM_Maj_GenBase step 35500 lr 3.000e-04 [train] loss 0.0280 acc 0.9914 (1.771 secs)
lstm:LSTM_Maj_GenBase step 35600 lr 3.000e-04 [train] loss 0.0286 acc 0.9920 (1.740 secs)
lstm:LSTM_Maj_GenBase step 35700 lr 3.000e-04 [train] loss 0.0313 acc 0.9899 (1.743 secs)
lstm:LSTM_Maj_GenBase step 35800 lr 3.000e-04 [train] loss 0.0339 acc 0.9894 (1.713 secs)
lstm:LSTM_Maj_GenBase step 35900 lr 3.000e-04 [train] loss 0.0396 acc 0.9880 (2.070 secs)
lstm:LSTM_Maj_GenBase step 36000 lr 3.000e-04 [train] loss 0.0377 acc 0.9880 (1.948 secs)
Evaluating on val
lstm: LSTM_Maj_GenBase[val] loss 1.3587 acc 0.7070 (16.468 secs)

lstm:LSTM_Maj_GenBase step 36100 lr 3.000e-04 [train] loss 0.0386 acc 0.9873 (18.479 secs)
lstm:LSTM_Maj_GenBase step 36200 lr 3.000e-04 [train] loss 0.0346 acc 0.9890 (1.853 secs)
lstm:LSTM_Maj_GenBase step 36300 lr 3.000e-04 [train] loss 0.0289 acc 0.9909 (1.966 secs)
lstm:LSTM_Maj_GenBase step 36400 lr 3.000e-04 [train] loss 0.0285 acc 0.9926 (1.768 secs)
lstm:LSTM_Maj_GenBase step 36500 lr 3.000e-04 [train] loss 0.0290 acc 0.9904 (1.716 secs)
lstm:LSTM_Maj_GenBase step 36600 lr 3.000e-04 [train] loss 0.0316 acc 0.9893 (1.723 secs)
lstm:LSTM_Maj_GenBase step 36700 lr 3.000e-04 [train] loss 0.0362 acc 0.9888 (1.843 secs)
lstm:LSTM_Maj_GenBase step 36800 lr 3.000e-04 [train] loss 0.0434 acc 0.9844 (1.908 secs)
lstm:LSTM_Maj_GenBase step 36900 lr 3.000e-04 [train] loss 0.0373 acc 0.9870 (1.864 secs)
lstm:LSTM_Maj_GenBase step 37000 lr 3.000e-04 [train] loss 0.0308 acc 0.9896 (1.837 secs)
Evaluating on val
lstm: LSTM_Maj_GenBase[val] loss 1.3313 acc 0.7131 (16.475 secs)

Early Stopping!
lstm:LSTM_Maj_GenBase step 37100 lr 3.000e-04 [train] loss 0.0266 acc 0.9923 (18.396 secs)
lstm:LSTM_Maj_GenBase step 37200 lr 3.000e-04 [train] loss 0.0332 acc 0.9892 (1.850 secs)
lstm:LSTM_Maj_GenBase step 37300 lr 3.000e-04 [train] loss 0.0306 acc 0.9913 (1.718 secs)
lstm:LSTM_Maj_GenBase step 37400 lr 3.000e-04 [train] loss 0.0278 acc 0.9906 (1.785 secs)
lstm:LSTM_Maj_GenBase step 37500 lr 3.000e-04 [train] loss 0.0410 acc 0.9874 (1.851 secs)
lstm:LSTM_Maj_GenBase step 37600 lr 3.000e-04 [train] loss 0.0419 acc 0.9858 (1.944 secs)
lstm:LSTM_Maj_GenBase step 37700 lr 3.000e-04 [train] loss 0.0308 acc 0.9898 (1.794 secs)
lstm:LSTM_Maj_GenBase step 37800 lr 3.000e-04 [train] loss 0.0304 acc 0.9898 (1.809 secs)
lstm:LSTM_Maj_GenBase step 37900 lr 3.000e-04 [train] loss 0.0280 acc 0.9910 (1.792 secs)
lstm:LSTM_Maj_GenBase step 38000 lr 3.000e-04 [train] loss 0.0330 acc 0.9890 (1.947 secs)
Evaluating on val
lstm: LSTM_Maj_GenBase[val] loss 1.4399 acc 0.7008 (16.493 secs)

lstm:LSTM_Maj_GenBase step 38100 lr 3.000e-04 [train] loss 0.0314 acc 0.9904 (18.427 secs)
lstm:LSTM_Maj_GenBase step 38200 lr 3.000e-04 [train] loss 0.0295 acc 0.9909 (1.842 secs)
lstm:LSTM_Maj_GenBase step 38300 lr 3.000e-04 [train] loss 0.0386 acc 0.9869 (1.905 secs)
lstm:LSTM_Maj_GenBase step 38400 lr 3.000e-04 [train] loss 0.0325 acc 0.9896 (1.814 secs)
lstm:LSTM_Maj_GenBase step 38500 lr 3.000e-04 [train] loss 0.0343 acc 0.9903 (2.035 secs)
lstm:LSTM_Maj_GenBase step 38600 lr 3.000e-04 [train] loss 0.0341 acc 0.9889 (1.909 secs)
lstm:LSTM_Maj_GenBase step 38700 lr 3.000e-04 [train] loss 0.0290 acc 0.9902 (1.792 secs)
lstm:LSTM_Maj_GenBase step 38800 lr 3.000e-04 [train] loss 0.0303 acc 0.9904 (1.823 secs)
lstm:LSTM_Maj_GenBase step 38900 lr 3.000e-04 [train] loss 0.0330 acc 0.9891 (1.754 secs)
lstm:LSTM_Maj_GenBase step 39000 lr 3.000e-04 [train] loss 0.0346 acc 0.9892 (1.774 secs)
Evaluating on val
lstm: LSTM_Maj_GenBase[val] loss 1.3379 acc 0.7150 (16.500 secs)

Early Stopping!
lstm:LSTM_Maj_GenBase step 39100 lr 3.000e-04 [train] loss 0.0334 acc 0.9894 (18.462 secs)
lstm:LSTM_Maj_GenBase step 39200 lr 3.000e-04 [train] loss 0.0309 acc 0.9902 (1.856 secs)
lstm:LSTM_Maj_GenBase step 39300 lr 3.000e-04 [train] loss 0.0263 acc 0.9918 (1.732 secs)
lstm:LSTM_Maj_GenBase step 39400 lr 3.000e-04 [train] loss 0.0379 acc 0.9870 (1.808 secs)
lstm:LSTM_Maj_GenBase step 39500 lr 3.000e-04 [train] loss 0.0361 acc 0.9889 (1.943 secs)
lstm:LSTM_Maj_GenBase step 39600 lr 3.000e-04 [train] loss 0.0293 acc 0.9901 (1.817 secs)
lstm:LSTM_Maj_GenBase step 39700 lr 3.000e-04 [train] loss 0.0281 acc 0.9907 (1.744 secs)
lstm:LSTM_Maj_GenBase step 39800 lr 3.000e-04 [train] loss 0.0325 acc 0.9895 (1.829 secs)
lstm:LSTM_Maj_GenBase step 39900 lr 3.000e-04 [train] loss 0.0295 acc 0.9905 (1.758 secs)
lstm:LSTM_Maj_GenBase step 40000 lr 3.000e-04 [train] loss 0.0294 acc 0.9907 (1.876 secs)
Evaluating on val
lstm: LSTM_Maj_GenBase[val] loss 1.4943 acc 0.7014 (16.474 secs)

lstm:LSTM_Maj_GenBase step 40100 lr 3.000e-04 [train] loss 0.0270 acc 0.9920 (18.390 secs)
lstm:LSTM_Maj_GenBase step 40200 lr 3.000e-04 [train] loss 0.0329 acc 0.9893 (1.849 secs)
lstm:LSTM_Maj_GenBase step 40300 lr 3.000e-04 [train] loss 0.0327 acc 0.9889 (1.830 secs)
lstm:LSTM_Maj_GenBase step 40400 lr 3.000e-04 [train] loss 0.0277 acc 0.9911 (1.760 secs)
lstm:LSTM_Maj_GenBase step 40500 lr 3.000e-04 [train] loss 0.0270 acc 0.9910 (1.766 secs)
lstm:LSTM_Maj_GenBase step 40600 lr 3.000e-04 [train] loss 0.0259 acc 0.9909 (1.802 secs)
lstm:LSTM_Maj_GenBase step 40700 lr 3.000e-04 [train] loss 0.0284 acc 0.9910 (1.887 secs)
lstm:LSTM_Maj_GenBase step 40800 lr 3.000e-04 [train] loss 0.0261 acc 0.9920 (1.813 secs)
lstm:LSTM_Maj_GenBase step 40900 lr 3.000e-04 [train] loss 0.0408 acc 0.9866 (1.812 secs)
lstm:LSTM_Maj_GenBase step 41000 lr 3.000e-04 [train] loss 0.0306 acc 0.9904 (1.796 secs)
Evaluating on val
lstm: LSTM_Maj_GenBase[val] loss 1.6036 acc 0.6865 (16.501 secs)

lstm:LSTM_Maj_GenBase step 41100 lr 3.000e-04 [train] loss 0.0296 acc 0.9908 (18.486 secs)
lstm:LSTM_Maj_GenBase step 41200 lr 3.000e-04 [train] loss 0.0330 acc 0.9884 (1.970 secs)
lstm:LSTM_Maj_GenBase step 41300 lr 3.000e-04 [train] loss 0.0340 acc 0.9892 (1.899 secs)
lstm:LSTM_Maj_GenBase step 41400 lr 3.000e-04 [train] loss 0.0266 acc 0.9917 (1.740 secs)
lstm:LSTM_Maj_GenBase step 41500 lr 3.000e-04 [train] loss 0.0310 acc 0.9892 (1.880 secs)
lstm:LSTM_Maj_GenBase step 41600 lr 3.000e-04 [train] loss 0.0280 acc 0.9915 (1.749 secs)
lstm:LSTM_Maj_GenBase step 41700 lr 3.000e-04 [train] loss 0.0227 acc 0.9936 (1.882 secs)
lstm:LSTM_Maj_GenBase step 41800 lr 3.000e-04 [train] loss 0.0300 acc 0.9905 (1.906 secs)
lstm:LSTM_Maj_GenBase step 41900 lr 3.000e-04 [train] loss 0.0312 acc 0.9908 (1.922 secs)
lstm:LSTM_Maj_GenBase step 42000 lr 3.000e-04 [train] loss 0.0320 acc 0.9888 (1.876 secs)
Evaluating on val
lstm: LSTM_Maj_GenBase[val] loss 1.5075 acc 0.6978 (16.483 secs)

lstm:LSTM_Maj_GenBase step 42100 lr 3.000e-04 [train] loss 0.0252 acc 0.9914 (18.475 secs)
lstm:LSTM_Maj_GenBase step 42200 lr 3.000e-04 [train] loss 0.0249 acc 0.9927 (1.792 secs)
lstm:LSTM_Maj_GenBase step 42300 lr 3.000e-04 [train] loss 0.0279 acc 0.9916 (1.773 secs)
lstm:LSTM_Maj_GenBase step 42400 lr 3.000e-04 [train] loss 0.0292 acc 0.9899 (1.876 secs)
lstm:LSTM_Maj_GenBase step 42500 lr 3.000e-04 [train] loss 0.0254 acc 0.9918 (1.744 secs)
lstm:LSTM_Maj_GenBase step 42600 lr 3.000e-04 [train] loss 0.0251 acc 0.9921 (1.788 secs)
lstm:LSTM_Maj_GenBase step 42700 lr 3.000e-04 [train] loss 0.0276 acc 0.9905 (1.800 secs)
lstm:LSTM_Maj_GenBase step 42800 lr 3.000e-04 [train] loss 0.0358 acc 0.9884 (2.024 secs)
lstm:LSTM_Maj_GenBase step 42900 lr 3.000e-04 [train] loss 0.0294 acc 0.9898 (1.830 secs)
lstm:LSTM_Maj_GenBase step 43000 lr 3.000e-04 [train] loss 0.0336 acc 0.9880 (1.850 secs)
Evaluating on val
lstm: LSTM_Maj_GenBase[val] loss 1.4606 acc 0.7016 (16.492 secs)

lstm:LSTM_Maj_GenBase step 43100 lr 3.000e-04 [train] loss 0.0272 acc 0.9913 (18.411 secs)
lstm:LSTM_Maj_GenBase step 43200 lr 3.000e-04 [train] loss 0.0261 acc 0.9914 (1.920 secs)
lstm:LSTM_Maj_GenBase step 43300 lr 3.000e-04 [train] loss 0.0256 acc 0.9924 (1.785 secs)
lstm:LSTM_Maj_GenBase step 43400 lr 3.000e-04 [train] loss 0.0240 acc 0.9927 (1.743 secs)
lstm:LSTM_Maj_GenBase step 43500 lr 3.000e-04 [train] loss 0.0328 acc 0.9895 (1.869 secs)
lstm:LSTM_Maj_GenBase step 43600 lr 3.000e-04 [train] loss 0.0262 acc 0.9909 (1.738 secs)
lstm:LSTM_Maj_GenBase step 43700 lr 3.000e-04 [train] loss 0.0286 acc 0.9905 (1.755 secs)
lstm:LSTM_Maj_GenBase step 43800 lr 3.000e-04 [train] loss 0.0280 acc 0.9903 (1.858 secs)
lstm:LSTM_Maj_GenBase step 43900 lr 3.000e-04 [train] loss 0.0313 acc 0.9901 (1.899 secs)
lstm:LSTM_Maj_GenBase step 44000 lr 3.000e-04 [train] loss 0.0279 acc 0.9923 (1.986 secs)
Evaluating on val
lstm: LSTM_Maj_GenBase[val] loss 1.2984 acc 0.7233 (16.490 secs)

Early Stopping!
lstm:LSTM_Maj_GenBase step 44100 lr 3.000e-04 [train] loss 0.0264 acc 0.9911 (18.374 secs)
lstm:LSTM_Maj_GenBase step 44200 lr 3.000e-04 [train] loss 0.0272 acc 0.9908 (1.787 secs)
lstm:LSTM_Maj_GenBase step 44300 lr 3.000e-04 [train] loss 0.0296 acc 0.9900 (2.062 secs)
lstm:LSTM_Maj_GenBase step 44400 lr 3.000e-04 [train] loss 0.0315 acc 0.9898 (1.902 secs)
lstm:LSTM_Maj_GenBase step 44500 lr 3.000e-04 [train] loss 0.0251 acc 0.9920 (1.802 secs)
lstm:LSTM_Maj_GenBase step 44600 lr 3.000e-04 [train] loss 0.0299 acc 0.9901 (1.916 secs)
lstm:LSTM_Maj_GenBase step 44700 lr 3.000e-04 [train] loss 0.0191 acc 0.9933 (1.665 secs)
lstm:LSTM_Maj_GenBase step 44800 lr 3.000e-04 [train] loss 0.0295 acc 0.9904 (1.853 secs)
lstm:LSTM_Maj_GenBase step 44900 lr 3.000e-04 [train] loss 0.0202 acc 0.9940 (1.713 secs)
lstm:LSTM_Maj_GenBase step 45000 lr 3.000e-04 [train] loss 0.0338 acc 0.9885 (1.942 secs)
Evaluating on val
lstm: LSTM_Maj_GenBase[val] loss 1.5822 acc 0.6917 (16.484 secs)

lstm:LSTM_Maj_GenBase step 45100 lr 3.000e-04 [train] loss 0.0232 acc 0.9930 (18.342 secs)
lstm:LSTM_Maj_GenBase step 45200 lr 3.000e-04 [train] loss 0.0263 acc 0.9922 (1.812 secs)
lstm:LSTM_Maj_GenBase step 45300 lr 3.000e-04 [train] loss 0.0267 acc 0.9913 (1.845 secs)
lstm:LSTM_Maj_GenBase step 45400 lr 3.000e-04 [train] loss 0.0252 acc 0.9920 (1.958 secs)
lstm:LSTM_Maj_GenBase step 45500 lr 3.000e-04 [train] loss 0.0218 acc 0.9927 (1.747 secs)
lstm:LSTM_Maj_GenBase step 45600 lr 3.000e-04 [train] loss 0.0224 acc 0.9929 (1.775 secs)
lstm:LSTM_Maj_GenBase step 45700 lr 3.000e-04 [train] loss 0.0212 acc 0.9938 (1.821 secs)
lstm:LSTM_Maj_GenBase step 45800 lr 3.000e-04 [train] loss 0.0197 acc 0.9932 (1.660 secs)
lstm:LSTM_Maj_GenBase step 45900 lr 3.000e-04 [train] loss 0.0276 acc 0.9905 (1.792 secs)
lstm:LSTM_Maj_GenBase step 46000 lr 3.000e-04 [train] loss 0.0304 acc 0.9894 (1.932 secs)
Evaluating on val
lstm: LSTM_Maj_GenBase[val] loss 1.4483 acc 0.7094 (16.496 secs)

lstm:LSTM_Maj_GenBase step 46100 lr 3.000e-04 [train] loss 0.0201 acc 0.9935 (18.328 secs)
lstm:LSTM_Maj_GenBase step 46200 lr 3.000e-04 [train] loss 0.0246 acc 0.9927 (1.798 secs)
lstm:LSTM_Maj_GenBase step 46300 lr 3.000e-04 [train] loss 0.0243 acc 0.9923 (1.745 secs)
lstm:LSTM_Maj_GenBase step 46400 lr 3.000e-04 [train] loss 0.0259 acc 0.9917 (1.884 secs)
lstm:LSTM_Maj_GenBase step 46500 lr 3.000e-04 [train] loss 0.0270 acc 0.9916 (1.838 secs)
lstm:LSTM_Maj_GenBase step 46600 lr 3.000e-04 [train] loss 0.0314 acc 0.9896 (1.827 secs)
lstm:LSTM_Maj_GenBase step 46700 lr 3.000e-04 [train] loss 0.0223 acc 0.9930 (1.807 secs)
lstm:LSTM_Maj_GenBase step 46800 lr 3.000e-04 [train] loss 0.0233 acc 0.9927 (1.746 secs)
lstm:LSTM_Maj_GenBase step 46900 lr 3.000e-04 [train] loss 0.0292 acc 0.9902 (1.862 secs)
lstm:LSTM_Maj_GenBase step 47000 lr 3.000e-04 [train] loss 0.0250 acc 0.9919 (1.685 secs)
Evaluating on val
lstm: LSTM_Maj_GenBase[val] loss 1.6808 acc 0.6836 (16.503 secs)

lstm:LSTM_Maj_GenBase step 47100 lr 3.000e-04 [train] loss 0.0197 acc 0.9941 (18.366 secs)
lstm:LSTM_Maj_GenBase step 47200 lr 3.000e-04 [train] loss 0.0221 acc 0.9933 (1.807 secs)
lstm:LSTM_Maj_GenBase step 47300 lr 3.000e-04 [train] loss 0.0227 acc 0.9929 (1.821 secs)
lstm:LSTM_Maj_GenBase step 47400 lr 3.000e-04 [train] loss 0.0247 acc 0.9916 (1.913 secs)
lstm:LSTM_Maj_GenBase step 47500 lr 3.000e-04 [train] loss 0.0260 acc 0.9913 (1.830 secs)
lstm:LSTM_Maj_GenBase step 47600 lr 3.000e-04 [train] loss 0.0222 acc 0.9937 (1.862 secs)
lstm:LSTM_Maj_GenBase step 47700 lr 3.000e-04 [train] loss 0.0287 acc 0.9905 (1.885 secs)
lstm:LSTM_Maj_GenBase step 47800 lr 3.000e-04 [train] loss 0.0227 acc 0.9927 (1.747 secs)
lstm:LSTM_Maj_GenBase step 47900 lr 3.000e-04 [train] loss 0.0234 acc 0.9921 (1.709 secs)
lstm:LSTM_Maj_GenBase step 48000 lr 3.000e-04 [train] loss 0.0297 acc 0.9886 (1.867 secs)
Evaluating on val
lstm: LSTM_Maj_GenBase[val] loss 1.4946 acc 0.6999 (16.470 secs)

lstm:LSTM_Maj_GenBase step 48100 lr 3.000e-04 [train] loss 0.0240 acc 0.9920 (18.451 secs)
lstm:LSTM_Maj_GenBase step 48200 lr 3.000e-04 [train] loss 0.0245 acc 0.9920 (1.836 secs)
lstm:LSTM_Maj_GenBase step 48300 lr 3.000e-04 [train] loss 0.0252 acc 0.9923 (1.781 secs)
lstm:LSTM_Maj_GenBase step 48400 lr 3.000e-04 [train] loss 0.0266 acc 0.9915 (1.767 secs)
lstm:LSTM_Maj_GenBase step 48500 lr 3.000e-04 [train] loss 0.0235 acc 0.9924 (1.679 secs)
lstm:LSTM_Maj_GenBase step 48600 lr 3.000e-04 [train] loss 0.0235 acc 0.9920 (1.761 secs)
lstm:LSTM_Maj_GenBase step 48700 lr 3.000e-04 [train] loss 0.0203 acc 0.9941 (1.887 secs)
lstm:LSTM_Maj_GenBase step 48800 lr 3.000e-04 [train] loss 0.0282 acc 0.9907 (1.784 secs)
lstm:LSTM_Maj_GenBase step 48900 lr 3.000e-04 [train] loss 0.0322 acc 0.9891 (1.885 secs)
lstm:LSTM_Maj_GenBase step 49000 lr 3.000e-04 [train] loss 0.0180 acc 0.9947 (1.783 secs)
Evaluating on val
lstm: LSTM_Maj_GenBase[val] loss 1.5271 acc 0.7011 (16.477 secs)

lstm:LSTM_Maj_GenBase step 49100 lr 3.000e-04 [train] loss 0.0231 acc 0.9927 (18.571 secs)
lstm:LSTM_Maj_GenBase step 49200 lr 3.000e-04 [train] loss 0.0229 acc 0.9928 (1.812 secs)
lstm:LSTM_Maj_GenBase step 49300 lr 3.000e-04 [train] loss 0.0269 acc 0.9909 (1.766 secs)
lstm:LSTM_Maj_GenBase step 49400 lr 3.000e-04 [train] loss 0.0266 acc 0.9911 (1.849 secs)
lstm:LSTM_Maj_GenBase step 49500 lr 3.000e-04 [train] loss 0.0225 acc 0.9930 (1.710 secs)
lstm:LSTM_Maj_GenBase step 49600 lr 3.000e-04 [train] loss 0.0150 acc 0.9954 (1.650 secs)
lstm:LSTM_Maj_GenBase step 49700 lr 3.000e-04 [train] loss 0.0222 acc 0.9928 (1.884 secs)
lstm:LSTM_Maj_GenBase step 49800 lr 3.000e-04 [train] loss 0.0303 acc 0.9895 (2.062 secs)
lstm:LSTM_Maj_GenBase step 49900 lr 3.000e-04 [train] loss 0.0226 acc 0.9925 (1.672 secs)
lstm:LSTM_Maj_GenBase step 50000 lr 3.000e-04 [train] loss 0.0265 acc 0.9916 (1.816 secs)
Evaluating on val
lstm: LSTM_Maj_GenBase[val] loss 1.5888 acc 0.6949 (16.480 secs)

lstm:LSTM_Maj_GenBase step 50100 lr 3.000e-04 [train] loss 0.0279 acc 0.9909 (18.491 secs)
lstm:LSTM_Maj_GenBase step 50200 lr 3.000e-04 [train] loss 0.0255 acc 0.9912 (1.966 secs)
lstm:LSTM_Maj_GenBase step 50300 lr 3.000e-04 [train] loss 0.0248 acc 0.9927 (1.859 secs)
lstm:LSTM_Maj_GenBase step 50400 lr 3.000e-04 [train] loss 0.0293 acc 0.9898 (1.900 secs)
lstm:LSTM_Maj_GenBase step 50500 lr 3.000e-04 [train] loss 0.0205 acc 0.9944 (1.927 secs)
lstm:LSTM_Maj_GenBase step 50600 lr 3.000e-04 [train] loss 0.0224 acc 0.9925 (1.741 secs)
lstm:LSTM_Maj_GenBase step 50700 lr 3.000e-04 [train] loss 0.0219 acc 0.9926 (1.812 secs)
lstm:LSTM_Maj_GenBase step 50800 lr 3.000e-04 [train] loss 0.0278 acc 0.9916 (2.044 secs)
lstm:LSTM_Maj_GenBase step 50900 lr 3.000e-04 [train] loss 0.0205 acc 0.9934 (1.840 secs)
lstm:LSTM_Maj_GenBase step 51000 lr 3.000e-04 [train] loss 0.0280 acc 0.9910 (1.846 secs)
Evaluating on val
lstm: LSTM_Maj_GenBase[val] loss 1.5198 acc 0.7029 (16.503 secs)

lstm:LSTM_Maj_GenBase step 51100 lr 3.000e-04 [train] loss 0.0212 acc 0.9933 (18.379 secs)
lstm:LSTM_Maj_GenBase step 51200 lr 3.000e-04 [train] loss 0.0203 acc 0.9938 (1.973 secs)
lstm:LSTM_Maj_GenBase step 51300 lr 3.000e-04 [train] loss 0.0209 acc 0.9931 (1.911 secs)
lstm:LSTM_Maj_GenBase step 51400 lr 3.000e-04 [train] loss 0.0197 acc 0.9938 (1.783 secs)
lstm:LSTM_Maj_GenBase step 51500 lr 3.000e-04 [train] loss 0.0208 acc 0.9933 (1.661 secs)
lstm:LSTM_Maj_GenBase step 51600 lr 3.000e-04 [train] loss 0.0316 acc 0.9894 (1.980 secs)
lstm:LSTM_Maj_GenBase step 51700 lr 3.000e-04 [train] loss 0.0213 acc 0.9926 (1.758 secs)
lstm:LSTM_Maj_GenBase step 51800 lr 3.000e-04 [train] loss 0.0223 acc 0.9931 (1.732 secs)
lstm:LSTM_Maj_GenBase step 51900 lr 3.000e-04 [train] loss 0.0247 acc 0.9927 (1.991 secs)
lstm:LSTM_Maj_GenBase step 52000 lr 3.000e-04 [train] loss 0.0263 acc 0.9913 (1.831 secs)
Evaluating on val
lstm: LSTM_Maj_GenBase[val] loss 1.4392 acc 0.7131 (16.485 secs)

lstm:LSTM_Maj_GenBase step 52100 lr 3.000e-04 [train] loss 0.0274 acc 0.9911 (18.483 secs)
lstm:LSTM_Maj_GenBase step 52200 lr 3.000e-04 [train] loss 0.0189 acc 0.9940 (1.705 secs)
lstm:LSTM_Maj_GenBase step 52300 lr 3.000e-04 [train] loss 0.0262 acc 0.9922 (1.904 secs)
lstm:LSTM_Maj_GenBase step 52400 lr 3.000e-04 [train] loss 0.0261 acc 0.9917 (1.793 secs)
lstm:LSTM_Maj_GenBase step 52500 lr 3.000e-04 [train] loss 0.0200 acc 0.9938 (1.761 secs)
lstm:LSTM_Maj_GenBase step 52600 lr 3.000e-04 [train] loss 0.0267 acc 0.9909 (1.784 secs)
lstm:LSTM_Maj_GenBase step 52700 lr 3.000e-04 [train] loss 0.0263 acc 0.9920 (1.795 secs)
lstm:LSTM_Maj_GenBase step 52800 lr 3.000e-04 [train] loss 0.0249 acc 0.9916 (1.835 secs)
lstm:LSTM_Maj_GenBase step 52900 lr 3.000e-04 [train] loss 0.0226 acc 0.9930 (1.809 secs)
lstm:LSTM_Maj_GenBase step 53000 lr 3.000e-04 [train] loss 0.0206 acc 0.9939 (1.930 secs)
Evaluating on val
lstm: LSTM_Maj_GenBase[val] loss 1.6558 acc 0.6938 (16.494 secs)

lstm:LSTM_Maj_GenBase step 53100 lr 3.000e-04 [train] loss 0.0196 acc 0.9940 (18.502 secs)
lstm:LSTM_Maj_GenBase step 53200 lr 3.000e-04 [train] loss 0.0187 acc 0.9939 (1.873 secs)
lstm:LSTM_Maj_GenBase step 53300 lr 3.000e-04 [train] loss 0.0191 acc 0.9941 (1.789 secs)
lstm:LSTM_Maj_GenBase step 53400 lr 3.000e-04 [train] loss 0.0244 acc 0.9927 (1.897 secs)
lstm:LSTM_Maj_GenBase step 53500 lr 3.000e-04 [train] loss 0.0259 acc 0.9921 (1.794 secs)
lstm:LSTM_Maj_GenBase step 53600 lr 3.000e-04 [train] loss 0.0279 acc 0.9902 (1.898 secs)
lstm:LSTM_Maj_GenBase step 53700 lr 3.000e-04 [train] loss 0.0294 acc 0.9901 (1.944 secs)
lstm:LSTM_Maj_GenBase step 53800 lr 3.000e-04 [train] loss 0.0198 acc 0.9933 (1.759 secs)
lstm:LSTM_Maj_GenBase step 53900 lr 3.000e-04 [train] loss 0.0298 acc 0.9904 (1.879 secs)
lstm:LSTM_Maj_GenBase step 54000 lr 3.000e-04 [train] loss 0.0263 acc 0.9909 (1.754 secs)
Evaluating on val
lstm: LSTM_Maj_GenBase[val] loss 1.6204 acc 0.6906 (16.472 secs)

lstm:LSTM_Maj_GenBase step 54100 lr 3.000e-04 [train] loss 0.0227 acc 0.9926 (18.372 secs)
lstm:LSTM_Maj_GenBase step 54200 lr 3.000e-04 [train] loss 0.0239 acc 0.9918 (1.898 secs)
lstm:LSTM_Maj_GenBase step 54300 lr 3.000e-04 [train] loss 0.0213 acc 0.9936 (1.842 secs)
lstm:LSTM_Maj_GenBase step 54400 lr 3.000e-04 [train] loss 0.0172 acc 0.9945 (1.752 secs)
lstm:LSTM_Maj_GenBase step 54500 lr 3.000e-04 [train] loss 0.0184 acc 0.9943 (1.935 secs)
lstm:LSTM_Maj_GenBase step 54600 lr 3.000e-04 [train] loss 0.0219 acc 0.9929 (1.857 secs)
lstm:LSTM_Maj_GenBase step 54700 lr 3.000e-04 [train] loss 0.0234 acc 0.9923 (1.854 secs)
lstm:LSTM_Maj_GenBase step 54800 lr 3.000e-04 [train] loss 0.0186 acc 0.9938 (1.791 secs)
lstm:LSTM_Maj_GenBase step 54900 lr 3.000e-04 [train] loss 0.0185 acc 0.9942 (1.792 secs)
lstm:LSTM_Maj_GenBase step 55000 lr 3.000e-04 [train] loss 0.0184 acc 0.9940 (1.694 secs)
Evaluating on val
lstm: LSTM_Maj_GenBase[val] loss 1.4796 acc 0.7123 (16.482 secs)

lstm:LSTM_Maj_GenBase step 55100 lr 3.000e-04 [train] loss 0.0194 acc 0.9935 (18.409 secs)
lstm:LSTM_Maj_GenBase step 55200 lr 3.000e-04 [train] loss 0.0244 acc 0.9925 (1.796 secs)
lstm:LSTM_Maj_GenBase step 55300 lr 3.000e-04 [train] loss 0.0277 acc 0.9909 (1.899 secs)
lstm:LSTM_Maj_GenBase step 55400 lr 3.000e-04 [train] loss 0.0263 acc 0.9918 (1.930 secs)
lstm:LSTM_Maj_GenBase step 55500 lr 3.000e-04 [train] loss 0.0144 acc 0.9962 (1.623 secs)
lstm:LSTM_Maj_GenBase step 55600 lr 3.000e-04 [train] loss 0.0174 acc 0.9948 (1.933 secs)
lstm:LSTM_Maj_GenBase step 55700 lr 3.000e-04 [train] loss 0.0231 acc 0.9927 (1.791 secs)
lstm:LSTM_Maj_GenBase step 55800 lr 3.000e-04 [train] loss 0.0255 acc 0.9916 (1.840 secs)
lstm:LSTM_Maj_GenBase step 55900 lr 3.000e-04 [train] loss 0.0232 acc 0.9927 (1.787 secs)
lstm:LSTM_Maj_GenBase step 56000 lr 3.000e-04 [train] loss 0.0230 acc 0.9927 (1.786 secs)
Evaluating on val
lstm: LSTM_Maj_GenBase[val] loss 1.6436 acc 0.6924 (16.490 secs)

lstm:LSTM_Maj_GenBase step 56100 lr 3.000e-04 [train] loss 0.0176 acc 0.9944 (18.454 secs)
lstm:LSTM_Maj_GenBase step 56200 lr 3.000e-04 [train] loss 0.0230 acc 0.9917 (1.831 secs)
lstm:LSTM_Maj_GenBase step 56300 lr 3.000e-04 [train] loss 0.0200 acc 0.9945 (1.879 secs)
lstm:LSTM_Maj_GenBase step 56400 lr 3.000e-04 [train] loss 0.0235 acc 0.9919 (1.742 secs)
lstm:LSTM_Maj_GenBase step 56500 lr 3.000e-04 [train] loss 0.0213 acc 0.9934 (1.822 secs)
lstm:LSTM_Maj_GenBase step 56600 lr 3.000e-04 [train] loss 0.0205 acc 0.9928 (1.892 secs)
lstm:LSTM_Maj_GenBase step 56700 lr 3.000e-04 [train] loss 0.0203 acc 0.9934 (1.911 secs)
lstm:LSTM_Maj_GenBase step 56800 lr 3.000e-04 [train] loss 0.0242 acc 0.9915 (1.745 secs)
lstm:LSTM_Maj_GenBase step 56900 lr 3.000e-04 [train] loss 0.0211 acc 0.9935 (1.748 secs)
lstm:LSTM_Maj_GenBase step 57000 lr 3.000e-04 [train] loss 0.0243 acc 0.9927 (1.959 secs)
Evaluating on val
lstm: LSTM_Maj_GenBase[val] loss 1.9530 acc 0.6682 (16.475 secs)

lstm:LSTM_Maj_GenBase step 57100 lr 3.000e-04 [train] loss 0.0209 acc 0.9927 (18.357 secs)
lstm:LSTM_Maj_GenBase step 57200 lr 3.000e-04 [train] loss 0.0201 acc 0.9933 (1.803 secs)
lstm:LSTM_Maj_GenBase step 57300 lr 3.000e-04 [train] loss 0.0199 acc 0.9945 (1.673 secs)
lstm:LSTM_Maj_GenBase step 57400 lr 3.000e-04 [train] loss 0.0191 acc 0.9936 (1.709 secs)
lstm:LSTM_Maj_GenBase step 57500 lr 3.000e-04 [train] loss 0.0199 acc 0.9939 (1.835 secs)
lstm:LSTM_Maj_GenBase step 57600 lr 3.000e-04 [train] loss 0.0217 acc 0.9930 (1.843 secs)
lstm:LSTM_Maj_GenBase step 57700 lr 3.000e-04 [train] loss 0.0224 acc 0.9931 (1.904 secs)
lstm:LSTM_Maj_GenBase step 57800 lr 3.000e-04 [train] loss 0.0263 acc 0.9918 (1.981 secs)
lstm:LSTM_Maj_GenBase step 57900 lr 3.000e-04 [train] loss 0.0193 acc 0.9942 (1.810 secs)
lstm:LSTM_Maj_GenBase step 58000 lr 3.000e-04 [train] loss 0.0203 acc 0.9938 (1.745 secs)
Evaluating on val
lstm: LSTM_Maj_GenBase[val] loss 1.6682 acc 0.6945 (16.509 secs)

lstm:LSTM_Maj_GenBase step 58100 lr 3.000e-04 [train] loss 0.0166 acc 0.9943 (18.404 secs)
lstm:LSTM_Maj_GenBase step 58200 lr 3.000e-04 [train] loss 0.0198 acc 0.9937 (1.943 secs)
lstm:LSTM_Maj_GenBase step 58300 lr 3.000e-04 [train] loss 0.0208 acc 0.9931 (1.994 secs)
lstm:LSTM_Maj_GenBase step 58400 lr 3.000e-04 [train] loss 0.0212 acc 0.9937 (1.966 secs)
lstm:LSTM_Maj_GenBase step 58500 lr 3.000e-04 [train] loss 0.0234 acc 0.9920 (1.875 secs)
lstm:LSTM_Maj_GenBase step 58600 lr 3.000e-04 [train] loss 0.0180 acc 0.9943 (1.725 secs)
lstm:LSTM_Maj_GenBase step 58700 lr 3.000e-04 [train] loss 0.0168 acc 0.9948 (1.743 secs)
lstm:LSTM_Maj_GenBase step 58800 lr 3.000e-04 [train] loss 0.0302 acc 0.9878 (1.906 secs)
lstm:LSTM_Maj_GenBase step 58900 lr 3.000e-04 [train] loss 0.0183 acc 0.9941 (1.915 secs)
lstm:LSTM_Maj_GenBase step 59000 lr 3.000e-04 [train] loss 0.0272 acc 0.9912 (1.879 secs)
Evaluating on val
lstm: LSTM_Maj_GenBase[val] loss 1.4627 acc 0.7134 (16.494 secs)

lstm:LSTM_Maj_GenBase step 59100 lr 3.000e-04 [train] loss 0.0160 acc 0.9947 (18.230 secs)
lstm:LSTM_Maj_GenBase step 59200 lr 3.000e-04 [train] loss 0.0210 acc 0.9934 (1.858 secs)
lstm:LSTM_Maj_GenBase step 59300 lr 3.000e-04 [train] loss 0.0201 acc 0.9929 (1.786 secs)
lstm:LSTM_Maj_GenBase step 59400 lr 3.000e-04 [train] loss 0.0211 acc 0.9923 (1.870 secs)
lstm:LSTM_Maj_GenBase step 59500 lr 3.000e-04 [train] loss 0.0146 acc 0.9955 (1.687 secs)
lstm:LSTM_Maj_GenBase step 59600 lr 3.000e-04 [train] loss 0.0125 acc 0.9966 (1.741 secs)
lstm:LSTM_Maj_GenBase step 59700 lr 3.000e-04 [train] loss 0.0155 acc 0.9959 (1.760 secs)
lstm:LSTM_Maj_GenBase step 59800 lr 3.000e-04 [train] loss 0.0138 acc 0.9956 (1.656 secs)
lstm:LSTM_Maj_GenBase step 59900 lr 3.000e-04 [train] loss 0.0191 acc 0.9934 (1.846 secs)
lstm:LSTM_Maj_GenBase step 60000 lr 3.000e-04 [train] loss 0.0204 acc 0.9929 (1.868 secs)
Evaluating on val
lstm: LSTM_Maj_GenBase[val] loss 1.6369 acc 0.6976 (16.464 secs)

lstm:LSTM_Maj_GenBase step 60100 lr 3.000e-04 [train] loss 0.0151 acc 0.9952 (18.332 secs)
lstm:LSTM_Maj_GenBase step 60200 lr 3.000e-04 [train] loss 0.0163 acc 0.9948 (1.750 secs)
lstm:LSTM_Maj_GenBase step 60300 lr 3.000e-04 [train] loss 0.0177 acc 0.9945 (1.741 secs)
lstm:LSTM_Maj_GenBase step 60400 lr 3.000e-04 [train] loss 0.0204 acc 0.9936 (1.933 secs)
lstm:LSTM_Maj_GenBase step 60500 lr 3.000e-04 [train] loss 0.0205 acc 0.9934 (1.694 secs)
lstm:LSTM_Maj_GenBase step 60600 lr 3.000e-04 [train] loss 0.0227 acc 0.9917 (1.776 secs)
lstm:LSTM_Maj_GenBase step 60700 lr 3.000e-04 [train] loss 0.0278 acc 0.9912 (1.917 secs)
lstm:LSTM_Maj_GenBase step 60800 lr 3.000e-04 [train] loss 0.0214 acc 0.9930 (1.859 secs)
lstm:LSTM_Maj_GenBase step 60900 lr 3.000e-04 [train] loss 0.0219 acc 0.9937 (1.797 secs)
lstm:LSTM_Maj_GenBase step 61000 lr 3.000e-04 [train] loss 0.0231 acc 0.9931 (1.930 secs)
Evaluating on val
lstm: LSTM_Maj_GenBase[val] loss 1.6725 acc 0.6944 (16.491 secs)

lstm:LSTM_Maj_GenBase step 61100 lr 3.000e-04 [train] loss 0.0182 acc 0.9945 (18.371 secs)
lstm:LSTM_Maj_GenBase step 61200 lr 3.000e-04 [train] loss 0.0219 acc 0.9930 (1.860 secs)
lstm:LSTM_Maj_GenBase step 61300 lr 3.000e-04 [train] loss 0.0163 acc 0.9954 (1.714 secs)
